#
# There is insufficient memory for the Java Runtime Environment to continue.
# Native memory allocation (malloc) failed to allocate 1991456 bytes for Chunk::new
# Possible reasons:
#   The system is out of physical RAM or swap space
#   The process is running with CompressedOops enabled, and the Java Heap may be blocking the growth of the native heap
# Possible solutions:
#   Reduce memory load on the system
#   Increase physical memory or swap space
#   Check if swap backing store is full
#   Decrease Java heap size (-Xmx/-Xms)
#   Decrease number of Java threads
#   Decrease Java thread stack sizes (-Xss)
#   Set larger code cache with -XX:ReservedCodeCacheSize=
#   JVM is running with Unscaled Compressed Oops mode in which the Java heap is
#     placed in the first 4GB address space. The Java Heap base address is the
#     maximum limit for the native heap growth. Please use -XX:HeapBaseMinAddress
#     to set the Java Heap base and to place the Java Heap above 4GB virtual address.
# This output file may be truncated or incomplete.
#
#  Out of Memory Error (arena.cpp:189), pid=14316, tid=13852
#
# JRE version: OpenJDK Runtime Environment (17.0.6) (build 17.0.6+0-b2043.56-10027231)
# Java VM: OpenJDK 64-Bit Server VM (17.0.6+0-b2043.56-10027231, mixed mode, tiered, compressed oops, compressed class ptrs, g1 gc, windows-amd64)
# No core dump will be written. Minidumps are not enabled by default on client versions of Windows
#

---------------  S U M M A R Y ------------

Command Line: --add-opens=java.base/java.util=ALL-UNNAMED --add-opens=java.base/java.lang=ALL-UNNAMED --add-opens=java.base/java.lang.invoke=ALL-UNNAMED --add-opens=java.base/java.util=ALL-UNNAMED --add-opens=java.prefs/java.util.prefs=ALL-UNNAMED --add-opens=java.prefs/java.util.prefs=ALL-UNNAMED --add-opens=java.base/java.nio.charset=ALL-UNNAMED --add-opens=java.base/java.net=ALL-UNNAMED --add-opens=java.base/java.util.concurrent.atomic=ALL-UNNAMED -Xmx2048m -Dfile.encoding=UTF-8 -Duser.country=US -Duser.language=en -Duser.variant org.gradle.launcher.daemon.bootstrap.GradleDaemon 7.5

Host: Intel(R) Core(TM) i5-3470 CPU @ 3.20GHz, 4 cores, 7G,  Windows 10 , 64 bit Build 19041 (10.0.19041.3155)
Time: Sat Sep  2 12:04:11 2023 India Standard Time elapsed time: 24.348977 seconds (0d 0h 0m 24s)

---------------  T H R E A D  ---------------

Current thread (0x000001e151bb2a70):  JavaThread "C2 CompilerThread1" daemon [_thread_in_native, id=13852, stack(0x000000200bd00000,0x000000200be00000)]


Current CompileTask:
C2:  24349 13952       4       org.gradle.api.internal.attributes.DefaultAttributesSchema$DefaultAttributeMatcher::matches (17 bytes)

Stack: [0x000000200bd00000,0x000000200be00000]
Native frames: (J=compiled Java code, j=interpreted, Vv=VM code, C=native code)
V  [jvm.dll+0x683c9a]
V  [jvm.dll+0x8427a4]
V  [jvm.dll+0x843f9e]
V  [jvm.dll+0x844603]
V  [jvm.dll+0x249b75]
V  [jvm.dll+0xabcac]
V  [jvm.dll+0xac27c]
V  [jvm.dll+0x368857]
V  [jvm.dll+0x332f31]
V  [jvm.dll+0x3323da]
V  [jvm.dll+0x21c201]
V  [jvm.dll+0x21b621]
V  [jvm.dll+0x1a4fdd]
V  [jvm.dll+0x22b098]
V  [jvm.dll+0x229159]
V  [jvm.dll+0x7f81ec]
V  [jvm.dll+0x7f274a]
V  [jvm.dll+0x682ad5]
C  [ucrtbase.dll+0x21bb2]
C  [KERNEL32.DLL+0x17614]
C  [ntdll.dll+0x526b1]


---------------  P R O C E S S  ---------------

Threads class SMR info:
_java_thread_list=0x000001e14b75aaa0, length=87, elements={
0x000001e130f9bea0, 0x000001e14a584620, 0x000001e14a585360, 0x000001e14a56f3e0,
0x000001e14a56fea0, 0x000001e14a570760, 0x000001e14a571020, 0x000001e14a599e70,
0x000001e14a59b780, 0x000001e14a59e480, 0x000001e14b196730, 0x000001e14b197010,
0x000001e14c9a3490, 0x000001e14d63c210, 0x000001e14cbc26e0, 0x000001e14d965df0,
0x000001e14d515690, 0x000001e14d583bc0, 0x000001e14c5cb3e0, 0x000001e14c5cb8b0,
0x000001e14cbbcbf0, 0x000001e14cbbbd80, 0x000001e14cbbaf10, 0x000001e14cbbd0c0,
0x000001e14cbbb8b0, 0x000001e14cbbc250, 0x000001e14cbbc720, 0x000001e14cbb9700,
0x000001e14cbba0a0, 0x000001e14cbba570, 0x000001e14cbbaa40, 0x000001e14cbbb3e0,
0x000001e14dec6000, 0x000001e14dec0960, 0x000001e14dec4320, 0x000001e14debf150,
0x000001e14dec3980, 0x000001e14debfaf0, 0x000001e14dec5b30, 0x000001e14debffc0,
0x000001e14dec2170, 0x000001e14dec1300, 0x000001e14dec2fe0, 0x000001e14dec17d0,
0x000001e14dec1ca0, 0x000001e14dec3e50, 0x000001e14dec64d0, 0x000001e14dec47f0,
0x000001e14debec80, 0x000001e14dec2640, 0x000001e14dec34b0, 0x000001e14cbae080,
0x000001e14cbb0bd0, 0x000001e14cbae550, 0x000001e14cbb28b0, 0x000001e14cbadbb0,
0x000001e14cbb10a0, 0x000001e14cbab530, 0x000001e14cbb0700, 0x000001e14cbb23e0,
0x000001e14cbaf3c0, 0x000001e14cbb1570, 0x000001e14cbaea20, 0x000001e14cbac3a0,
0x000001e14cbad6e0, 0x000001e14cbad210, 0x000001e14cbabed0, 0x000001e14cbac870,
0x000001e14cbab060, 0x000001e14cbaeef0, 0x000001e14cbaf890, 0x000001e14cbacd40,
0x000001e14cbaba00, 0x000001e14cbafd60, 0x000001e14cbb0230, 0x000001e14cbb1a40,
0x000001e14cbb1f10, 0x000001e1517670b0, 0x000001e1517658a0, 0x000001e151761a10,
0x000001e151763220, 0x000001e1517623b0, 0x000001e151766be0, 0x000001e151764f00,
0x000001e151765d70, 0x000001e1517653d0, 0x000001e151bb2a70
}

Java Threads: ( => current thread )
  0x000001e130f9bea0 JavaThread "main" [_thread_blocked, id=812, stack(0x0000002009a00000,0x0000002009b00000)]
  0x000001e14a584620 JavaThread "Reference Handler" daemon [_thread_blocked, id=12164, stack(0x000000200a100000,0x000000200a200000)]
  0x000001e14a585360 JavaThread "Finalizer" daemon [_thread_blocked, id=1076, stack(0x000000200a200000,0x000000200a300000)]
  0x000001e14a56f3e0 JavaThread "Signal Dispatcher" daemon [_thread_blocked, id=5396, stack(0x000000200a300000,0x000000200a400000)]
  0x000001e14a56fea0 JavaThread "Attach Listener" daemon [_thread_blocked, id=13960, stack(0x000000200a400000,0x000000200a500000)]
  0x000001e14a570760 JavaThread "Service Thread" daemon [_thread_blocked, id=8988, stack(0x000000200a500000,0x000000200a600000)]
  0x000001e14a571020 JavaThread "Monitor Deflation Thread" daemon [_thread_blocked, id=7856, stack(0x000000200a600000,0x000000200a700000)]
  0x000001e14a599e70 JavaThread "C2 CompilerThread0" daemon [_thread_in_native, id=2940, stack(0x000000200a700000,0x000000200a800000)]
  0x000001e14a59b780 JavaThread "C1 CompilerThread0" daemon [_thread_blocked, id=5788, stack(0x000000200a800000,0x000000200a900000)]
  0x000001e14a59e480 JavaThread "Sweeper thread" daemon [_thread_blocked, id=3996, stack(0x000000200a900000,0x000000200aa00000)]
  0x000001e14b196730 JavaThread "Common-Cleaner" daemon [_thread_blocked, id=14156, stack(0x000000200aa00000,0x000000200ab00000)]
  0x000001e14b197010 JavaThread "Notification Thread" daemon [_thread_blocked, id=4548, stack(0x000000200ab00000,0x000000200ac00000)]
  0x000001e14c9a3490 JavaThread "Daemon health stats" [_thread_blocked, id=8172, stack(0x000000200b100000,0x000000200b200000)]
  0x000001e14d63c210 JavaThread "Incoming local TCP Connector on port 49191" [_thread_in_native, id=10584, stack(0x000000200ad00000,0x000000200ae00000)]
  0x000001e14cbc26e0 JavaThread "Daemon periodic checks" [_thread_blocked, id=2284, stack(0x000000200b200000,0x000000200b300000)]
  0x000001e14d965df0 JavaThread "Daemon" [_thread_blocked, id=9728, stack(0x000000200b300000,0x000000200b400000)]
  0x000001e14d515690 JavaThread "Handler for socket connection from /127.0.0.1:49191 to /127.0.0.1:49192" [_thread_in_native, id=11100, stack(0x000000200b400000,0x000000200b500000)]
  0x000001e14d583bc0 JavaThread "Cancel handler" [_thread_blocked, id=10620, stack(0x000000200b500000,0x000000200b600000)]
  0x000001e14c5cb3e0 JavaThread "Daemon worker" [_thread_in_Java, id=5348, stack(0x000000200b600000,0x000000200b700000)]
  0x000001e14c5cb8b0 JavaThread "Asynchronous log dispatcher for DefaultDaemonConnection: socket connection from /127.0.0.1:49191 to /127.0.0.1:49192" [_thread_blocked, id=11388, stack(0x000000200b700000,0x000000200b800000)]
  0x000001e14cbbcbf0 JavaThread "Stdin handler" [_thread_blocked, id=11652, stack(0x000000200b800000,0x000000200b900000)]
  0x000001e14cbbbd80 JavaThread "Daemon client event forwarder" [_thread_blocked, id=13860, stack(0x000000200b900000,0x000000200ba00000)]
  0x000001e14cbbaf10 JavaThread "Cache worker for journal cache (C:\Users\Sir\.gradle\caches\journal-1)" [_thread_blocked, id=11032, stack(0x000000200ba00000,0x000000200bb00000)]
  0x000001e14cbbd0c0 JavaThread "File lock request listener" [_thread_in_native, id=12696, stack(0x000000200bb00000,0x000000200bc00000)]
  0x000001e14cbbb8b0 JavaThread "Cache worker for file hash cache (C:\Users\Sir\.gradle\caches\7.5\fileHashes)" [_thread_blocked, id=6604, stack(0x000000200bc00000,0x000000200bd00000)]
  0x000001e14cbbc250 JavaThread "File watcher server" daemon [_thread_in_native, id=10320, stack(0x000000200be00000,0x000000200bf00000)]
  0x000001e14cbbc720 JavaThread "File watcher consumer" daemon [_thread_blocked, id=10448, stack(0x000000200bf00000,0x000000200c000000)]
  0x000001e14cbb9700 JavaThread "jar transforms" [_thread_blocked, id=2144, stack(0x000000200c000000,0x000000200c100000)]
  0x000001e14cbba0a0 JavaThread "jar transforms Thread 2" [_thread_blocked, id=13328, stack(0x000000200c100000,0x000000200c200000)]
  0x000001e14cbba570 JavaThread "jar transforms Thread 3" [_thread_blocked, id=8380, stack(0x000000200c200000,0x000000200c300000)]
  0x000001e14cbbaa40 JavaThread "jar transforms Thread 4" [_thread_blocked, id=13344, stack(0x000000200c300000,0x000000200c400000)]
  0x000001e14cbbb3e0 JavaThread "Cache worker for checksums cache (G:\App\Account\Hardik\Ads Depedency\Ads Library\.gradle\7.5\checksums)" [_thread_blocked, id=11236, stack(0x000000200c400000,0x000000200c500000)]
  0x000001e14dec6000 JavaThread "Cache worker for cache directory md-rule (C:\Users\Sir\.gradle\caches\7.5\md-rule)" [_thread_blocked, id=6688, stack(0x000000200c500000,0x000000200c600000)]
  0x000001e14dec0960 JavaThread "Cache worker for file content cache (C:\Users\Sir\.gradle\caches\7.5\fileContent)" [_thread_blocked, id=6080, stack(0x000000200c600000,0x000000200c700000)]
  0x000001e14dec4320 JavaThread "Cache worker for file hash cache (G:\App\Account\Hardik\Ads Depedency\Ads Library\.gradle\7.5\fileHashes)" [_thread_blocked, id=8216, stack(0x000000200c700000,0x000000200c800000)]
  0x000001e14debf150 JavaThread "Cache worker for cache directory md-supplier (C:\Users\Sir\.gradle\caches\7.5\md-supplier)" [_thread_blocked, id=11188, stack(0x000000200c800000,0x000000200c900000)]
  0x000001e14dec3980 JavaThread "Cache worker for execution history cache (C:\Users\Sir\.gradle\caches\7.5\executionHistory)" [_thread_blocked, id=6340, stack(0x000000200c900000,0x000000200ca00000)]
  0x000001e14debfaf0 JavaThread "Cache worker for dependencies-accessors (G:\App\Account\Hardik\Ads Depedency\Ads Library\.gradle\7.5\dependencies-accessors)" [_thread_blocked, id=3648, stack(0x000000200ca00000,0x000000200cb00000)]
  0x000001e14dec5b30 JavaThread "Cache worker for Build Output Cleanup Cache (G:\App\Account\Hardik\Ads Depedency\Ads Library\.gradle\buildOutputCleanup)" [_thread_blocked, id=8116, stack(0x000000200cb00000,0x000000200cc00000)]
  0x000001e14debffc0 JavaThread "Unconstrained build operations" [_thread_blocked, id=10076, stack(0x000000200cc00000,0x000000200cd00000)]
  0x000001e14dec2170 JavaThread "Unconstrained build operations Thread 2" [_thread_blocked, id=10144, stack(0x000000200cd00000,0x000000200ce00000)]
  0x000001e14dec1300 JavaThread "Unconstrained build operations Thread 3" [_thread_blocked, id=14060, stack(0x000000200ce00000,0x000000200cf00000)]
  0x000001e14dec2fe0 JavaThread "Unconstrained build operations Thread 4" [_thread_blocked, id=5280, stack(0x000000200cf00000,0x000000200d000000)]
  0x000001e14dec17d0 JavaThread "Unconstrained build operations Thread 5" [_thread_blocked, id=11112, stack(0x000000200d000000,0x000000200d100000)]
  0x000001e14dec1ca0 JavaThread "Unconstrained build operations Thread 6" [_thread_blocked, id=9940, stack(0x000000200d100000,0x000000200d200000)]
  0x000001e14dec3e50 JavaThread "Unconstrained build operations Thread 7" [_thread_blocked, id=12616, stack(0x000000200d200000,0x000000200d300000)]
  0x000001e14dec64d0 JavaThread "Unconstrained build operations Thread 8" [_thread_blocked, id=928, stack(0x000000200d300000,0x000000200d400000)]
  0x000001e14dec47f0 JavaThread "Unconstrained build operations Thread 9" [_thread_blocked, id=9240, stack(0x000000200d400000,0x000000200d500000)]
  0x000001e14debec80 JavaThread "Unconstrained build operations Thread 10" [_thread_blocked, id=10976, stack(0x000000200d500000,0x000000200d600000)]
  0x000001e14dec2640 JavaThread "Unconstrained build operations Thread 11" [_thread_blocked, id=9884, stack(0x000000200d600000,0x000000200d700000)]
  0x000001e14dec34b0 JavaThread "Unconstrained build operations Thread 12" [_thread_blocked, id=3444, stack(0x000000200d700000,0x000000200d800000)]
  0x000001e14cbae080 JavaThread "Unconstrained build operations Thread 13" [_thread_blocked, id=284, stack(0x000000200d800000,0x000000200d900000)]
  0x000001e14cbb0bd0 JavaThread "Unconstrained build operations Thread 14" [_thread_blocked, id=4724, stack(0x000000200d900000,0x000000200da00000)]
  0x000001e14cbae550 JavaThread "Unconstrained build operations Thread 15" [_thread_blocked, id=9756, stack(0x000000200da00000,0x000000200db00000)]
  0x000001e14cbb28b0 JavaThread "Unconstrained build operations Thread 16" [_thread_blocked, id=3832, stack(0x000000200db00000,0x000000200dc00000)]
  0x000001e14cbadbb0 JavaThread "Unconstrained build operations Thread 17" [_thread_blocked, id=6880, stack(0x000000200dc00000,0x000000200dd00000)]
  0x000001e14cbb10a0 JavaThread "Unconstrained build operations Thread 18" [_thread_blocked, id=8444, stack(0x000000200dd00000,0x000000200de00000)]
  0x000001e14cbab530 JavaThread "Unconstrained build operations Thread 19" [_thread_blocked, id=13296, stack(0x000000200de00000,0x000000200df00000)]
  0x000001e14cbb0700 JavaThread "Unconstrained build operations Thread 20" [_thread_blocked, id=12688, stack(0x000000200df00000,0x000000200e000000)]
  0x000001e14cbb23e0 JavaThread "Unconstrained build operations Thread 21" [_thread_blocked, id=9180, stack(0x000000200e000000,0x000000200e100000)]
  0x000001e14cbaf3c0 JavaThread "Unconstrained build operations Thread 22" [_thread_blocked, id=9712, stack(0x000000200e100000,0x000000200e200000)]
  0x000001e14cbb1570 JavaThread "Unconstrained build operations Thread 23" [_thread_blocked, id=1348, stack(0x000000200e200000,0x000000200e300000)]
  0x000001e14cbaea20 JavaThread "Unconstrained build operations Thread 24" [_thread_blocked, id=4388, stack(0x000000200e300000,0x000000200e400000)]
  0x000001e14cbac3a0 JavaThread "Unconstrained build operations Thread 25" [_thread_blocked, id=10876, stack(0x000000200e400000,0x000000200e500000)]
  0x000001e14cbad6e0 JavaThread "Unconstrained build operations Thread 26" [_thread_blocked, id=8816, stack(0x000000200e500000,0x000000200e600000)]
  0x000001e14cbad210 JavaThread "Unconstrained build operations Thread 27" [_thread_blocked, id=3152, stack(0x000000200e600000,0x000000200e700000)]
  0x000001e14cbabed0 JavaThread "Unconstrained build operations Thread 28" [_thread_blocked, id=11992, stack(0x000000200e700000,0x000000200e800000)]
  0x000001e14cbac870 JavaThread "Unconstrained build operations Thread 29" [_thread_blocked, id=68, stack(0x000000200e800000,0x000000200e900000)]
  0x000001e14cbab060 JavaThread "Unconstrained build operations Thread 30" [_thread_blocked, id=10912, stack(0x000000200e900000,0x000000200ea00000)]
  0x000001e14cbaeef0 JavaThread "Unconstrained build operations Thread 31" [_thread_blocked, id=2316, stack(0x000000200ea00000,0x000000200eb00000)]
  0x000001e14cbaf890 JavaThread "Unconstrained build operations Thread 32" [_thread_blocked, id=5536, stack(0x000000200eb00000,0x000000200ec00000)]
  0x000001e14cbacd40 JavaThread "Unconstrained build operations Thread 33" [_thread_blocked, id=5712, stack(0x000000200ec00000,0x000000200ed00000)]
  0x000001e14cbaba00 JavaThread "Unconstrained build operations Thread 34" [_thread_blocked, id=9552, stack(0x000000200ed00000,0x000000200ee00000)]
  0x000001e14cbafd60 JavaThread "Unconstrained build operations Thread 35" [_thread_blocked, id=11688, stack(0x000000200ee00000,0x000000200ef00000)]
  0x000001e14cbb0230 JavaThread "Unconstrained build operations Thread 36" [_thread_blocked, id=684, stack(0x000000200ef00000,0x000000200f000000)]
  0x000001e14cbb1a40 JavaThread "Unconstrained build operations Thread 37" [_thread_blocked, id=5368, stack(0x000000200f000000,0x000000200f100000)]
  0x000001e14cbb1f10 JavaThread "Unconstrained build operations Thread 38" [_thread_blocked, id=11888, stack(0x000000200f100000,0x000000200f200000)]
  0x000001e1517670b0 JavaThread "Unconstrained build operations Thread 39" [_thread_blocked, id=13236, stack(0x000000200f200000,0x000000200f300000)]
  0x000001e1517658a0 JavaThread "Unconstrained build operations Thread 40" [_thread_blocked, id=8100, stack(0x000000200f300000,0x000000200f400000)]
  0x000001e151761a10 JavaThread "Memory manager" [_thread_blocked, id=10500, stack(0x000000200f400000,0x000000200f500000)]
  0x000001e151763220 JavaThread "included builds" [_thread_blocked, id=8092, stack(0x000000200f700000,0x000000200f800000)]
  0x000001e1517623b0 JavaThread "Execution worker" [_thread_blocked, id=12176, stack(0x000000200f800000,0x000000200f900000)]
  0x000001e151766be0 JavaThread "Execution worker Thread 2" [_thread_blocked, id=8504, stack(0x000000200f900000,0x000000200fa00000)]
  0x000001e151764f00 JavaThread "Execution worker Thread 3" [_thread_blocked, id=7976, stack(0x000000200fa00000,0x000000200fb00000)]
  0x000001e151765d70 JavaThread "Cache worker for execution history cache (G:\App\Account\Hardik\Ads Depedency\Ads Library\.gradle\7.5\executionHistory)" [_thread_blocked, id=6548, stack(0x000000200fb00000,0x000000200fc00000)]
  0x000001e1517653d0 JavaThread "idea-tooling-model-converter" [_thread_blocked, id=5388, stack(0x000000200fc00000,0x000000200fd00000)]
=>0x000001e151bb2a70 JavaThread "C2 CompilerThread1" daemon [_thread_in_native, id=13852, stack(0x000000200bd00000,0x000000200be00000)]

Other Threads:
  0x000001e14a55f650 VMThread "VM Thread" [stack: 0x000000200a000000,0x000000200a100000] [id=10636]
  0x000001e14b194400 WatcherThread [stack: 0x000000200ac00000,0x000000200ad00000] [id=13348]
  0x000001e130ff5d70 GCTaskThread "GC Thread#0" [stack: 0x0000002009b00000,0x0000002009c00000] [id=13956]
  0x000001e14b41a0a0 GCTaskThread "GC Thread#1" [stack: 0x000000200ae00000,0x000000200af00000] [id=13888]
  0x000001e14b8ec4b0 GCTaskThread "GC Thread#2" [stack: 0x000000200af00000,0x000000200b000000] [id=13988]
  0x000001e14bf9cd30 GCTaskThread "GC Thread#3" [stack: 0x000000200b000000,0x000000200b100000] [id=2996]
  0x000001e131006a60 ConcurrentGCThread "G1 Main Marker" [stack: 0x0000002009c00000,0x0000002009d00000] [id=2900]
  0x000001e1310079c0 ConcurrentGCThread "G1 Conc#0" [stack: 0x0000002009d00000,0x0000002009e00000] [id=11276]
  0x000001e13106d380 ConcurrentGCThread "G1 Refine#0" [stack: 0x0000002009e00000,0x0000002009f00000] [id=10424]
  0x000001e13106db50 ConcurrentGCThread "G1 Service" [stack: 0x0000002009f00000,0x000000200a000000] [id=3704]

Threads with active compile tasks:
C2 CompilerThread0    24370 13950       4       org.gradle.internal.component.model.ComponentAttributeMatcher::match (259 bytes)
C2 CompilerThread1    24370 13952       4       org.gradle.api.internal.attributes.DefaultAttributesSchema$DefaultAttributeMatcher::matches (17 bytes)

VM state: not at safepoint (normal execution)

VM Mutex/Monitor currently owned by a thread: None

Heap address: 0x0000000080000000, size: 2048 MB, Compressed Oops mode: 32-bit

CDS archive(s) not mapped
Compressed class space mapped at: 0x0000000100000000-0x0000000140000000, reserved size: 1073741824
Narrow klass base: 0x0000000000000000, Narrow klass shift: 3, Narrow klass range: 0x140000000

GC Precious Log:
 CPUs: 4 total, 4 available
 Memory: 8065M
 Large Page Support: Disabled
 NUMA Support: Disabled
 Compressed Oops: Enabled (32-bit)
 Heap Region Size: 1M
 Heap Min Capacity: 8M
 Heap Initial Capacity: 128M
 Heap Max Capacity: 2G
 Pre-touch: Disabled
 Parallel Workers: 4
 Concurrent Workers: 1
 Concurrent Refinement Workers: 4
 Periodic GC: Disabled

Heap:
 garbage-first heap   total 304128K, used 223887K [0x0000000080000000, 0x0000000100000000)
  region size 1024K, 50 young (51200K), 7 survivors (7168K)
 Metaspace       used 110912K, committed 112064K, reserved 1146880K
  class space    used 14933K, committed 15424K, reserved 1048576K

Heap Regions: E=young(eden), S=young(survivor), O=old, HS=humongous(starts), HC=humongous(continues), CS=collection set, F=free, OA=open archive, CA=closed archive, TAMS=top-at-mark-start (previous, next)
|   0|0x0000000080000000, 0x0000000080100000, 0x0000000080100000|100%|HS|  |TAMS 0x0000000080100000, 0x0000000080000000| Complete 
|   1|0x0000000080100000, 0x0000000080200000, 0x0000000080200000|100%|HC|  |TAMS 0x0000000080200000, 0x0000000080100000| Complete 
|   2|0x0000000080200000, 0x0000000080300000, 0x0000000080300000|100%|HC|  |TAMS 0x0000000080300000, 0x0000000080200000| Complete 
|   3|0x0000000080300000, 0x0000000080400000, 0x0000000080400000|100%| O|  |TAMS 0x0000000080400000, 0x0000000080300000| Untracked 
|   4|0x0000000080400000, 0x0000000080500000, 0x0000000080500000|100%| O|  |TAMS 0x0000000080500000, 0x0000000080400000| Untracked 
|   5|0x0000000080500000, 0x0000000080600000, 0x0000000080600000|100%| O|  |TAMS 0x0000000080600000, 0x0000000080500000| Untracked 
|   6|0x0000000080600000, 0x0000000080700000, 0x0000000080700000|100%| O|  |TAMS 0x0000000080700000, 0x0000000080600000| Untracked 
|   7|0x0000000080700000, 0x0000000080800000, 0x0000000080800000|100%| O|  |TAMS 0x0000000080800000, 0x0000000080700000| Untracked 
|   8|0x0000000080800000, 0x0000000080900000, 0x0000000080900000|100%| O|  |TAMS 0x0000000080900000, 0x0000000080800000| Untracked 
|   9|0x0000000080900000, 0x0000000080a00000, 0x0000000080a00000|100%| O|  |TAMS 0x0000000080a00000, 0x0000000080900000| Untracked 
|  10|0x0000000080a00000, 0x0000000080b00000, 0x0000000080b00000|100%| O|  |TAMS 0x0000000080b00000, 0x0000000080a00000| Untracked 
|  11|0x0000000080b00000, 0x0000000080c00000, 0x0000000080c00000|100%| O|  |TAMS 0x0000000080c00000, 0x0000000080b00000| Untracked 
|  12|0x0000000080c00000, 0x0000000080d00000, 0x0000000080d00000|100%| O|  |TAMS 0x0000000080d00000, 0x0000000080c00000| Untracked 
|  13|0x0000000080d00000, 0x0000000080e00000, 0x0000000080e00000|100%| O|  |TAMS 0x0000000080e00000, 0x0000000080d00000| Untracked 
|  14|0x0000000080e00000, 0x0000000080f00000, 0x0000000080f00000|100%| O|  |TAMS 0x0000000080f00000, 0x0000000080e00000| Untracked 
|  15|0x0000000080f00000, 0x0000000081000000, 0x0000000081000000|100%| O|  |TAMS 0x0000000081000000, 0x0000000080f00000| Untracked 
|  16|0x0000000081000000, 0x0000000081100000, 0x0000000081100000|100%| O|  |TAMS 0x0000000081100000, 0x0000000081000000| Untracked 
|  17|0x0000000081100000, 0x0000000081200000, 0x0000000081200000|100%| O|  |TAMS 0x0000000081200000, 0x0000000081100000| Untracked 
|  18|0x0000000081200000, 0x0000000081300000, 0x0000000081300000|100%|HS|  |TAMS 0x0000000081300000, 0x0000000081200000| Complete 
|  19|0x0000000081300000, 0x0000000081400000, 0x0000000081400000|100%|HC|  |TAMS 0x0000000081400000, 0x0000000081300000| Complete 
|  20|0x0000000081400000, 0x0000000081500000, 0x0000000081500000|100%|HS|  |TAMS 0x0000000081500000, 0x0000000081400000| Complete 
|  21|0x0000000081500000, 0x0000000081600000, 0x0000000081600000|100%|HC|  |TAMS 0x0000000081600000, 0x0000000081500000| Complete 
|  22|0x0000000081600000, 0x0000000081700000, 0x0000000081700000|100%|HC|  |TAMS 0x0000000081700000, 0x0000000081600000| Complete 
|  23|0x0000000081700000, 0x0000000081800000, 0x0000000081800000|100%| O|  |TAMS 0x0000000081800000, 0x0000000081700000| Untracked 
|  24|0x0000000081800000, 0x0000000081900000, 0x0000000081900000|100%| O|  |TAMS 0x0000000081900000, 0x0000000081800000| Untracked 
|  25|0x0000000081900000, 0x0000000081a00000, 0x0000000081a00000|100%| O|  |TAMS 0x0000000081a00000, 0x0000000081900000| Untracked 
|  26|0x0000000081a00000, 0x0000000081b00000, 0x0000000081b00000|100%|HS|  |TAMS 0x0000000081b00000, 0x0000000081a00000| Complete 
|  27|0x0000000081b00000, 0x0000000081c00000, 0x0000000081c00000|100%|HC|  |TAMS 0x0000000081c00000, 0x0000000081b00000| Complete 
|  28|0x0000000081c00000, 0x0000000081d00000, 0x0000000081d00000|100%|HC|  |TAMS 0x0000000081d00000, 0x0000000081c00000| Complete 
|  29|0x0000000081d00000, 0x0000000081e00000, 0x0000000081e00000|100%| O|  |TAMS 0x0000000081e00000, 0x0000000081d00000| Untracked 
|  30|0x0000000081e00000, 0x0000000081f00000, 0x0000000081f00000|100%|HS|  |TAMS 0x0000000081f00000, 0x0000000081e00000| Complete 
|  31|0x0000000081f00000, 0x0000000082000000, 0x0000000082000000|100%|HC|  |TAMS 0x0000000082000000, 0x0000000081f00000| Complete 
|  32|0x0000000082000000, 0x0000000082100000, 0x0000000082100000|100%|HC|  |TAMS 0x0000000082100000, 0x0000000082000000| Complete 
|  33|0x0000000082100000, 0x0000000082200000, 0x0000000082200000|100%|HC|  |TAMS 0x0000000082200000, 0x0000000082100000| Complete 
|  34|0x0000000082200000, 0x0000000082300000, 0x0000000082300000|100%|HC|  |TAMS 0x0000000082300000, 0x0000000082200000| Complete 
|  35|0x0000000082300000, 0x0000000082400000, 0x0000000082400000|100%|HC|  |TAMS 0x0000000082400000, 0x0000000082300000| Complete 
|  36|0x0000000082400000, 0x0000000082500000, 0x0000000082500000|100%|HC|  |TAMS 0x0000000082500000, 0x0000000082400000| Complete 
|  37|0x0000000082500000, 0x0000000082600000, 0x0000000082600000|100%|HC|  |TAMS 0x0000000082600000, 0x0000000082500000| Complete 
|  38|0x0000000082600000, 0x0000000082700000, 0x0000000082700000|100%|HC|  |TAMS 0x0000000082700000, 0x0000000082600000| Complete 
|  39|0x0000000082700000, 0x0000000082800000, 0x0000000082800000|100%|HC|  |TAMS 0x0000000082800000, 0x0000000082700000| Complete 
|  40|0x0000000082800000, 0x0000000082900000, 0x0000000082900000|100%|HC|  |TAMS 0x0000000082900000, 0x0000000082800000| Complete 
|  41|0x0000000082900000, 0x0000000082a00000, 0x0000000082a00000|100%|HC|  |TAMS 0x0000000082a00000, 0x0000000082900000| Complete 
|  42|0x0000000082a00000, 0x0000000082b00000, 0x0000000082b00000|100%| O|  |TAMS 0x0000000082b00000, 0x0000000082a00000| Untracked 
|  43|0x0000000082b00000, 0x0000000082c00000, 0x0000000082c00000|100%|HS|  |TAMS 0x0000000082c00000, 0x0000000082b00000| Complete 
|  44|0x0000000082c00000, 0x0000000082d00000, 0x0000000082d00000|100%|HC|  |TAMS 0x0000000082d00000, 0x0000000082c00000| Complete 
|  45|0x0000000082d00000, 0x0000000082e00000, 0x0000000082e00000|100%| O|  |TAMS 0x0000000082e00000, 0x0000000082d00000| Untracked 
|  46|0x0000000082e00000, 0x0000000082f00000, 0x0000000082f00000|100%| O|  |TAMS 0x0000000082f00000, 0x0000000082e00000| Untracked 
|  47|0x0000000082f00000, 0x0000000083000000, 0x0000000083000000|100%| O|  |TAMS 0x0000000083000000, 0x0000000082f00000| Untracked 
|  48|0x0000000083000000, 0x0000000083100000, 0x0000000083100000|100%| O|  |TAMS 0x0000000083100000, 0x0000000083000000| Untracked 
|  49|0x0000000083100000, 0x0000000083200000, 0x0000000083200000|100%| O|  |TAMS 0x0000000083200000, 0x0000000083100000| Untracked 
|  50|0x0000000083200000, 0x0000000083300000, 0x0000000083300000|100%| O|  |TAMS 0x0000000083300000, 0x0000000083200000| Untracked 
|  51|0x0000000083300000, 0x0000000083400000, 0x0000000083400000|100%| O|  |TAMS 0x0000000083400000, 0x0000000083300000| Untracked 
|  52|0x0000000083400000, 0x0000000083500000, 0x0000000083500000|100%| O|  |TAMS 0x0000000083500000, 0x0000000083400000| Untracked 
|  53|0x0000000083500000, 0x0000000083600000, 0x0000000083600000|100%|HS|  |TAMS 0x0000000083600000, 0x0000000083500000| Complete 
|  54|0x0000000083600000, 0x0000000083700000, 0x0000000083700000|100%|HC|  |TAMS 0x0000000083700000, 0x0000000083600000| Complete 
|  55|0x0000000083700000, 0x0000000083800000, 0x0000000083800000|100%|HC|  |TAMS 0x0000000083800000, 0x0000000083700000| Complete 
|  56|0x0000000083800000, 0x0000000083900000, 0x0000000083900000|100%| O|  |TAMS 0x0000000083900000, 0x0000000083800000| Untracked 
|  57|0x0000000083900000, 0x0000000083a00000, 0x0000000083a00000|100%| O|  |TAMS 0x0000000083a00000, 0x0000000083900000| Untracked 
|  58|0x0000000083a00000, 0x0000000083b00000, 0x0000000083b00000|100%|HS|  |TAMS 0x0000000083b00000, 0x0000000083a00000| Complete 
|  59|0x0000000083b00000, 0x0000000083c00000, 0x0000000083c00000|100%|HC|  |TAMS 0x0000000083c00000, 0x0000000083b00000| Complete 
|  60|0x0000000083c00000, 0x0000000083d00000, 0x0000000083d00000|100%|HC|  |TAMS 0x0000000083d00000, 0x0000000083c00000| Complete 
|  61|0x0000000083d00000, 0x0000000083e00000, 0x0000000083e00000|100%| O|  |TAMS 0x0000000083e00000, 0x0000000083d00000| Untracked 
|  62|0x0000000083e00000, 0x0000000083f00000, 0x0000000083f00000|100%| O|  |TAMS 0x0000000083f00000, 0x0000000083e00000| Untracked 
|  63|0x0000000083f00000, 0x0000000084000000, 0x0000000084000000|100%| O|  |TAMS 0x0000000084000000, 0x0000000083f00000| Untracked 
|  64|0x0000000084000000, 0x0000000084100000, 0x0000000084100000|100%| O|  |TAMS 0x0000000084100000, 0x0000000084000000| Untracked 
|  65|0x0000000084100000, 0x0000000084200000, 0x0000000084200000|100%| O|  |TAMS 0x0000000084200000, 0x0000000084100000| Untracked 
|  66|0x0000000084200000, 0x0000000084300000, 0x0000000084300000|100%| O|  |TAMS 0x0000000084300000, 0x0000000084200000| Untracked 
|  67|0x0000000084300000, 0x0000000084400000, 0x0000000084400000|100%| O|  |TAMS 0x0000000084400000, 0x0000000084300000| Untracked 
|  68|0x0000000084400000, 0x0000000084500000, 0x0000000084500000|100%|HS|  |TAMS 0x0000000084500000, 0x0000000084400000| Complete 
|  69|0x0000000084500000, 0x0000000084600000, 0x0000000084600000|100%|HS|  |TAMS 0x0000000084600000, 0x0000000084500000| Complete 
|  70|0x0000000084600000, 0x0000000084700000, 0x0000000084700000|100%| O|  |TAMS 0x0000000084700000, 0x0000000084600000| Untracked 
|  71|0x0000000084700000, 0x0000000084800000, 0x0000000084800000|100%| O|  |TAMS 0x0000000084800000, 0x0000000084700000| Untracked 
|  72|0x0000000084800000, 0x0000000084900000, 0x0000000084900000|100%| O|  |TAMS 0x0000000084900000, 0x0000000084800000| Untracked 
|  73|0x0000000084900000, 0x0000000084a00000, 0x0000000084a00000|100%| O|  |TAMS 0x0000000084a00000, 0x0000000084900000| Untracked 
|  74|0x0000000084a00000, 0x0000000084b00000, 0x0000000084b00000|100%| O|  |TAMS 0x0000000084b00000, 0x0000000084a00000| Untracked 
|  75|0x0000000084b00000, 0x0000000084c00000, 0x0000000084c00000|100%| O|  |TAMS 0x0000000084c00000, 0x0000000084b00000| Untracked 
|  76|0x0000000084c00000, 0x0000000084d00000, 0x0000000084d00000|100%| O|  |TAMS 0x0000000084d00000, 0x0000000084c00000| Untracked 
|  77|0x0000000084d00000, 0x0000000084e00000, 0x0000000084e00000|100%| O|  |TAMS 0x0000000084e00000, 0x0000000084d00000| Untracked 
|  78|0x0000000084e00000, 0x0000000084f00000, 0x0000000084f00000|100%| O|  |TAMS 0x0000000084f00000, 0x0000000084e00000| Untracked 
|  79|0x0000000084f00000, 0x0000000085000000, 0x0000000085000000|100%| O|  |TAMS 0x0000000085000000, 0x0000000084f00000| Untracked 
|  80|0x0000000085000000, 0x0000000085100000, 0x0000000085100000|100%| O|  |TAMS 0x0000000085100000, 0x0000000085000000| Untracked 
|  81|0x0000000085100000, 0x0000000085200000, 0x0000000085200000|100%| O|  |TAMS 0x0000000085200000, 0x0000000085100000| Untracked 
|  82|0x0000000085200000, 0x0000000085300000, 0x0000000085300000|100%| O|  |TAMS 0x0000000085300000, 0x0000000085200000| Untracked 
|  83|0x0000000085300000, 0x0000000085400000, 0x0000000085400000|100%| O|  |TAMS 0x0000000085400000, 0x0000000085300000| Untracked 
|  84|0x0000000085400000, 0x0000000085500000, 0x0000000085500000|100%| O|  |TAMS 0x0000000085500000, 0x0000000085400000| Untracked 
|  85|0x0000000085500000, 0x0000000085600000, 0x0000000085600000|100%| O|  |TAMS 0x0000000085600000, 0x0000000085500000| Untracked 
|  86|0x0000000085600000, 0x0000000085700000, 0x0000000085700000|100%| O|  |TAMS 0x0000000085700000, 0x0000000085600000| Untracked 
|  87|0x0000000085700000, 0x0000000085800000, 0x0000000085800000|100%| O|  |TAMS 0x0000000085800000, 0x0000000085700000| Untracked 
|  88|0x0000000085800000, 0x0000000085900000, 0x0000000085900000|100%| O|  |TAMS 0x0000000085900000, 0x0000000085800000| Untracked 
|  89|0x0000000085900000, 0x0000000085a00000, 0x0000000085a00000|100%| O|  |TAMS 0x0000000085a00000, 0x0000000085900000| Untracked 
|  90|0x0000000085a00000, 0x0000000085b00000, 0x0000000085b00000|100%| O|  |TAMS 0x0000000085b00000, 0x0000000085a00000| Untracked 
|  91|0x0000000085b00000, 0x0000000085c00000, 0x0000000085c00000|100%| O|  |TAMS 0x0000000085c00000, 0x0000000085b00000| Untracked 
|  92|0x0000000085c00000, 0x0000000085d00000, 0x0000000085d00000|100%| O|  |TAMS 0x0000000085d00000, 0x0000000085c00000| Untracked 
|  93|0x0000000085d00000, 0x0000000085e00000, 0x0000000085e00000|100%| O|  |TAMS 0x0000000085e00000, 0x0000000085d00000| Untracked 
|  94|0x0000000085e00000, 0x0000000085f00000, 0x0000000085f00000|100%| O|  |TAMS 0x0000000085f00000, 0x0000000085e00000| Untracked 
|  95|0x0000000085f00000, 0x0000000086000000, 0x0000000086000000|100%| O|  |TAMS 0x0000000086000000, 0x0000000085f00000| Untracked 
|  96|0x0000000086000000, 0x0000000086100000, 0x0000000086100000|100%| O|  |TAMS 0x0000000086100000, 0x0000000086000000| Untracked 
|  97|0x0000000086100000, 0x0000000086200000, 0x0000000086200000|100%| O|  |TAMS 0x0000000086200000, 0x0000000086100000| Untracked 
|  98|0x0000000086200000, 0x0000000086300000, 0x0000000086300000|100%| O|  |TAMS 0x0000000086300000, 0x0000000086200000| Untracked 
|  99|0x0000000086300000, 0x0000000086400000, 0x0000000086400000|100%| O|  |TAMS 0x0000000086400000, 0x0000000086300000| Untracked 
| 100|0x0000000086400000, 0x0000000086500000, 0x0000000086500000|100%| O|  |TAMS 0x0000000086500000, 0x0000000086400000| Untracked 
| 101|0x0000000086500000, 0x0000000086600000, 0x0000000086600000|100%| O|  |TAMS 0x0000000086600000, 0x0000000086500000| Untracked 
| 102|0x0000000086600000, 0x0000000086700000, 0x0000000086700000|100%| O|  |TAMS 0x0000000086700000, 0x0000000086600000| Untracked 
| 103|0x0000000086700000, 0x0000000086800000, 0x0000000086800000|100%| O|  |TAMS 0x0000000086800000, 0x0000000086700000| Untracked 
| 104|0x0000000086800000, 0x0000000086900000, 0x0000000086900000|100%| O|  |TAMS 0x0000000086900000, 0x0000000086800000| Untracked 
| 105|0x0000000086900000, 0x0000000086a00000, 0x0000000086a00000|100%| O|  |TAMS 0x0000000086a00000, 0x0000000086900000| Untracked 
| 106|0x0000000086a00000, 0x0000000086b00000, 0x0000000086b00000|100%| O|  |TAMS 0x0000000086b00000, 0x0000000086a00000| Untracked 
| 107|0x0000000086b00000, 0x0000000086c00000, 0x0000000086c00000|100%| O|  |TAMS 0x0000000086c00000, 0x0000000086b00000| Untracked 
| 108|0x0000000086c00000, 0x0000000086d00000, 0x0000000086d00000|100%| O|  |TAMS 0x0000000086d00000, 0x0000000086c00000| Untracked 
| 109|0x0000000086d00000, 0x0000000086e00000, 0x0000000086e00000|100%| O|  |TAMS 0x0000000086e00000, 0x0000000086d00000| Untracked 
| 110|0x0000000086e00000, 0x0000000086f00000, 0x0000000086f00000|100%| O|  |TAMS 0x0000000086f00000, 0x0000000086e00000| Untracked 
| 111|0x0000000086f00000, 0x0000000087000000, 0x0000000087000000|100%| O|  |TAMS 0x0000000086f00000, 0x0000000086f00000| Untracked 
| 112|0x0000000087000000, 0x0000000087100000, 0x0000000087100000|100%| O|  |TAMS 0x0000000087100000, 0x0000000087000000| Untracked 
| 113|0x0000000087100000, 0x0000000087200000, 0x0000000087200000|100%|HS|  |TAMS 0x0000000087200000, 0x0000000087100000| Complete 
| 114|0x0000000087200000, 0x0000000087300000, 0x0000000087300000|100%|HC|  |TAMS 0x0000000087300000, 0x0000000087200000| Complete 
| 115|0x0000000087300000, 0x0000000087400000, 0x0000000087400000|100%|HS|  |TAMS 0x0000000087400000, 0x0000000087300000| Complete 
| 116|0x0000000087400000, 0x0000000087500000, 0x0000000087500000|100%|HC|  |TAMS 0x0000000087500000, 0x0000000087400000| Complete 
| 117|0x0000000087500000, 0x0000000087600000, 0x0000000087600000|100%|HC|  |TAMS 0x0000000087600000, 0x0000000087500000| Complete 
| 118|0x0000000087600000, 0x0000000087700000, 0x0000000087700000|100%|HS|  |TAMS 0x0000000087700000, 0x0000000087600000| Complete 
| 119|0x0000000087700000, 0x0000000087800000, 0x0000000087800000|100%|HC|  |TAMS 0x0000000087800000, 0x0000000087700000| Complete 
| 120|0x0000000087800000, 0x0000000087900000, 0x0000000087900000|100%|HC|  |TAMS 0x0000000087900000, 0x0000000087800000| Complete 
| 121|0x0000000087900000, 0x0000000087a00000, 0x0000000087a00000|100%| O|  |TAMS 0x0000000087a00000, 0x0000000087900000| Untracked 
| 122|0x0000000087a00000, 0x0000000087b00000, 0x0000000087b00000|100%| O|  |TAMS 0x0000000087b00000, 0x0000000087a00000| Untracked 
| 123|0x0000000087b00000, 0x0000000087c00000, 0x0000000087c00000|100%| O|  |TAMS 0x0000000087c00000, 0x0000000087b00000| Untracked 
| 124|0x0000000087c00000, 0x0000000087d00000, 0x0000000087d00000|100%| O|  |TAMS 0x0000000087d00000, 0x0000000087c00000| Untracked 
| 125|0x0000000087d00000, 0x0000000087e00000, 0x0000000087e00000|100%| O|  |TAMS 0x0000000087e00000, 0x0000000087d00000| Untracked 
| 126|0x0000000087e00000, 0x0000000087f00000, 0x0000000087f00000|100%| O|  |TAMS 0x0000000087f00000, 0x0000000087e00000| Untracked 
| 127|0x0000000087f00000, 0x0000000088000000, 0x0000000088000000|100%| O|  |TAMS 0x0000000088000000, 0x0000000087f00000| Untracked 
| 128|0x0000000088000000, 0x0000000088100000, 0x0000000088100000|100%| O|  |TAMS 0x0000000088100000, 0x0000000088000000| Untracked 
| 129|0x0000000088100000, 0x0000000088200000, 0x0000000088200000|100%| O|  |TAMS 0x0000000088200000, 0x0000000088100000| Untracked 
| 130|0x0000000088200000, 0x0000000088300000, 0x0000000088300000|100%| O|  |TAMS 0x0000000088300000, 0x0000000088200000| Untracked 
| 131|0x0000000088300000, 0x0000000088400000, 0x0000000088400000|100%| O|  |TAMS 0x0000000088400000, 0x0000000088300000| Untracked 
| 132|0x0000000088400000, 0x0000000088500000, 0x0000000088500000|100%| O|  |TAMS 0x0000000088500000, 0x0000000088400000| Untracked 
| 133|0x0000000088500000, 0x0000000088600000, 0x0000000088600000|100%| O|  |TAMS 0x0000000088600000, 0x0000000088500000| Untracked 
| 134|0x0000000088600000, 0x0000000088700000, 0x0000000088700000|100%| O|  |TAMS 0x0000000088700000, 0x0000000088600000| Untracked 
| 135|0x0000000088700000, 0x0000000088800000, 0x0000000088800000|100%| O|  |TAMS 0x0000000088800000, 0x0000000088700000| Untracked 
| 136|0x0000000088800000, 0x0000000088800000, 0x0000000088900000|  0%| F|  |TAMS 0x0000000088800000, 0x0000000088800000| Untracked 
| 137|0x0000000088900000, 0x0000000088a00000, 0x0000000088a00000|100%|HS|  |TAMS 0x0000000088a00000, 0x0000000088900000| Complete 
| 138|0x0000000088a00000, 0x0000000088b00000, 0x0000000088b00000|100%|HC|  |TAMS 0x0000000088b00000, 0x0000000088a00000| Complete 
| 139|0x0000000088b00000, 0x0000000088c00000, 0x0000000088c00000|100%|HC|  |TAMS 0x0000000088c00000, 0x0000000088b00000| Complete 
| 140|0x0000000088c00000, 0x0000000088d00000, 0x0000000088d00000|100%|HC|  |TAMS 0x0000000088d00000, 0x0000000088c00000| Complete 
| 141|0x0000000088d00000, 0x0000000088e00000, 0x0000000088e00000|100%|HC|  |TAMS 0x0000000088e00000, 0x0000000088d00000| Complete 
| 142|0x0000000088e00000, 0x0000000088f00000, 0x0000000088f00000|100%|HC|  |TAMS 0x0000000088f00000, 0x0000000088e00000| Complete 
| 143|0x0000000088f00000, 0x0000000089000000, 0x0000000089000000|100%|HC|  |TAMS 0x0000000089000000, 0x0000000088f00000| Complete 
| 144|0x0000000089000000, 0x0000000089100000, 0x0000000089100000|100%|HC|  |TAMS 0x0000000089100000, 0x0000000089000000| Complete 
| 145|0x0000000089100000, 0x0000000089200000, 0x0000000089200000|100%|HC|  |TAMS 0x0000000089200000, 0x0000000089100000| Complete 
| 146|0x0000000089200000, 0x0000000089300000, 0x0000000089300000|100%|HC|  |TAMS 0x0000000089300000, 0x0000000089200000| Complete 
| 147|0x0000000089300000, 0x0000000089400000, 0x0000000089400000|100%|HC|  |TAMS 0x0000000089400000, 0x0000000089300000| Complete 
| 148|0x0000000089400000, 0x0000000089500000, 0x0000000089500000|100%|HC|  |TAMS 0x0000000089500000, 0x0000000089400000| Complete 
| 149|0x0000000089500000, 0x0000000089600000, 0x0000000089600000|100%|HS|  |TAMS 0x0000000089600000, 0x0000000089500000| Complete 
| 150|0x0000000089600000, 0x0000000089700000, 0x0000000089700000|100%|HC|  |TAMS 0x0000000089700000, 0x0000000089600000| Complete 
| 151|0x0000000089700000, 0x0000000089800000, 0x0000000089800000|100%| O|  |TAMS 0x0000000089800000, 0x0000000089700000| Untracked 
| 152|0x0000000089800000, 0x0000000089900000, 0x0000000089900000|100%| O|  |TAMS 0x0000000089900000, 0x0000000089800000| Untracked 
| 153|0x0000000089900000, 0x0000000089a00000, 0x0000000089a00000|100%| O|  |TAMS 0x0000000089a00000, 0x0000000089900000| Untracked 
| 154|0x0000000089a00000, 0x0000000089b00000, 0x0000000089b00000|100%| O|  |TAMS 0x0000000089b00000, 0x0000000089a00000| Untracked 
| 155|0x0000000089b00000, 0x0000000089c00000, 0x0000000089c00000|100%| O|  |TAMS 0x0000000089c00000, 0x0000000089b00000| Untracked 
| 156|0x0000000089c00000, 0x0000000089d00000, 0x0000000089d00000|100%| O|  |TAMS 0x0000000089d00000, 0x0000000089c00000| Untracked 
| 157|0x0000000089d00000, 0x0000000089e00000, 0x0000000089e00000|100%| O|  |TAMS 0x0000000089e00000, 0x0000000089d00000| Untracked 
| 158|0x0000000089e00000, 0x0000000089f00000, 0x0000000089f00000|100%| O|  |TAMS 0x0000000089f00000, 0x0000000089e00000| Untracked 
| 159|0x0000000089f00000, 0x000000008a000000, 0x000000008a000000|100%| O|  |TAMS 0x000000008a000000, 0x0000000089f00000| Untracked 
| 160|0x000000008a000000, 0x000000008a100000, 0x000000008a100000|100%| O|  |TAMS 0x000000008a100000, 0x000000008a000000| Untracked 
| 161|0x000000008a100000, 0x000000008a200000, 0x000000008a200000|100%| O|  |TAMS 0x000000008a1dfc00, 0x000000008a100000| Untracked 
| 162|0x000000008a200000, 0x000000008a300000, 0x000000008a300000|100%| O|  |TAMS 0x000000008a200000, 0x000000008a200000| Untracked 
| 163|0x000000008a300000, 0x000000008a400000, 0x000000008a400000|100%| O|  |TAMS 0x000000008a300000, 0x000000008a300000| Untracked 
| 164|0x000000008a400000, 0x000000008a500000, 0x000000008a500000|100%| O|  |TAMS 0x000000008a400000, 0x000000008a400000| Untracked 
| 165|0x000000008a500000, 0x000000008a600000, 0x000000008a600000|100%| O|  |TAMS 0x000000008a500000, 0x000000008a500000| Untracked 
| 166|0x000000008a600000, 0x000000008a700000, 0x000000008a700000|100%| O|  |TAMS 0x000000008a600000, 0x000000008a600000| Untracked 
| 167|0x000000008a700000, 0x000000008a800000, 0x000000008a800000|100%| O|  |TAMS 0x000000008a700000, 0x000000008a700000| Untracked 
| 168|0x000000008a800000, 0x000000008a900000, 0x000000008a900000|100%| O|  |TAMS 0x000000008a800000, 0x000000008a800000| Untracked 
| 169|0x000000008a900000, 0x000000008aa00000, 0x000000008aa00000|100%| O|  |TAMS 0x000000008a900000, 0x000000008a900000| Untracked 
| 170|0x000000008aa00000, 0x000000008ab00000, 0x000000008ab00000|100%| O|  |TAMS 0x000000008aa00000, 0x000000008aa00000| Untracked 
| 171|0x000000008ab00000, 0x000000008ab3aa00, 0x000000008ac00000| 22%| O|  |TAMS 0x000000008ab00000, 0x000000008ab00000| Untracked 
| 172|0x000000008ac00000, 0x000000008ac00000, 0x000000008ad00000|  0%| F|  |TAMS 0x000000008ac00000, 0x000000008ac00000| Untracked 
| 173|0x000000008ad00000, 0x000000008ad00000, 0x000000008ae00000|  0%| F|  |TAMS 0x000000008ad00000, 0x000000008ad00000| Untracked 
| 174|0x000000008ae00000, 0x000000008ae00000, 0x000000008af00000|  0%| F|  |TAMS 0x000000008ae00000, 0x000000008ae00000| Untracked 
| 175|0x000000008af00000, 0x000000008af00000, 0x000000008b000000|  0%| F|  |TAMS 0x000000008af00000, 0x000000008af00000| Untracked 
| 176|0x000000008b000000, 0x000000008b000000, 0x000000008b100000|  0%| F|  |TAMS 0x000000008b000000, 0x000000008b000000| Untracked 
| 177|0x000000008b100000, 0x000000008b100000, 0x000000008b200000|  0%| F|  |TAMS 0x000000008b100000, 0x000000008b100000| Untracked 
| 178|0x000000008b200000, 0x000000008b200000, 0x000000008b300000|  0%| F|  |TAMS 0x000000008b200000, 0x000000008b200000| Untracked 
| 179|0x000000008b300000, 0x000000008b300000, 0x000000008b400000|  0%| F|  |TAMS 0x000000008b300000, 0x000000008b300000| Untracked 
| 180|0x000000008b400000, 0x000000008b400000, 0x000000008b500000|  0%| F|  |TAMS 0x000000008b400000, 0x000000008b400000| Untracked 
| 181|0x000000008b500000, 0x000000008b500000, 0x000000008b600000|  0%| F|  |TAMS 0x000000008b500000, 0x000000008b500000| Untracked 
| 182|0x000000008b600000, 0x000000008b600000, 0x000000008b700000|  0%| F|  |TAMS 0x000000008b600000, 0x000000008b600000| Untracked 
| 183|0x000000008b700000, 0x000000008b700000, 0x000000008b800000|  0%| F|  |TAMS 0x000000008b700000, 0x000000008b700000| Untracked 
| 184|0x000000008b800000, 0x000000008b800000, 0x000000008b900000|  0%| F|  |TAMS 0x000000008b800000, 0x000000008b800000| Untracked 
| 185|0x000000008b900000, 0x000000008b900000, 0x000000008ba00000|  0%| F|  |TAMS 0x000000008b900000, 0x000000008b900000| Untracked 
| 186|0x000000008ba00000, 0x000000008ba00000, 0x000000008bb00000|  0%| F|  |TAMS 0x000000008ba00000, 0x000000008ba00000| Untracked 
| 187|0x000000008bb00000, 0x000000008bb00000, 0x000000008bc00000|  0%| F|  |TAMS 0x000000008bb00000, 0x000000008bb00000| Untracked 
| 188|0x000000008bc00000, 0x000000008bc00000, 0x000000008bd00000|  0%| F|  |TAMS 0x000000008bc00000, 0x000000008bc00000| Untracked 
| 189|0x000000008bd00000, 0x000000008bd00000, 0x000000008be00000|  0%| F|  |TAMS 0x000000008bd00000, 0x000000008bd00000| Untracked 
| 190|0x000000008be00000, 0x000000008be00000, 0x000000008bf00000|  0%| F|  |TAMS 0x000000008be00000, 0x000000008be00000| Untracked 
| 191|0x000000008bf00000, 0x000000008bf00000, 0x000000008c000000|  0%| F|  |TAMS 0x000000008bf00000, 0x000000008bf00000| Untracked 
| 192|0x000000008c000000, 0x000000008c000000, 0x000000008c100000|  0%| F|  |TAMS 0x000000008c000000, 0x000000008c000000| Untracked 
| 193|0x000000008c100000, 0x000000008c100000, 0x000000008c200000|  0%| F|  |TAMS 0x000000008c100000, 0x000000008c100000| Untracked 
| 194|0x000000008c200000, 0x000000008c200000, 0x000000008c300000|  0%| F|  |TAMS 0x000000008c200000, 0x000000008c200000| Untracked 
| 195|0x000000008c300000, 0x000000008c300000, 0x000000008c400000|  0%| F|  |TAMS 0x000000008c300000, 0x000000008c300000| Untracked 
| 196|0x000000008c400000, 0x000000008c400000, 0x000000008c500000|  0%| F|  |TAMS 0x000000008c400000, 0x000000008c400000| Untracked 
| 197|0x000000008c500000, 0x000000008c500000, 0x000000008c600000|  0%| F|  |TAMS 0x000000008c500000, 0x000000008c500000| Untracked 
| 198|0x000000008c600000, 0x000000008c600000, 0x000000008c700000|  0%| F|  |TAMS 0x000000008c600000, 0x000000008c600000| Untracked 
| 199|0x000000008c700000, 0x000000008c700000, 0x000000008c800000|  0%| F|  |TAMS 0x000000008c700000, 0x000000008c700000| Untracked 
| 200|0x000000008c800000, 0x000000008c800000, 0x000000008c900000|  0%| F|  |TAMS 0x000000008c800000, 0x000000008c800000| Untracked 
| 201|0x000000008c900000, 0x000000008c900000, 0x000000008ca00000|  0%| F|  |TAMS 0x000000008c900000, 0x000000008c900000| Untracked 
| 202|0x000000008ca00000, 0x000000008ca00000, 0x000000008cb00000|  0%| F|  |TAMS 0x000000008ca00000, 0x000000008ca00000| Untracked 
| 203|0x000000008cb00000, 0x000000008cb00000, 0x000000008cc00000|  0%| F|  |TAMS 0x000000008cb00000, 0x000000008cb00000| Untracked 
| 204|0x000000008cc00000, 0x000000008cc00000, 0x000000008cd00000|  0%| F|  |TAMS 0x000000008cc00000, 0x000000008cc00000| Untracked 
| 205|0x000000008cd00000, 0x000000008cd00000, 0x000000008ce00000|  0%| F|  |TAMS 0x000000008cd00000, 0x000000008cd00000| Untracked 
| 206|0x000000008ce00000, 0x000000008ce00000, 0x000000008cf00000|  0%| F|  |TAMS 0x000000008ce00000, 0x000000008ce00000| Untracked 
| 207|0x000000008cf00000, 0x000000008cf00000, 0x000000008d000000|  0%| F|  |TAMS 0x000000008cf00000, 0x000000008cf00000| Untracked 
| 208|0x000000008d000000, 0x000000008d000000, 0x000000008d100000|  0%| F|  |TAMS 0x000000008d000000, 0x000000008d000000| Untracked 
| 209|0x000000008d100000, 0x000000008d100000, 0x000000008d200000|  0%| F|  |TAMS 0x000000008d100000, 0x000000008d100000| Untracked 
| 210|0x000000008d200000, 0x000000008d200000, 0x000000008d300000|  0%| F|  |TAMS 0x000000008d200000, 0x000000008d200000| Untracked 
| 211|0x000000008d300000, 0x000000008d300000, 0x000000008d400000|  0%| F|  |TAMS 0x000000008d300000, 0x000000008d300000| Untracked 
| 212|0x000000008d400000, 0x000000008d400000, 0x000000008d500000|  0%| F|  |TAMS 0x000000008d400000, 0x000000008d400000| Untracked 
| 213|0x000000008d500000, 0x000000008d569298, 0x000000008d600000| 41%| S|CS|TAMS 0x000000008d500000, 0x000000008d500000| Complete 
| 214|0x000000008d600000, 0x000000008d700000, 0x000000008d700000|100%| S|CS|TAMS 0x000000008d600000, 0x000000008d600000| Complete 
| 215|0x000000008d700000, 0x000000008d800000, 0x000000008d800000|100%| S|CS|TAMS 0x000000008d700000, 0x000000008d700000| Complete 
| 216|0x000000008d800000, 0x000000008d900000, 0x000000008d900000|100%| S|CS|TAMS 0x000000008d800000, 0x000000008d800000| Complete 
| 217|0x000000008d900000, 0x000000008da00000, 0x000000008da00000|100%| S|CS|TAMS 0x000000008d900000, 0x000000008d900000| Complete 
| 218|0x000000008da00000, 0x000000008db00000, 0x000000008db00000|100%| S|CS|TAMS 0x000000008da00000, 0x000000008da00000| Complete 
| 219|0x000000008db00000, 0x000000008dc00000, 0x000000008dc00000|100%| S|CS|TAMS 0x000000008db00000, 0x000000008db00000| Complete 
| 220|0x000000008dc00000, 0x000000008dc00000, 0x000000008dd00000|  0%| F|  |TAMS 0x000000008dc00000, 0x000000008dc00000| Untracked 
| 221|0x000000008dd00000, 0x000000008dd00000, 0x000000008de00000|  0%| F|  |TAMS 0x000000008dd00000, 0x000000008dd00000| Untracked 
| 222|0x000000008de00000, 0x000000008de00000, 0x000000008df00000|  0%| F|  |TAMS 0x000000008de00000, 0x000000008de00000| Untracked 
| 223|0x000000008df00000, 0x000000008df00000, 0x000000008e000000|  0%| F|  |TAMS 0x000000008df00000, 0x000000008df00000| Untracked 
| 224|0x000000008e000000, 0x000000008e000000, 0x000000008e100000|  0%| F|  |TAMS 0x000000008e000000, 0x000000008e000000| Untracked 
| 225|0x000000008e100000, 0x000000008e100000, 0x000000008e200000|  0%| F|  |TAMS 0x000000008e100000, 0x000000008e100000| Untracked 
| 226|0x000000008e200000, 0x000000008e200000, 0x000000008e300000|  0%| F|  |TAMS 0x000000008e200000, 0x000000008e200000| Untracked 
| 227|0x000000008e300000, 0x000000008e300000, 0x000000008e400000|  0%| F|  |TAMS 0x000000008e300000, 0x000000008e300000| Untracked 
| 228|0x000000008e400000, 0x000000008e400000, 0x000000008e500000|  0%| F|  |TAMS 0x000000008e400000, 0x000000008e400000| Untracked 
| 229|0x000000008e500000, 0x000000008e500000, 0x000000008e600000|  0%| F|  |TAMS 0x000000008e500000, 0x000000008e500000| Untracked 
| 230|0x000000008e600000, 0x000000008e600000, 0x000000008e700000|  0%| F|  |TAMS 0x000000008e600000, 0x000000008e600000| Untracked 
| 231|0x000000008e700000, 0x000000008e700000, 0x000000008e800000|  0%| F|  |TAMS 0x000000008e700000, 0x000000008e700000| Untracked 
| 232|0x000000008e800000, 0x000000008e800000, 0x000000008e900000|  0%| F|  |TAMS 0x000000008e800000, 0x000000008e800000| Untracked 
| 233|0x000000008e900000, 0x000000008e900000, 0x000000008ea00000|  0%| F|  |TAMS 0x000000008e900000, 0x000000008e900000| Untracked 
| 234|0x000000008ea00000, 0x000000008ea00000, 0x000000008eb00000|  0%| F|  |TAMS 0x000000008ea00000, 0x000000008ea00000| Untracked 
| 235|0x000000008eb00000, 0x000000008eb00000, 0x000000008ec00000|  0%| F|  |TAMS 0x000000008eb00000, 0x000000008eb00000| Untracked 
| 236|0x000000008ec00000, 0x000000008ec00000, 0x000000008ed00000|  0%| F|  |TAMS 0x000000008ec00000, 0x000000008ec00000| Untracked 
| 237|0x000000008ed00000, 0x000000008ed00000, 0x000000008ee00000|  0%| F|  |TAMS 0x000000008ed00000, 0x000000008ed00000| Untracked 
| 238|0x000000008ee00000, 0x000000008ee00000, 0x000000008ef00000|  0%| F|  |TAMS 0x000000008ee00000, 0x000000008ee00000| Untracked 
| 239|0x000000008ef00000, 0x000000008ef00000, 0x000000008f000000|  0%| F|  |TAMS 0x000000008ef00000, 0x000000008ef00000| Untracked 
| 240|0x000000008f000000, 0x000000008f000000, 0x000000008f100000|  0%| F|  |TAMS 0x000000008f000000, 0x000000008f000000| Untracked 
| 241|0x000000008f100000, 0x000000008f100000, 0x000000008f200000|  0%| F|  |TAMS 0x000000008f100000, 0x000000008f100000| Untracked 
| 242|0x000000008f200000, 0x000000008f200000, 0x000000008f300000|  0%| F|  |TAMS 0x000000008f200000, 0x000000008f200000| Untracked 
| 243|0x000000008f300000, 0x000000008f300000, 0x000000008f400000|  0%| F|  |TAMS 0x000000008f300000, 0x000000008f300000| Untracked 
| 244|0x000000008f400000, 0x000000008f400000, 0x000000008f500000|  0%| F|  |TAMS 0x000000008f400000, 0x000000008f400000| Untracked 
| 245|0x000000008f500000, 0x000000008f500000, 0x000000008f600000|  0%| F|  |TAMS 0x000000008f500000, 0x000000008f500000| Untracked 
| 246|0x000000008f600000, 0x000000008f600000, 0x000000008f700000|  0%| F|  |TAMS 0x000000008f600000, 0x000000008f600000| Untracked 
| 247|0x000000008f700000, 0x000000008f700000, 0x000000008f800000|  0%| F|  |TAMS 0x000000008f700000, 0x000000008f700000| Untracked 
| 248|0x000000008f800000, 0x000000008f800000, 0x000000008f900000|  0%| F|  |TAMS 0x000000008f800000, 0x000000008f800000| Untracked 
| 249|0x000000008f900000, 0x000000008f900000, 0x000000008fa00000|  0%| F|  |TAMS 0x000000008f900000, 0x000000008f900000| Untracked 
| 250|0x000000008fa00000, 0x000000008fa00000, 0x000000008fb00000|  0%| F|  |TAMS 0x000000008fa00000, 0x000000008fa00000| Untracked 
| 251|0x000000008fb00000, 0x000000008fb00000, 0x000000008fc00000|  0%| F|  |TAMS 0x000000008fb00000, 0x000000008fb00000| Untracked 
| 252|0x000000008fc00000, 0x000000008fc80800, 0x000000008fd00000| 50%| E|  |TAMS 0x000000008fc00000, 0x000000008fc00000| Complete 
| 253|0x000000008fd00000, 0x000000008fe00000, 0x000000008fe00000|100%| E|CS|TAMS 0x000000008fd00000, 0x000000008fd00000| Complete 
| 254|0x000000008fe00000, 0x000000008ff00000, 0x000000008ff00000|100%| E|CS|TAMS 0x000000008fe00000, 0x000000008fe00000| Complete 
| 255|0x000000008ff00000, 0x0000000090000000, 0x0000000090000000|100%| E|CS|TAMS 0x000000008ff00000, 0x000000008ff00000| Complete 
| 256|0x0000000090000000, 0x0000000090100000, 0x0000000090100000|100%| E|CS|TAMS 0x0000000090000000, 0x0000000090000000| Complete 
| 257|0x0000000090100000, 0x0000000090200000, 0x0000000090200000|100%| E|CS|TAMS 0x0000000090100000, 0x0000000090100000| Complete 
| 258|0x0000000090200000, 0x0000000090300000, 0x0000000090300000|100%| E|CS|TAMS 0x0000000090200000, 0x0000000090200000| Complete 
| 259|0x0000000090300000, 0x0000000090400000, 0x0000000090400000|100%| E|CS|TAMS 0x0000000090300000, 0x0000000090300000| Complete 
| 260|0x0000000090400000, 0x0000000090500000, 0x0000000090500000|100%| E|CS|TAMS 0x0000000090400000, 0x0000000090400000| Complete 
| 261|0x0000000090500000, 0x0000000090600000, 0x0000000090600000|100%| E|CS|TAMS 0x0000000090500000, 0x0000000090500000| Complete 
| 262|0x0000000090600000, 0x0000000090700000, 0x0000000090700000|100%| E|CS|TAMS 0x0000000090600000, 0x0000000090600000| Complete 
| 263|0x0000000090700000, 0x0000000090800000, 0x0000000090800000|100%| E|CS|TAMS 0x0000000090700000, 0x0000000090700000| Complete 
| 264|0x0000000090800000, 0x0000000090900000, 0x0000000090900000|100%| E|CS|TAMS 0x0000000090800000, 0x0000000090800000| Complete 
| 265|0x0000000090900000, 0x0000000090a00000, 0x0000000090a00000|100%| E|CS|TAMS 0x0000000090900000, 0x0000000090900000| Complete 
| 266|0x0000000090a00000, 0x0000000090b00000, 0x0000000090b00000|100%| E|CS|TAMS 0x0000000090a00000, 0x0000000090a00000| Complete 
| 267|0x0000000090b00000, 0x0000000090c00000, 0x0000000090c00000|100%| E|CS|TAMS 0x0000000090b00000, 0x0000000090b00000| Complete 
| 268|0x0000000090c00000, 0x0000000090d00000, 0x0000000090d00000|100%| E|CS|TAMS 0x0000000090c00000, 0x0000000090c00000| Complete 
| 269|0x0000000090d00000, 0x0000000090e00000, 0x0000000090e00000|100%| E|CS|TAMS 0x0000000090d00000, 0x0000000090d00000| Complete 
| 270|0x0000000090e00000, 0x0000000090f00000, 0x0000000090f00000|100%| E|CS|TAMS 0x0000000090e00000, 0x0000000090e00000| Complete 
| 271|0x0000000090f00000, 0x0000000091000000, 0x0000000091000000|100%| E|CS|TAMS 0x0000000090f00000, 0x0000000090f00000| Complete 
| 272|0x0000000091000000, 0x0000000091100000, 0x0000000091100000|100%| E|CS|TAMS 0x0000000091000000, 0x0000000091000000| Complete 
| 273|0x0000000091100000, 0x0000000091200000, 0x0000000091200000|100%| E|CS|TAMS 0x0000000091100000, 0x0000000091100000| Complete 
| 274|0x0000000091200000, 0x0000000091300000, 0x0000000091300000|100%| E|CS|TAMS 0x0000000091200000, 0x0000000091200000| Complete 
| 275|0x0000000091300000, 0x0000000091400000, 0x0000000091400000|100%| E|CS|TAMS 0x0000000091300000, 0x0000000091300000| Complete 
| 276|0x0000000091400000, 0x0000000091500000, 0x0000000091500000|100%| E|CS|TAMS 0x0000000091400000, 0x0000000091400000| Complete 
| 277|0x0000000091500000, 0x0000000091600000, 0x0000000091600000|100%| E|CS|TAMS 0x0000000091500000, 0x0000000091500000| Complete 
| 278|0x0000000091600000, 0x0000000091700000, 0x0000000091700000|100%| E|CS|TAMS 0x0000000091600000, 0x0000000091600000| Complete 
| 279|0x0000000091700000, 0x0000000091800000, 0x0000000091800000|100%| E|CS|TAMS 0x0000000091700000, 0x0000000091700000| Complete 
| 280|0x0000000091800000, 0x0000000091900000, 0x0000000091900000|100%| E|CS|TAMS 0x0000000091800000, 0x0000000091800000| Complete 
| 281|0x0000000091900000, 0x0000000091a00000, 0x0000000091a00000|100%| E|CS|TAMS 0x0000000091900000, 0x0000000091900000| Complete 
| 282|0x0000000091a00000, 0x0000000091b00000, 0x0000000091b00000|100%| E|CS|TAMS 0x0000000091a00000, 0x0000000091a00000| Complete 
| 283|0x0000000091b00000, 0x0000000091c00000, 0x0000000091c00000|100%| E|CS|TAMS 0x0000000091b00000, 0x0000000091b00000| Complete 
| 284|0x0000000091c00000, 0x0000000091d00000, 0x0000000091d00000|100%| E|CS|TAMS 0x0000000091c00000, 0x0000000091c00000| Complete 
| 285|0x0000000091d00000, 0x0000000091e00000, 0x0000000091e00000|100%| E|CS|TAMS 0x0000000091d00000, 0x0000000091d00000| Complete 
| 286|0x0000000091e00000, 0x0000000091f00000, 0x0000000091f00000|100%| E|CS|TAMS 0x0000000091e00000, 0x0000000091e00000| Complete 
| 287|0x0000000091f00000, 0x0000000092000000, 0x0000000092000000|100%| E|CS|TAMS 0x0000000091f00000, 0x0000000091f00000| Complete 
| 288|0x0000000092000000, 0x0000000092100000, 0x0000000092100000|100%| E|CS|TAMS 0x0000000092000000, 0x0000000092000000| Complete 
| 289|0x0000000092100000, 0x0000000092200000, 0x0000000092200000|100%| E|CS|TAMS 0x0000000092100000, 0x0000000092100000| Complete 
| 290|0x0000000092200000, 0x0000000092300000, 0x0000000092300000|100%| E|CS|TAMS 0x0000000092200000, 0x0000000092200000| Complete 
| 291|0x0000000092300000, 0x0000000092400000, 0x0000000092400000|100%| E|CS|TAMS 0x0000000092300000, 0x0000000092300000| Complete 
| 292|0x0000000092400000, 0x0000000092500000, 0x0000000092500000|100%| E|CS|TAMS 0x0000000092400000, 0x0000000092400000| Complete 
| 293|0x0000000092500000, 0x0000000092600000, 0x0000000092600000|100%| E|CS|TAMS 0x0000000092500000, 0x0000000092500000| Complete 
| 294|0x0000000092600000, 0x0000000092700000, 0x0000000092700000|100%| E|CS|TAMS 0x0000000092600000, 0x0000000092600000| Complete 
| 295|0x0000000092700000, 0x0000000092800000, 0x0000000092800000|100%| E|CS|TAMS 0x0000000092700000, 0x0000000092700000| Complete 
| 296|0x0000000092800000, 0x0000000092900000, 0x0000000092900000|100%| E|CS|TAMS 0x0000000092800000, 0x0000000092800000| Complete 

Card table byte_map: [0x000001e143870000,0x000001e143c70000] _byte_map_base: 0x000001e143470000

Marking Bits (Prev, Next): (CMBitMap*) 0x000001e130ff6130, (CMBitMap*) 0x000001e130ff6170
 Prev Bits: [0x000001e144070000, 0x000001e146070000)
 Next Bits: [0x000001e146070000, 0x000001e148070000)

Polling page: 0x000001e12edf0000

Metaspace:

Usage:
  Non-class:     93.74 MB used.
      Class:     14.58 MB used.
       Both:    108.32 MB used.

Virtual space:
  Non-class space:       96.00 MB reserved,      94.38 MB ( 98%) committed,  12 nodes.
      Class space:        1.00 GB reserved,      15.06 MB (  1%) committed,  1 nodes.
             Both:        1.09 GB reserved,     109.44 MB ( 10%) committed. 

Chunk freelists:
   Non-Class:  1.24 MB
       Class:  911.00 KB
        Both:  2.12 MB

MaxMetaspaceSize: unlimited
CompressedClassSpaceSize: 1.00 GB
Initial GC threshold: 21.00 MB
Current GC threshold: 179.31 MB
CDS: off
MetaspaceReclaimPolicy: balanced
 - commit_granule_bytes: 65536.
 - commit_granule_words: 8192.
 - virtual_space_node_default_size: 1048576.
 - enlarge_chunks_in_place: 1.
 - new_chunks_are_fully_committed: 0.
 - uncommit_free_chunks: 1.
 - use_allocation_guard: 0.
 - handle_deallocations: 1.


Internal statistics:

num_allocs_failed_limit: 3.
num_arena_births: 1322.
num_arena_deaths: 0.
num_vsnodes_births: 13.
num_vsnodes_deaths: 0.
num_space_committed: 1751.
num_space_uncommitted: 0.
num_chunks_returned_to_freelist: 3.
num_chunks_taken_from_freelist: 5616.
num_chunk_merges: 3.
num_chunk_splits: 3541.
num_chunks_enlarged: 2189.
num_purges: 0.
num_inconsistent_stats: 0.

CodeHeap 'non-profiled nmethods': size=120000Kb used=7820Kb max_used=7820Kb free=112179Kb
 bounds [0x000001e13bf40000, 0x000001e13c6f0000, 0x000001e143470000]
CodeHeap 'profiled nmethods': size=120000Kb used=25362Kb max_used=25362Kb free=94637Kb
 bounds [0x000001e134470000, 0x000001e135d40000, 0x000001e13b9a0000]
CodeHeap 'non-nmethods': size=5760Kb used=2476Kb max_used=2526Kb free=3283Kb
 bounds [0x000001e13b9a0000, 0x000001e13bc20000, 0x000001e13bf40000]
 total_blobs=13533 nmethods=12520 adapters=924
 compilation: enabled
              stopped_count=0, restarted_count=0
 full_count=0

Compilation events (20 events):
Event: 24.239 Thread 0x000001e14a59b780 14064   !   2       jdk.proxy4.$Proxy188::getSymbolFile (29 bytes)
Event: 24.239 Thread 0x000001e14a59b780 nmethod 14064 0x000001e135d23e90 code [0x000001e135d24040, 0x000001e135d242b8]
Event: 24.239 Thread 0x000001e14a59b780 14065       2       com.android.tools.idea.gradle.project.sync.InternedModels::getOrCreate (83 bytes)
Event: 24.240 Thread 0x000001e14a59b780 nmethod 14065 0x000001e135d24410 code [0x000001e135d24680, 0x000001e135d24cc8]
Event: 24.241 Thread 0x000001e14a59b780 14066       2       com.android.tools.idea.gradle.model.impl.IdeAndroidLibraryImpl$Companion::create (638 bytes)
Event: 24.246 Thread 0x000001e14a59b780 nmethod 14066 0x000001e135d25090 code [0x000001e135d25c60, 0x000001e135d29a28]
Event: 24.270 Thread 0x000001e14a59b780 14067   !   2       jdk.internal.reflect.GeneratedMethodAccessor75::invoke (63 bytes)
Event: 24.270 Thread 0x000001e14a59b780 nmethod 14067 0x000001e135d2d590 code [0x000001e135d2d780, 0x000001e135d2dc28]
Event: 24.270 Thread 0x000001e14a59b780 14068   !   2       jdk.internal.reflect.GeneratedConstructorAccessor122::newInstance (53 bytes)
Event: 24.271 Thread 0x000001e14a59b780 nmethod 14068 0x000001e135d2df90 code [0x000001e135d2e1a0, 0x000001e135d2e708]
Event: 24.271 Thread 0x000001e14a59b780 14069   !   2       jdk.internal.reflect.GeneratedMethodAccessor77::invoke (63 bytes)
Event: 24.271 Thread 0x000001e14a59b780 nmethod 14069 0x000001e135d2ea90 code [0x000001e135d2ec80, 0x000001e135d2f128]
Event: 24.271 Thread 0x000001e14a59b780 14070   !   2       jdk.internal.reflect.GeneratedMethodAccessor78::invoke (63 bytes)
Event: 24.271 Thread 0x000001e14a59b780 nmethod 14070 0x000001e135d2f490 code [0x000001e135d2f680, 0x000001e135d2fb28]
Event: 24.271 Thread 0x000001e14a59b780 14071   !   2       jdk.internal.reflect.GeneratedMethodAccessor79::invoke (63 bytes)
Event: 24.272 Thread 0x000001e14a59b780 nmethod 14071 0x000001e135d2fe90 code [0x000001e135d30080, 0x000001e135d30528]
Event: 24.272 Thread 0x000001e14a59b780 14072   !   2       jdk.internal.reflect.GeneratedMethodAccessor81::invoke (63 bytes)
Event: 24.272 Thread 0x000001e14a59b780 nmethod 14072 0x000001e135d30890 code [0x000001e135d30a80, 0x000001e135d30f28]
Event: 24.312 Thread 0x000001e14a59b780 14074       2       com.android.tools.idea.gradle.model.impl.IdeJavaLibraryImpl::<init> (56 bytes)
Event: 24.313 Thread 0x000001e14a59b780 nmethod 14074 0x000001e135d31290 code [0x000001e135d31500, 0x000001e135d31d58]

GC Heap History (20 events):
Event: 13.511 GC heap before
{Heap before GC invocations=44 (full 0):
 garbage-first heap   total 290816K, used 220318K [0x0000000080000000, 0x0000000100000000)
  region size 1024K, 129 young (132096K), 3 survivors (3072K)
 Metaspace       used 80502K, committed 81344K, reserved 1122304K
  class space    used 11042K, committed 11392K, reserved 1048576K
}
Event: 13.526 GC heap after
{Heap after GC invocations=45 (full 0):
 garbage-first heap   total 290816K, used 102134K [0x0000000080000000, 0x0000000100000000)
  region size 1024K, 13 young (13312K), 13 survivors (13312K)
 Metaspace       used 80502K, committed 81344K, reserved 1122304K
  class space    used 11042K, committed 11392K, reserved 1048576K
}
Event: 14.897 GC heap before
{Heap before GC invocations=45 (full 0):
 garbage-first heap   total 290816K, used 215798K [0x0000000080000000, 0x0000000100000000)
  region size 1024K, 124 young (126976K), 13 survivors (13312K)
 Metaspace       used 85931K, committed 86784K, reserved 1130496K
  class space    used 11788K, committed 12160K, reserved 1048576K
}
Event: 14.915 GC heap after
{Heap after GC invocations=46 (full 0):
 garbage-first heap   total 290816K, used 112967K [0x0000000080000000, 0x0000000100000000)
  region size 1024K, 11 young (11264K), 11 survivors (11264K)
 Metaspace       used 85931K, committed 86784K, reserved 1130496K
  class space    used 11788K, committed 12160K, reserved 1048576K
}
Event: 17.175 GC heap before
{Heap before GC invocations=46 (full 0):
 garbage-first heap   total 290816K, used 220487K [0x0000000080000000, 0x0000000100000000)
  region size 1024K, 117 young (119808K), 11 survivors (11264K)
 Metaspace       used 90746K, committed 91584K, reserved 1130496K
  class space    used 12369K, committed 12736K, reserved 1048576K
}
Event: 17.196 GC heap after
{Heap after GC invocations=47 (full 0):
 garbage-first heap   total 290816K, used 129958K [0x0000000080000000, 0x0000000100000000)
  region size 1024K, 15 young (15360K), 15 survivors (15360K)
 Metaspace       used 90746K, committed 91584K, reserved 1130496K
  class space    used 12369K, committed 12736K, reserved 1048576K
}
Event: 17.693 GC heap before
{Heap before GC invocations=47 (full 0):
 garbage-first heap   total 290816K, used 170918K [0x0000000080000000, 0x0000000100000000)
  region size 1024K, 48 young (49152K), 15 survivors (15360K)
 Metaspace       used 92514K, committed 93440K, reserved 1130496K
  class space    used 12658K, committed 13056K, reserved 1048576K
}
Event: 17.712 GC heap after
{Heap after GC invocations=48 (full 0):
 garbage-first heap   total 290816K, used 144896K [0x0000000080000000, 0x0000000100000000)
  region size 1024K, 6 young (6144K), 6 survivors (6144K)
 Metaspace       used 92514K, committed 93440K, reserved 1130496K
  class space    used 12658K, committed 13056K, reserved 1048576K
}
Event: 20.550 GC heap before
{Heap before GC invocations=49 (full 0):
 garbage-first heap   total 290816K, used 246272K [0x0000000080000000, 0x0000000100000000)
  region size 1024K, 91 young (93184K), 6 survivors (6144K)
 Metaspace       used 102726K, committed 103744K, reserved 1138688K
  class space    used 14063K, committed 14528K, reserved 1048576K
}
Event: 20.559 GC heap after
{Heap after GC invocations=50 (full 0):
 garbage-first heap   total 290816K, used 165888K [0x0000000080000000, 0x0000000100000000)
  region size 1024K, 12 young (12288K), 12 survivors (12288K)
 Metaspace       used 102726K, committed 103744K, reserved 1138688K
  class space    used 14063K, committed 14528K, reserved 1048576K
}
Event: 20.614 GC heap before
{Heap before GC invocations=50 (full 0):
 garbage-first heap   total 290816K, used 167936K [0x0000000080000000, 0x0000000100000000)
  region size 1024K, 14 young (14336K), 12 survivors (12288K)
 Metaspace       used 103643K, committed 104640K, reserved 1146880K
  class space    used 14161K, committed 14592K, reserved 1048576K
}
Event: 20.623 GC heap after
{Heap after GC invocations=51 (full 0):
 garbage-first heap   total 290816K, used 166126K [0x0000000080000000, 0x0000000100000000)
  region size 1024K, 2 young (2048K), 2 survivors (2048K)
 Metaspace       used 103643K, committed 104640K, reserved 1146880K
  class space    used 14161K, committed 14592K, reserved 1048576K
}
Event: 22.142 GC heap before
{Heap before GC invocations=51 (full 0):
 garbage-first heap   total 290816K, used 237806K [0x0000000080000000, 0x0000000100000000)
  region size 1024K, 72 young (73728K), 2 survivors (2048K)
 Metaspace       used 109008K, committed 110080K, reserved 1146880K
  class space    used 14768K, committed 15232K, reserved 1048576K
}
Event: 22.159 GC heap after
{Heap after GC invocations=52 (full 0):
 garbage-first heap   total 290816K, used 170846K [0x0000000080000000, 0x0000000100000000)
  region size 1024K, 6 young (6144K), 6 survivors (6144K)
 Metaspace       used 109008K, committed 110080K, reserved 1146880K
  class space    used 14768K, committed 15232K, reserved 1048576K
}
Event: 22.994 GC heap before
{Heap before GC invocations=53 (full 0):
 garbage-first heap   total 304128K, used 238430K [0x0000000080000000, 0x0000000100000000)
  region size 1024K, 73 young (74752K), 6 survivors (6144K)
 Metaspace       used 109633K, committed 110720K, reserved 1146880K
  class space    used 14808K, committed 15296K, reserved 1048576K
}
Event: 23.005 GC heap after
{Heap after GC invocations=54 (full 0):
 garbage-first heap   total 304128K, used 175197K [0x0000000080000000, 0x0000000100000000)
  region size 1024K, 5 young (5120K), 5 survivors (5120K)
 Metaspace       used 109633K, committed 110720K, reserved 1146880K
  class space    used 14808K, committed 15296K, reserved 1048576K
}
Event: 23.075 GC heap before
{Heap before GC invocations=54 (full 0):
 garbage-first heap   total 304128K, used 183389K [0x0000000080000000, 0x0000000100000000)
  region size 1024K, 14 young (14336K), 5 survivors (5120K)
 Metaspace       used 109665K, committed 110720K, reserved 1146880K
  class space    used 14809K, committed 15296K, reserved 1048576K
}
Event: 23.080 GC heap after
{Heap after GC invocations=55 (full 0):
 garbage-first heap   total 304128K, used 175338K [0x0000000080000000, 0x0000000100000000)
  region size 1024K, 1 young (1024K), 1 survivors (1024K)
 Metaspace       used 109665K, committed 110720K, reserved 1146880K
  class space    used 14809K, committed 15296K, reserved 1048576K
}
Event: 23.989 GC heap before
{Heap before GC invocations=55 (full 0):
 garbage-first heap   total 304128K, used 252138K [0x0000000080000000, 0x0000000100000000)
  region size 1024K, 77 young (78848K), 1 survivors (1024K)
 Metaspace       used 110846K, committed 111936K, reserved 1146880K
  class space    used 14933K, committed 15424K, reserved 1048576K
}
Event: 24.006 GC heap after
{Heap after GC invocations=56 (full 0):
 garbage-first heap   total 304128K, used 180879K [0x0000000080000000, 0x0000000100000000)
  region size 1024K, 7 young (7168K), 7 survivors (7168K)
 Metaspace       used 110846K, committed 111936K, reserved 1146880K
  class space    used 14933K, committed 15424K, reserved 1048576K
}

Dll operation events (2 events):
Event: 0.007 Loaded shared library C:\Program Files\Android\Android Studio\jbr\bin\java.dll
Event: 0.548 Loaded shared library C:\Program Files\Android\Android Studio\jbr\bin\verify.dll

Deoptimization events (20 events):
Event: 23.660 Thread 0x000001e14c5cb3e0 Uncommon trap: trap_request=0xffffffbe fr.pc=0x000001e13c67c7ec relative=0x00000000000001ec
Event: 23.660 Thread 0x000001e14c5cb3e0 Uncommon trap: reason=profile_predicate action=maybe_recompile pc=0x000001e13c67c7ec method=java.util.Collections.indexedBinarySearch(Ljava/util/List;Ljava/lang/Object;Ljava/util/Comparator;)I @ 15 c2
Event: 23.660 Thread 0x000001e14c5cb3e0 DEOPT PACKING pc=0x000001e13c67c7ec sp=0x000000200b6f8330
Event: 23.660 Thread 0x000001e14c5cb3e0 DEOPT UNPACKING pc=0x000001e13b9f69a3 sp=0x000000200b6f82f8 mode 2
Event: 23.661 Thread 0x000001e14c5cb3e0 Uncommon trap: trap_request=0xffffffbe fr.pc=0x000001e13c67c7ec relative=0x00000000000001ec
Event: 23.661 Thread 0x000001e14c5cb3e0 Uncommon trap: reason=profile_predicate action=maybe_recompile pc=0x000001e13c67c7ec method=java.util.Collections.indexedBinarySearch(Ljava/util/List;Ljava/lang/Object;Ljava/util/Comparator;)I @ 15 c2
Event: 23.661 Thread 0x000001e14c5cb3e0 DEOPT PACKING pc=0x000001e13c67c7ec sp=0x000000200b6f8330
Event: 23.661 Thread 0x000001e14c5cb3e0 DEOPT UNPACKING pc=0x000001e13b9f69a3 sp=0x000000200b6f82f8 mode 2
Event: 23.663 Thread 0x000001e14c5cb3e0 Uncommon trap: trap_request=0xffffffbe fr.pc=0x000001e13c67c7ec relative=0x00000000000001ec
Event: 23.663 Thread 0x000001e14c5cb3e0 Uncommon trap: reason=profile_predicate action=maybe_recompile pc=0x000001e13c67c7ec method=java.util.Collections.indexedBinarySearch(Ljava/util/List;Ljava/lang/Object;Ljava/util/Comparator;)I @ 15 c2
Event: 23.663 Thread 0x000001e14c5cb3e0 DEOPT PACKING pc=0x000001e13c67c7ec sp=0x000000200b6f8330
Event: 23.663 Thread 0x000001e14c5cb3e0 DEOPT UNPACKING pc=0x000001e13b9f69a3 sp=0x000000200b6f82f8 mode 2
Event: 23.663 Thread 0x000001e14c5cb3e0 Uncommon trap: trap_request=0xffffffbe fr.pc=0x000001e13c67c7ec relative=0x00000000000001ec
Event: 23.663 Thread 0x000001e14c5cb3e0 Uncommon trap: reason=profile_predicate action=maybe_recompile pc=0x000001e13c67c7ec method=java.util.Collections.indexedBinarySearch(Ljava/util/List;Ljava/lang/Object;Ljava/util/Comparator;)I @ 15 c2
Event: 23.663 Thread 0x000001e14c5cb3e0 DEOPT PACKING pc=0x000001e13c67c7ec sp=0x000000200b6f8330
Event: 23.663 Thread 0x000001e14c5cb3e0 DEOPT UNPACKING pc=0x000001e13b9f69a3 sp=0x000000200b6f82f8 mode 2
Event: 23.892 Thread 0x000001e14dec64d0 Uncommon trap: trap_request=0xffffff45 fr.pc=0x000001e13c2e89e4 relative=0x0000000000000164
Event: 23.892 Thread 0x000001e14dec64d0 Uncommon trap: reason=unstable_if action=reinterpret pc=0x000001e13c2e89e4 method=java.util.concurrent.locks.ReentrantLock$Sync.tryLock()Z @ 34 c2
Event: 23.892 Thread 0x000001e14dec64d0 DEOPT PACKING pc=0x000001e13c2e89e4 sp=0x000000200d3fec30
Event: 23.892 Thread 0x000001e14dec64d0 DEOPT UNPACKING pc=0x000001e13b9f69a3 sp=0x000000200d3febe0 mode 2

Classes unloaded (0 events):
No events

Classes redefined (0 events):
No events

Internal exceptions (20 events):
Event: 20.261 Thread 0x000001e14c5cb3e0 Exception <a 'java/lang/NullPointerException'{0x000000008cd20ea0}> (0x000000008cd20ea0) 
thrown [s\src\hotspot\share\interpreter\linkResolver.cpp, line 1447]
Event: 20.409 Thread 0x000001e14c5cb3e0 Implicit null exception at 0x000001e13c24511b to 0x000001e13c2472d0
Event: 20.561 Thread 0x000001e14a585360 Implicit null exception at 0x000001e13c21e303 to 0x000001e13c21e4c8
Event: 20.595 Thread 0x000001e14c5cb3e0 Exception <a 'sun/nio/fs/WindowsException'{0x0000000091bff9f0}> (0x0000000091bff9f0) 
thrown [s\src\hotspot\share\prims\jni.cpp, line 517]
Event: 20.596 Thread 0x000001e14c5cb3e0 Exception <a 'sun/nio/fs/WindowsException'{0x0000000091a012a8}> (0x0000000091a012a8) 
thrown [s\src\hotspot\share\prims\jni.cpp, line 517]
Event: 20.596 Thread 0x000001e14c5cb3e0 Exception <a 'sun/nio/fs/WindowsException'{0x0000000091a02670}> (0x0000000091a02670) 
thrown [s\src\hotspot\share\prims\jni.cpp, line 517]
Event: 20.596 Thread 0x000001e14c5cb3e0 Exception <a 'sun/nio/fs/WindowsException'{0x0000000091a03a38}> (0x0000000091a03a38) 
thrown [s\src\hotspot\share\prims\jni.cpp, line 517]
Event: 20.664 Thread 0x000001e14c5cb3e0 Exception <a 'java/lang/NoSuchMethodError'{0x00000000917e06a0}: 'int java.lang.invoke.DirectMethodHandle$Holder.invokeSpecialIFC(java.lang.Object, java.lang.Object, java.lang.Object)'> (0x00000000917e06a0) 
thrown [s\src\hotspot\share\interpreter\linkResolver.cpp, line 771]
Event: 20.691 Thread 0x000001e14c5cb3e0 Exception <a 'java/lang/NoSuchMethodError'{0x00000000916ef690}: 'java.lang.Object java.lang.invoke.Invokers$Holder.linkToTargetMethod(java.lang.Object, java.lang.Object, java.lang.Object, int, java.lang.Object, java.lang.Object)'> (0x00000000916ef690) 
thrown [s\src\hotspot\share\interpreter\linkResolver.cpp, line 771]
Event: 20.811 Thread 0x000001e14c5cb3e0 Exception <a 'java/lang/NoSuchMethodError'{0x0000000090f5a7d8}: 'void java.lang.invoke.DirectMethodHandle$Holder.invokeStatic(java.lang.Object, java.lang.Object, java.lang.Object, java.lang.Object, int, java.lang.Object, java.lang.Object)'> (0x0000000090f5a7d8) 
thrown [s\src\hotspot\share\interpreter\linkResolver.cpp, line 771]
Event: 20.832 Thread 0x000001e14c5cb3e0 Exception <a 'java/lang/IncompatibleClassChangeError'{0x0000000090e420b8}: Found class java.lang.Object, but interface was expected> (0x0000000090e420b8) 
thrown [s\src\hotspot\share\interpreter\linkResolver.cpp, line 838]
Event: 21.053 Thread 0x000001e14debffc0 Implicit null exception at 0x000001e13c4b2b87 to 0x000001e13c4b32c8
Event: 21.072 Thread 0x000001e14debffc0 Exception <a 'java/lang/IncompatibleClassChangeError'{0x0000000090ddd628}: Found class java.lang.Object, but interface was expected> (0x0000000090ddd628) 
thrown [s\src\hotspot\share\interpreter\linkResolver.cpp, line 838]
Event: 21.079 Thread 0x000001e14debffc0 Exception <a 'java/lang/NoSuchMethodError'{0x0000000090c1a7e0}: 'void java.lang.invoke.DirectMethodHandle$Holder.invokeStatic(java.lang.Object, java.lang.Object, java.lang.Object, java.lang.Object, java.lang.Object, java.lang.Object)'> (0x0000000090c1a7e0) 
thrown [s\src\hotspot\share\interpreter\linkResolver.cpp, line 771]
Event: 21.095 Thread 0x000001e14debffc0 Exception <a 'java/lang/NoSuchMethodError'{0x0000000090ce5b28}: 'int java.lang.invoke.DirectMethodHandle$Holder.invokeStaticInit(java.lang.Object, java.lang.Object, java.lang.Object, java.lang.Object, java.lang.Object)'> (0x0000000090ce5b28) 
thrown [s\src\hotspot\share\interpreter\linkResolver.cpp, line 771]
Event: 21.530 Thread 0x000001e14c5cb3e0 Implicit null exception at 0x000001e13c2553f2 to 0x000001e13c255a6c
Event: 21.848 Thread 0x000001e14dec1ca0 Exception <a 'java/lang/NoSuchMethodError'{0x000000008ea39a30}: 'java.lang.Object java.lang.invoke.DirectMethodHandle$Holder.invokeSpecialIFC(java.lang.Object, java.lang.Object, java.lang.Object)'> (0x000000008ea39a30) 
thrown [s\src\hotspot\share\interpreter\linkResolver.cpp, line 771]
Event: 21.848 Thread 0x000001e14dec17d0 Exception <a 'java/lang/NoSuchMethodError'{0x000000008ea231f0}: 'java.lang.Object java.lang.invoke.DirectMethodHandle$Holder.invokeSpecialIFC(java.lang.Object, java.lang.Object, java.lang.Object)'> (0x000000008ea231f0) 
thrown [s\src\hotspot\share\interpreter\linkResolver.cpp, line 771]
Event: 21.849 Thread 0x000001e14dec2170 Exception <a 'java/lang/NoSuchMethodError'{0x000000008ea0d660}: 'java.lang.Object java.lang.invoke.DirectMethodHandle$Holder.invokeSpecialIFC(java.lang.Object, java.lang.Object, java.lang.Object)'> (0x000000008ea0d660) 
thrown [s\src\hotspot\share\interpreter\linkResolver.cpp, line 771]
Event: 23.892 Thread 0x000001e14dec64d0 Exception <a 'java/lang/NoSuchMethodError'{0x000000009141b1f8}: 'void java.lang.invoke.DirectMethodHandle$Holder.invokeVirtual(java.lang.Object, java.lang.Object)'> (0x000000009141b1f8) 
thrown [s\src\hotspot\share\interpreter\linkResolver.cpp, line 771]

VM Operations (20 events):
Event: 22.730 Executing VM operation: ICBufferFull
Event: 22.731 Executing VM operation: ICBufferFull done
Event: 22.994 Executing VM operation: G1CollectForAllocation
Event: 23.006 Executing VM operation: G1CollectForAllocation done
Event: 23.075 Executing VM operation: G1CollectForAllocation
Event: 23.081 Executing VM operation: G1CollectForAllocation done
Event: 23.297 Executing VM operation: ICBufferFull
Event: 23.297 Executing VM operation: ICBufferFull done
Event: 23.379 Executing VM operation: ICBufferFull
Event: 23.379 Executing VM operation: ICBufferFull done
Event: 23.451 Executing VM operation: ICBufferFull
Event: 23.451 Executing VM operation: ICBufferFull done
Event: 23.681 Executing VM operation: ICBufferFull
Event: 23.681 Executing VM operation: ICBufferFull done
Event: 23.932 Executing VM operation: HandshakeAllThreads
Event: 23.932 Executing VM operation: HandshakeAllThreads done
Event: 23.937 Executing VM operation: ICBufferFull
Event: 23.937 Executing VM operation: ICBufferFull done
Event: 23.988 Executing VM operation: G1CollectForAllocation
Event: 24.006 Executing VM operation: G1CollectForAllocation done

Events (20 events):
Event: 21.410 loading class javax/xml/stream/events/Namespace
Event: 21.410 loading class javax/xml/stream/events/Attribute
Event: 21.410 loading class javax/xml/stream/events/Attribute done
Event: 21.410 loading class javax/xml/stream/events/Namespace done
Event: 21.410 loading class com/sun/xml/internal/stream/events/AttributeImpl
Event: 21.411 loading class com/sun/xml/internal/stream/events/AttributeImpl done
Event: 21.411 loading class com/sun/xml/internal/stream/events/NamespaceImpl done
Event: 21.411 loading class com/sun/org/apache/xerces/internal/util/NamespaceSupport$Prefixes
Event: 21.411 loading class com/sun/org/apache/xerces/internal/util/NamespaceSupport$Prefixes done
Event: 21.411 loading class com/sun/xml/internal/stream/events/CharacterEvent
Event: 21.411 loading class javax/xml/stream/events/Characters
Event: 21.411 loading class javax/xml/stream/events/Characters done
Event: 21.411 loading class com/sun/xml/internal/stream/events/CharacterEvent done
Event: 21.411 loading class com/sun/xml/internal/stream/events/EndElementEvent
Event: 21.411 loading class javax/xml/stream/events/EndElement
Event: 21.411 loading class javax/xml/stream/events/EndElement done
Event: 21.411 loading class com/sun/xml/internal/stream/events/EndElementEvent done
Event: 22.179 Thread 0x000001e151761ee0 Thread exited: 0x000001e151761ee0
Event: 23.312 loading class java/util/LinkedList$LLSpliterator
Event: 23.312 loading class java/util/LinkedList$LLSpliterator done


Dynamic libraries:
0x00007ff601720000 - 0x00007ff60172a000 	C:\Program Files\Android\Android Studio\jbr\bin\java.exe
0x00007ffef05b0000 - 0x00007ffef07a8000 	C:\WINDOWS\SYSTEM32\ntdll.dll
0x00007ffeef3e0000 - 0x00007ffeef49f000 	C:\WINDOWS\System32\KERNEL32.DLL
0x00007ffeee0d0000 - 0x00007ffeee3c6000 	C:\WINDOWS\System32\KERNELBASE.dll
0x00007ffeedeb0000 - 0x00007ffeedfb0000 	C:\WINDOWS\System32\ucrtbase.dll
0x00007ffee3ae0000 - 0x00007ffee3af7000 	C:\Program Files\Android\Android Studio\jbr\bin\jli.dll
0x00007ffee3820000 - 0x00007ffee383b000 	C:\Program Files\Android\Android Studio\jbr\bin\VCRUNTIME140.dll
0x00007ffeef5a0000 - 0x00007ffeef73d000 	C:\WINDOWS\System32\USER32.dll
0x00007ffeee3d0000 - 0x00007ffeee3f2000 	C:\WINDOWS\System32\win32u.dll
0x00007ffee11c0000 - 0x00007ffee145a000 	C:\WINDOWS\WinSxS\amd64_microsoft.windows.common-controls_6595b64144ccf1df_6.0.19041.1110_none_60b5254171f9507e\COMCTL32.dll
0x00007ffeef8c0000 - 0x00007ffeef8ec000 	C:\WINDOWS\System32\GDI32.dll
0x00007ffeef970000 - 0x00007ffeefa0e000 	C:\WINDOWS\System32\msvcrt.dll
0x00007ffeee400000 - 0x00007ffeee515000 	C:\WINDOWS\System32\gdi32full.dll
0x00007ffeee570000 - 0x00007ffeee60d000 	C:\WINDOWS\System32\msvcp_win.dll
0x00007ffeef570000 - 0x00007ffeef5a0000 	C:\WINDOWS\System32\IMM32.DLL
0x00007ffee3760000 - 0x00007ffee376c000 	C:\Program Files\Android\Android Studio\jbr\bin\vcruntime140_1.dll
0x00007ffedac00000 - 0x00007ffedac8d000 	C:\Program Files\Android\Android Studio\jbr\bin\msvcp140.dll
0x00007ffec4b80000 - 0x00007ffec57ee000 	C:\Program Files\Android\Android Studio\jbr\bin\server\jvm.dll
0x00007ffeefb40000 - 0x00007ffeefbef000 	C:\WINDOWS\System32\ADVAPI32.dll
0x00007ffeefed0000 - 0x00007ffeeff6c000 	C:\WINDOWS\System32\sechost.dll
0x00007ffeefa10000 - 0x00007ffeefb36000 	C:\WINDOWS\System32\RPCRT4.dll
0x00007ffee97b0000 - 0x00007ffee97b9000 	C:\WINDOWS\SYSTEM32\WSOCK32.dll
0x00007ffeef7f0000 - 0x00007ffeef85b000 	C:\WINDOWS\System32\WS2_32.dll
0x00007ffee2b60000 - 0x00007ffee2b87000 	C:\WINDOWS\SYSTEM32\WINMM.dll
0x00007ffee72a0000 - 0x00007ffee72aa000 	C:\WINDOWS\SYSTEM32\VERSION.dll
0x00007ffeebb50000 - 0x00007ffeebb62000 	C:\WINDOWS\SYSTEM32\kernel.appcore.dll
0x00007ffee8470000 - 0x00007ffee847a000 	C:\Program Files\Android\Android Studio\jbr\bin\jimage.dll
0x00007ffedd400000 - 0x00007ffedd5e4000 	C:\WINDOWS\SYSTEM32\DBGHELP.DLL
0x00007ffedd3c0000 - 0x00007ffedd3f4000 	C:\WINDOWS\SYSTEM32\dbgcore.DLL
0x00007ffeedc90000 - 0x00007ffeedd12000 	C:\WINDOWS\System32\bcryptPrimitives.dll
0x00007ffee5c60000 - 0x00007ffee5c85000 	C:\Program Files\Android\Android Studio\jbr\bin\java.dll
0x00007ffee5ce0000 - 0x00007ffee5cf8000 	C:\Program Files\Android\Android Studio\jbr\bin\zip.dll
0x00007ffeee730000 - 0x00007ffeeee74000 	C:\WINDOWS\System32\SHELL32.dll
0x00007ffeebd50000 - 0x00007ffeec4e3000 	C:\WINDOWS\SYSTEM32\windows.storage.dll
0x00007ffeef010000 - 0x00007ffeef364000 	C:\WINDOWS\System32\combase.dll
0x00007ffeed600000 - 0x00007ffeed62e000 	C:\WINDOWS\SYSTEM32\Wldp.dll
0x00007ffeefe20000 - 0x00007ffeefecd000 	C:\WINDOWS\System32\SHCORE.dll
0x00007ffeefc10000 - 0x00007ffeefc65000 	C:\WINDOWS\System32\shlwapi.dll
0x00007ffeedbc0000 - 0x00007ffeedbe5000 	C:\WINDOWS\SYSTEM32\profapi.dll
0x00007ffee5c00000 - 0x00007ffee5c19000 	C:\Program Files\Android\Android Studio\jbr\bin\net.dll
0x00007ffee6e90000 - 0x00007ffee6f9a000 	C:\WINDOWS\SYSTEM32\WINHTTP.dll
0x00007ffeed360000 - 0x00007ffeed3ca000 	C:\WINDOWS\system32\mswsock.dll
0x00007ffee3c90000 - 0x00007ffee3ca6000 	C:\Program Files\Android\Android Studio\jbr\bin\nio.dll
0x00007ffee5c50000 - 0x00007ffee5c60000 	C:\Program Files\Android\Android Studio\jbr\bin\verify.dll
0x00007ffee2970000 - 0x00007ffee2997000 	C:\Users\Sir\.gradle\native\e1d6ef7f7dcc3fd88c89a11ec53ec762bb8ba0a96d01ffa2cd45eb1d1d8dd5c5\windows-amd64\native-platform.dll
0x00007ffecbf80000 - 0x00007ffecc0c4000 	C:\Users\Sir\.gradle\native\0d407fdbe67a94daf76414ababcb853783967236a71b16ec16e742cd7a986fd3\windows-amd64\native-platform-file-events.dll
0x00007ffee5bf0000 - 0x00007ffee5bf9000 	C:\Program Files\Android\Android Studio\jbr\bin\management.dll
0x00007ffee3c80000 - 0x00007ffee3c8b000 	C:\Program Files\Android\Android Studio\jbr\bin\management_ext.dll
0x00007ffeef3d0000 - 0x00007ffeef3d8000 	C:\WINDOWS\System32\PSAPI.DLL
0x00007ffeed560000 - 0x00007ffeed578000 	C:\WINDOWS\SYSTEM32\CRYPTSP.dll
0x00007ffeecc70000 - 0x00007ffeecca4000 	C:\WINDOWS\system32\rsaenh.dll
0x00007ffeedd20000 - 0x00007ffeedd47000 	C:\WINDOWS\System32\bcrypt.dll
0x00007ffeedb80000 - 0x00007ffeedbae000 	C:\WINDOWS\SYSTEM32\USERENV.dll
0x00007ffeed550000 - 0x00007ffeed55c000 	C:\WINDOWS\SYSTEM32\CRYPTBASE.dll
0x00007ffeed050000 - 0x00007ffeed08b000 	C:\WINDOWS\SYSTEM32\IPHLPAPI.DLL
0x00007ffeef740000 - 0x00007ffeef748000 	C:\WINDOWS\System32\NSI.dll
0x00007ffee7960000 - 0x00007ffee7977000 	C:\WINDOWS\SYSTEM32\dhcpcsvc6.DLL
0x00007ffee7900000 - 0x00007ffee791d000 	C:\WINDOWS\SYSTEM32\dhcpcsvc.DLL
0x00007ffeed090000 - 0x00007ffeed15a000 	C:\WINDOWS\SYSTEM32\DNSAPI.dll
0x00007ffee3ad0000 - 0x00007ffee3ad7000 	C:\WINDOWS\system32\wshunix.dll
0x00007ffee0b10000 - 0x00007ffee0b1a000 	C:\Windows\System32\rasadhlp.dll
0x00007ffee0db0000 - 0x00007ffee0e32000 	C:\WINDOWS\System32\fwpuclnt.dll

dbghelp: loaded successfully - version: 4.0.5 - missing functions: none
symbol engine: initialized successfully - sym options: 0x614 - pdb path: .;C:\Program Files\Android\Android Studio\jbr\bin;C:\WINDOWS\SYSTEM32;C:\WINDOWS\WinSxS\amd64_microsoft.windows.common-controls_6595b64144ccf1df_6.0.19041.1110_none_60b5254171f9507e;C:\Program Files\Android\Android Studio\jbr\bin\server;C:\Users\Sir\.gradle\native\e1d6ef7f7dcc3fd88c89a11ec53ec762bb8ba0a96d01ffa2cd45eb1d1d8dd5c5\windows-amd64;C:\Users\Sir\.gradle\native\0d407fdbe67a94daf76414ababcb853783967236a71b16ec16e742cd7a986fd3\windows-amd64

VM Arguments:
jvm_args: --add-opens=java.base/java.util=ALL-UNNAMED --add-opens=java.base/java.lang=ALL-UNNAMED --add-opens=java.base/java.lang.invoke=ALL-UNNAMED --add-opens=java.base/java.util=ALL-UNNAMED --add-opens=java.prefs/java.util.prefs=ALL-UNNAMED --add-opens=java.prefs/java.util.prefs=ALL-UNNAMED --add-opens=java.base/java.nio.charset=ALL-UNNAMED --add-opens=java.base/java.net=ALL-UNNAMED --add-opens=java.base/java.util.concurrent.atomic=ALL-UNNAMED -Xmx2048m -Dfile.encoding=UTF-8 -Duser.country=US -Duser.language=en -Duser.variant 
java_command: org.gradle.launcher.daemon.bootstrap.GradleDaemon 7.5
java_class_path (initial): C:\Users\Sir\.gradle\wrapper\dists\gradle-7.5-bin\f1w0cc9nuo0eivz97x2xlu9sv\gradle-7.5\lib\gradle-launcher-7.5.jar
Launcher Type: SUN_STANDARD

[Global flags]
     intx CICompilerCount                          = 3                                         {product} {ergonomic}
     uint ConcGCThreads                            = 1                                         {product} {ergonomic}
     uint G1ConcRefinementThreads                  = 4                                         {product} {ergonomic}
   size_t G1HeapRegionSize                         = 1048576                                   {product} {ergonomic}
    uintx GCDrainStackTargetSize                   = 64                                        {product} {ergonomic}
   size_t InitialHeapSize                          = 134217728                                 {product} {ergonomic}
   size_t MarkStackSize                            = 4194304                                   {product} {ergonomic}
   size_t MaxHeapSize                              = 2147483648                                {product} {command line}
   size_t MaxNewSize                               = 1287651328                                {product} {ergonomic}
   size_t MinHeapDeltaBytes                        = 1048576                                   {product} {ergonomic}
   size_t MinHeapSize                              = 8388608                                   {product} {ergonomic}
    uintx NonNMethodCodeHeapSize                   = 5832780                                {pd product} {ergonomic}
    uintx NonProfiledCodeHeapSize                  = 122912730                              {pd product} {ergonomic}
    uintx ProfiledCodeHeapSize                     = 122912730                              {pd product} {ergonomic}
    uintx ReservedCodeCacheSize                    = 251658240                              {pd product} {ergonomic}
     bool SegmentedCodeCache                       = true                                      {product} {ergonomic}
   size_t SoftMaxHeapSize                          = 2147483648                             {manageable} {ergonomic}
     bool UseCompressedClassPointers               = true                           {product lp64_product} {ergonomic}
     bool UseCompressedOops                        = true                           {product lp64_product} {ergonomic}
     bool UseG1GC                                  = true                                      {product} {ergonomic}
     bool UseLargePagesIndividualAllocation        = false                                  {pd product} {ergonomic}

Logging:
Log output configuration:
 #0: stdout all=warning uptime,level,tags
 #1: stderr all=off uptime,level,tags

Environment Variables:
JAVA_HOME=C:\Program Files\Java\jdk-19
PATH=C:\Program Files\Common Files\Oracle\Java\javapath;C:\WINDOWS\system32;C:\WINDOWS;C:\WINDOWS\System32\Wbem;C:\WINDOWS\System32\WindowsPowerShell\v1.0\;C:\WINDOWS\System32\OpenSSH\;C:\Program Files\Java\jdk-17.0.2\bin;D:\Parth\jadx-1.4.4\bin;C:\Program Files\Git\cmd;C:\Program Files\Java\jdk-19\bin;C:\Users\Sir\AppData\Local\Microsoft\WindowsApps
USERNAME=Sir
OS=Windows_NT
PROCESSOR_IDENTIFIER=Intel64 Family 6 Model 58 Stepping 9, GenuineIntel
TMP=C:\Users\Sir\AppData\Local\Temp
TEMP=C:\Users\Sir\AppData\Local\Temp


JNI global refs:
JNI global refs: 26, weak refs: 16

JNI global refs memory usage: 843, weak refs: 841


---------------  S Y S T E M  ---------------

OS:
 Windows 10 , 64 bit Build 19041 (10.0.19041.3155)
OS uptime: 2 days 3:24 hours

CPU: total 4 (initial active 4) (4 cores per cpu, 1 threads per core) family 6 model 58 stepping 9 microcode 0x21, cx8, cmov, fxsr, mmx, sse, sse2, sse3, ssse3, sse4.1, sse4.2, popcnt, tsc, tscinvbit, avx, aes, erms, clmul, vzeroupper, clflush

Memory: 4k page, system-wide physical 8065M (707M free)
TotalPageFile size 12161M (AvailPageFile size 5M)
current process WorkingSet (physical memory assigned to process): 591M, peak: 591M
current process commit charge ("private bytes"): 618M, peak: 620M

vm_info: OpenJDK 64-Bit Server VM (17.0.6+0-b2043.56-10027231) for windows-amd64 JRE (17.0.6+0-b2043.56-10027231), built on Apr 28 2023 00:43:19 by "androidbuild" with MS VC++ 16.10 / 16.11 (VS2019)

END.
