#
# There is insufficient memory for the Java Runtime Environment to continue.
# Native memory allocation (malloc) failed to allocate 1336560 bytes for Chunk::new
# Possible reasons:
#   The system is out of physical RAM or swap space
#   The process is running with CompressedOops enabled, and the Java Heap may be blocking the growth of the native heap
# Possible solutions:
#   Reduce memory load on the system
#   Increase physical memory or swap space
#   Check if swap backing store is full
#   Decrease Java heap size (-Xmx/-Xms)
#   Decrease number of Java threads
#   Decrease Java thread stack sizes (-Xss)
#   Set larger code cache with -XX:ReservedCodeCacheSize=
#   JVM is running with Unscaled Compressed Oops mode in which the Java heap is
#     placed in the first 4GB address space. The Java Heap base address is the
#     maximum limit for the native heap growth. Please use -XX:HeapBaseMinAddress
#     to set the Java Heap base and to place the Java Heap above 4GB virtual address.
# This output file may be truncated or incomplete.
#
#  Out of Memory Error (arena.cpp:189), pid=1236, tid=9536
#
# JRE version: OpenJDK Runtime Environment (17.0.6) (build 17.0.6+0-b2043.56-10027231)
# Java VM: OpenJDK 64-Bit Server VM (17.0.6+0-b2043.56-10027231, mixed mode, tiered, compressed oops, compressed class ptrs, g1 gc, windows-amd64)
# No core dump will be written. Minidumps are not enabled by default on client versions of Windows
#

---------------  S U M M A R Y ------------

Command Line: --add-opens=java.base/java.util=ALL-UNNAMED --add-opens=java.base/java.lang=ALL-UNNAMED --add-opens=java.base/java.lang.invoke=ALL-UNNAMED --add-opens=java.base/java.util=ALL-UNNAMED --add-opens=java.prefs/java.util.prefs=ALL-UNNAMED --add-opens=java.prefs/java.util.prefs=ALL-UNNAMED --add-opens=java.base/java.nio.charset=ALL-UNNAMED --add-opens=java.base/java.net=ALL-UNNAMED --add-opens=java.base/java.util.concurrent.atomic=ALL-UNNAMED -Xmx2048m -Dfile.encoding=UTF-8 -Duser.country=US -Duser.language=en -Duser.variant org.gradle.launcher.daemon.bootstrap.GradleDaemon 7.5

Host: Intel(R) Core(TM) i5-3470 CPU @ 3.20GHz, 4 cores, 7G,  Windows 10 , 64 bit Build 19041 (10.0.19041.3155)
Time: Sat Sep  2 12:01:14 2023 India Standard Time elapsed time: 6.163783 seconds (0d 0h 0m 6s)

---------------  T H R E A D  ---------------

Current thread (0x00000210ffe17060):  JavaThread "C2 CompilerThread1" daemon [_thread_in_native, id=9536, stack(0x0000005db1d00000,0x0000005db1e00000)]


Current CompileTask:
C2:   6163 4298       4       groovy.lang.MetaClassImpl$1MOPIter::methodNameAction (325 bytes)

Stack: [0x0000005db1d00000,0x0000005db1e00000]
Native frames: (J=compiled Java code, j=interpreted, Vv=VM code, C=native code)
V  [jvm.dll+0x683c9a]
V  [jvm.dll+0x8427a4]
V  [jvm.dll+0x843f9e]
V  [jvm.dll+0x844603]
V  [jvm.dll+0x249b75]
V  [jvm.dll+0xabcac]
V  [jvm.dll+0xac27c]
V  [jvm.dll+0x368857]
V  [jvm.dll+0x1bd0b8]
V  [jvm.dll+0x21c359]
V  [jvm.dll+0x21b621]
V  [jvm.dll+0x1a4fdd]
V  [jvm.dll+0x22b098]
V  [jvm.dll+0x229159]
V  [jvm.dll+0x7f81ec]
V  [jvm.dll+0x7f274a]
V  [jvm.dll+0x682ad5]
C  [ucrtbase.dll+0x21bb2]
C  [KERNEL32.DLL+0x17614]
C  [ntdll.dll+0x526b1]


---------------  P R O C E S S  ---------------

Threads class SMR info:
_java_thread_list=0x00000210948d33f0, length=38, elements={
0x00000210f54b7ea0, 0x00000210ffa9f260, 0x00000210ffaa0e90, 0x00000210ffbd60f0,
0x00000210ffbd6ab0, 0x00000210ffbd9380, 0x00000210ffbd9c40, 0x00000210ffbdbc40,
0x00000210ffbe3bd0, 0x00000210ffc088c0, 0x00000210ffd7b340, 0x00000210ffd7dc30,
0x00000210ffe17060, 0x000002109238c010, 0x0000021090f588e0, 0x00000210904c0390,
0x0000021091d64000, 0x0000021090c970d0, 0x00000210900da450, 0x0000021090f27390,
0x000002108ffac6b0, 0x000002108ffacb80, 0x000002108ffae860, 0x000002108ffad050,
0x000002108ffad520, 0x000002108ffad9f0, 0x000002108ffaed30, 0x000002108ffaf200,
0x000002108ffae390, 0x000002108ffaf6d0, 0x000002108ffac1e0, 0x000002108ffafba0,
0x0000021092795d10, 0x0000021092795370, 0x00000210927966b0, 0x000002109279b3b0,
0x000002109279aa10, 0x000002109279aee0
}

Java Threads: ( => current thread )
  0x00000210f54b7ea0 JavaThread "main" [_thread_blocked, id=12700, stack(0x0000005db0900000,0x0000005db0a00000)]
  0x00000210ffa9f260 JavaThread "Reference Handler" daemon [_thread_blocked, id=1196, stack(0x0000005db1000000,0x0000005db1100000)]
  0x00000210ffaa0e90 JavaThread "Finalizer" daemon [_thread_blocked, id=9744, stack(0x0000005db1100000,0x0000005db1200000)]
  0x00000210ffbd60f0 JavaThread "Signal Dispatcher" daemon [_thread_blocked, id=8688, stack(0x0000005db1300000,0x0000005db1400000)]
  0x00000210ffbd6ab0 JavaThread "Attach Listener" daemon [_thread_blocked, id=12400, stack(0x0000005db1400000,0x0000005db1500000)]
  0x00000210ffbd9380 JavaThread "Service Thread" daemon [_thread_blocked, id=7220, stack(0x0000005db1500000,0x0000005db1600000)]
  0x00000210ffbd9c40 JavaThread "Monitor Deflation Thread" daemon [_thread_blocked, id=7684, stack(0x0000005db1600000,0x0000005db1700000)]
  0x00000210ffbdbc40 JavaThread "C2 CompilerThread0" daemon [_thread_in_native, id=5972, stack(0x0000005db1700000,0x0000005db1800000)]
  0x00000210ffbe3bd0 JavaThread "C1 CompilerThread0" daemon [_thread_blocked, id=13984, stack(0x0000005db1800000,0x0000005db1900000)]
  0x00000210ffc088c0 JavaThread "Sweeper thread" daemon [_thread_blocked, id=13676, stack(0x0000005db1900000,0x0000005db1a00000)]
  0x00000210ffd7b340 JavaThread "Common-Cleaner" daemon [_thread_blocked, id=10112, stack(0x0000005db1a00000,0x0000005db1b00000)]
  0x00000210ffd7dc30 JavaThread "Notification Thread" daemon [_thread_blocked, id=4376, stack(0x0000005db1b00000,0x0000005db1c00000)]
=>0x00000210ffe17060 JavaThread "C2 CompilerThread1" daemon [_thread_in_native, id=9536, stack(0x0000005db1d00000,0x0000005db1e00000)]
  0x000002109238c010 JavaThread "Daemon health stats" [_thread_blocked, id=12552, stack(0x0000005db2100000,0x0000005db2200000)]
  0x0000021090f588e0 JavaThread "Incoming local TCP Connector on port 49159" [_thread_in_native, id=7368, stack(0x0000005db2200000,0x0000005db2300000)]
  0x00000210904c0390 JavaThread "Daemon periodic checks" [_thread_blocked, id=13992, stack(0x0000005db2300000,0x0000005db2400000)]
  0x0000021091d64000 JavaThread "Daemon" [_thread_blocked, id=5904, stack(0x0000005db2400000,0x0000005db2500000)]
  0x0000021090c970d0 JavaThread "Handler for socket connection from /127.0.0.1:49159 to /127.0.0.1:49160" [_thread_in_native, id=3660, stack(0x0000005db2500000,0x0000005db2600000)]
  0x00000210900da450 JavaThread "Cancel handler" [_thread_blocked, id=13024, stack(0x0000005db2600000,0x0000005db2700000)]
  0x0000021090f27390 JavaThread "Daemon worker" [_thread_in_Java, id=4184, stack(0x0000005db2700000,0x0000005db2800000)]
  0x000002108ffac6b0 JavaThread "Asynchronous log dispatcher for DefaultDaemonConnection: socket connection from /127.0.0.1:49159 to /127.0.0.1:49160" [_thread_blocked, id=7844, stack(0x0000005db2800000,0x0000005db2900000)]
  0x000002108ffacb80 JavaThread "Stdin handler" [_thread_blocked, id=8676, stack(0x0000005db2900000,0x0000005db2a00000)]
  0x000002108ffae860 JavaThread "Daemon client event forwarder" [_thread_blocked, id=12936, stack(0x0000005db2a00000,0x0000005db2b00000)]
  0x000002108ffad050 JavaThread "Cache worker for journal cache (C:\Users\Sir\.gradle\caches\journal-1)" [_thread_blocked, id=12380, stack(0x0000005db2b00000,0x0000005db2c00000)]
  0x000002108ffad520 JavaThread "File lock request listener" [_thread_in_native, id=8760, stack(0x0000005db2c00000,0x0000005db2d00000)]
  0x000002108ffad9f0 JavaThread "Cache worker for file hash cache (C:\Users\Sir\.gradle\caches\7.5\fileHashes)" [_thread_blocked, id=2052, stack(0x0000005db2d00000,0x0000005db2e00000)]
  0x000002108ffaed30 JavaThread "File watcher server" daemon [_thread_in_native, id=13452, stack(0x0000005db2e00000,0x0000005db2f00000)]
  0x000002108ffaf200 JavaThread "File watcher consumer" daemon [_thread_blocked, id=10792, stack(0x0000005db2f00000,0x0000005db3000000)]
  0x000002108ffae390 JavaThread "jar transforms" [_thread_blocked, id=668, stack(0x0000005db3000000,0x0000005db3100000)]
  0x000002108ffaf6d0 JavaThread "jar transforms Thread 2" [_thread_blocked, id=10456, stack(0x0000005db3100000,0x0000005db3200000)]
  0x000002108ffac1e0 JavaThread "jar transforms Thread 3" [_thread_blocked, id=9580, stack(0x0000005db3200000,0x0000005db3300000)]
  0x000002108ffafba0 JavaThread "jar transforms Thread 4" [_thread_blocked, id=13656, stack(0x0000005db3300000,0x0000005db3400000)]
  0x0000021092795d10 JavaThread "Cache worker for checksums cache (G:\App\Account\Hardik\Ads Depedency\Ads Library\.gradle\7.5\checksums)" [_thread_blocked, id=11604, stack(0x0000005db3400000,0x0000005db3500000)]
  0x0000021092795370 JavaThread "Cache worker for cache directory md-rule (C:\Users\Sir\.gradle\caches\7.5\md-rule)" [_thread_blocked, id=12776, stack(0x0000005db3500000,0x0000005db3600000)]
  0x00000210927966b0 JavaThread "Cache worker for file content cache (C:\Users\Sir\.gradle\caches\7.5\fileContent)" [_thread_blocked, id=5476, stack(0x0000005db3600000,0x0000005db3700000)]
  0x000002109279b3b0 JavaThread "Cache worker for file hash cache (G:\App\Account\Hardik\Ads Depedency\Ads Library\.gradle\7.5\fileHashes)" [_thread_blocked, id=9932, stack(0x0000005db3700000,0x0000005db3800000)]
  0x000002109279aa10 JavaThread "Cache worker for cache directory md-supplier (C:\Users\Sir\.gradle\caches\7.5\md-supplier)" [_thread_blocked, id=7112, stack(0x0000005db3800000,0x0000005db3900000)]
  0x000002109279aee0 JavaThread "Cache worker for execution history cache (C:\Users\Sir\.gradle\caches\7.5\executionHistory)" [_thread_blocked, id=1748, stack(0x0000005db3900000,0x0000005db3a00000)]

Other Threads:
  0x00000210ffa7a890 VMThread "VM Thread" [stack: 0x0000005db0f00000,0x0000005db1000000] [id=3076]
  0x00000210ffd79010 WatcherThread [stack: 0x0000005db1c00000,0x0000005db1d00000] [id=9408]
  0x00000210f55164d0 GCTaskThread "GC Thread#0" [stack: 0x0000005db0a00000,0x0000005db0b00000] [id=5312]
  0x000002108fb09b00 GCTaskThread "GC Thread#1" [stack: 0x0000005db1e00000,0x0000005db1f00000] [id=2280]
  0x000002108fb09db0 GCTaskThread "GC Thread#2" [stack: 0x0000005db1f00000,0x0000005db2000000] [id=5176]
  0x0000021090743250 GCTaskThread "GC Thread#3" [stack: 0x0000005db2000000,0x0000005db2100000] [id=252]
  0x00000210f5527320 ConcurrentGCThread "G1 Main Marker" [stack: 0x0000005db0b00000,0x0000005db0c00000] [id=4360]
  0x00000210f5527c40 ConcurrentGCThread "G1 Conc#0" [stack: 0x0000005db0c00000,0x0000005db0d00000] [id=7372]
  0x00000210f558e120 ConcurrentGCThread "G1 Refine#0" [stack: 0x0000005db0d00000,0x0000005db0e00000] [id=8736]
  0x00000210f558ea50 ConcurrentGCThread "G1 Service" [stack: 0x0000005db0e00000,0x0000005db0f00000] [id=14080]

Threads with active compile tasks:
C2 CompilerThread0     6183 4444       4       java.lang.PublicMethods$MethodList::merge (192 bytes)
C2 CompilerThread1     6183 4298       4       groovy.lang.MetaClassImpl$1MOPIter::methodNameAction (325 bytes)

VM state: not at safepoint (normal execution)

VM Mutex/Monitor currently owned by a thread: None

Heap address: 0x0000000080000000, size: 2048 MB, Compressed Oops mode: 32-bit

CDS archive(s) not mapped
Compressed class space mapped at: 0x0000000100000000-0x0000000140000000, reserved size: 1073741824
Narrow klass base: 0x0000000000000000, Narrow klass shift: 3, Narrow klass range: 0x140000000

GC Precious Log:
 CPUs: 4 total, 4 available
 Memory: 8065M
 Large Page Support: Disabled
 NUMA Support: Disabled
 Compressed Oops: Enabled (32-bit)
 Heap Region Size: 1M
 Heap Min Capacity: 8M
 Heap Initial Capacity: 128M
 Heap Max Capacity: 2G
 Pre-touch: Disabled
 Parallel Workers: 4
 Concurrent Workers: 1
 Concurrent Refinement Workers: 4
 Periodic GC: Disabled

Heap:
 garbage-first heap   total 117760K, used 68249K [0x0000000080000000, 0x0000000100000000)
  region size 1024K, 2 young (2048K), 1 survivors (1024K)
 Metaspace       used 48410K, committed 48896K, reserved 1097728K
  class space    used 6335K, committed 6528K, reserved 1048576K

Heap Regions: E=young(eden), S=young(survivor), O=old, HS=humongous(starts), HC=humongous(continues), CS=collection set, F=free, OA=open archive, CA=closed archive, TAMS=top-at-mark-start (previous, next)
|   0|0x0000000080000000, 0x0000000080100000, 0x0000000080100000|100%|HS|  |TAMS 0x0000000080100000, 0x0000000080000000| Complete 
|   1|0x0000000080100000, 0x0000000080200000, 0x0000000080200000|100%|HC|  |TAMS 0x0000000080200000, 0x0000000080100000| Complete 
|   2|0x0000000080200000, 0x0000000080300000, 0x0000000080300000|100%|HC|  |TAMS 0x0000000080300000, 0x0000000080200000| Complete 
|   3|0x0000000080300000, 0x0000000080400000, 0x0000000080400000|100%| O|  |TAMS 0x0000000080400000, 0x0000000080300000| Untracked 
|   4|0x0000000080400000, 0x0000000080500000, 0x0000000080500000|100%| O|  |TAMS 0x0000000080500000, 0x0000000080400000| Untracked 
|   5|0x0000000080500000, 0x0000000080600000, 0x0000000080600000|100%| O|  |TAMS 0x0000000080600000, 0x0000000080500000| Untracked 
|   6|0x0000000080600000, 0x0000000080700000, 0x0000000080700000|100%| O|  |TAMS 0x0000000080700000, 0x0000000080600000| Untracked 
|   7|0x0000000080700000, 0x0000000080800000, 0x0000000080800000|100%| O|  |TAMS 0x0000000080800000, 0x0000000080700000| Untracked 
|   8|0x0000000080800000, 0x0000000080900000, 0x0000000080900000|100%| O|  |TAMS 0x0000000080900000, 0x0000000080800000| Untracked 
|   9|0x0000000080900000, 0x0000000080a00000, 0x0000000080a00000|100%| O|  |TAMS 0x0000000080a00000, 0x0000000080900000| Untracked 
|  10|0x0000000080a00000, 0x0000000080a00000, 0x0000000080b00000|  0%| F|  |TAMS 0x0000000080a00000, 0x0000000080a00000| Untracked 
|  11|0x0000000080b00000, 0x0000000080c00000, 0x0000000080c00000|100%| O|  |TAMS 0x0000000080c00000, 0x0000000080b00000| Untracked 
|  12|0x0000000080c00000, 0x0000000080d00000, 0x0000000080d00000|100%| O|  |TAMS 0x0000000080d00000, 0x0000000080c00000| Untracked 
|  13|0x0000000080d00000, 0x0000000080e00000, 0x0000000080e00000|100%| O|  |TAMS 0x0000000080e00000, 0x0000000080d00000| Untracked 
|  14|0x0000000080e00000, 0x0000000080f00000, 0x0000000080f00000|100%| O|  |TAMS 0x0000000080f00000, 0x0000000080e00000| Untracked 
|  15|0x0000000080f00000, 0x0000000081000000, 0x0000000081000000|100%| O|  |TAMS 0x0000000081000000, 0x0000000080f00000| Untracked 
|  16|0x0000000081000000, 0x0000000081100000, 0x0000000081100000|100%| O|  |TAMS 0x0000000081100000, 0x0000000081000000| Untracked 
|  17|0x0000000081100000, 0x0000000081200000, 0x0000000081200000|100%| O|  |TAMS 0x0000000081200000, 0x0000000081100000| Untracked 
|  18|0x0000000081200000, 0x0000000081300000, 0x0000000081300000|100%|HS|  |TAMS 0x0000000081300000, 0x0000000081200000| Complete 
|  19|0x0000000081300000, 0x0000000081400000, 0x0000000081400000|100%|HC|  |TAMS 0x0000000081400000, 0x0000000081300000| Complete 
|  20|0x0000000081400000, 0x0000000081500000, 0x0000000081500000|100%|HS|  |TAMS 0x0000000081500000, 0x0000000081400000| Complete 
|  21|0x0000000081500000, 0x0000000081600000, 0x0000000081600000|100%|HC|  |TAMS 0x0000000081600000, 0x0000000081500000| Complete 
|  22|0x0000000081600000, 0x0000000081700000, 0x0000000081700000|100%|HC|  |TAMS 0x0000000081700000, 0x0000000081600000| Complete 
|  23|0x0000000081700000, 0x0000000081800000, 0x0000000081800000|100%| O|  |TAMS 0x0000000081800000, 0x0000000081700000| Untracked 
|  24|0x0000000081800000, 0x0000000081900000, 0x0000000081900000|100%| O|  |TAMS 0x0000000081900000, 0x0000000081800000| Untracked 
|  25|0x0000000081900000, 0x0000000081a00000, 0x0000000081a00000|100%| O|  |TAMS 0x0000000081a00000, 0x0000000081900000| Untracked 
|  26|0x0000000081a00000, 0x0000000081b00000, 0x0000000081b00000|100%|HS|  |TAMS 0x0000000081b00000, 0x0000000081a00000| Complete 
|  27|0x0000000081b00000, 0x0000000081c00000, 0x0000000081c00000|100%|HC|  |TAMS 0x0000000081c00000, 0x0000000081b00000| Complete 
|  28|0x0000000081c00000, 0x0000000081d00000, 0x0000000081d00000|100%|HC|  |TAMS 0x0000000081d00000, 0x0000000081c00000| Complete 
|  29|0x0000000081d00000, 0x0000000081e00000, 0x0000000081e00000|100%|HS|  |TAMS 0x0000000081e00000, 0x0000000081d00000| Complete 
|  30|0x0000000081e00000, 0x0000000081f00000, 0x0000000081f00000|100%|HC|  |TAMS 0x0000000081f00000, 0x0000000081e00000| Complete 
|  31|0x0000000081f00000, 0x0000000082000000, 0x0000000082000000|100%|HC|  |TAMS 0x0000000082000000, 0x0000000081f00000| Complete 
|  32|0x0000000082000000, 0x0000000082100000, 0x0000000082100000|100%|HC|  |TAMS 0x0000000082100000, 0x0000000082000000| Complete 
|  33|0x0000000082100000, 0x0000000082200000, 0x0000000082200000|100%|HC|  |TAMS 0x0000000082200000, 0x0000000082100000| Complete 
|  34|0x0000000082200000, 0x0000000082300000, 0x0000000082300000|100%|HC|  |TAMS 0x0000000082300000, 0x0000000082200000| Complete 
|  35|0x0000000082300000, 0x0000000082400000, 0x0000000082400000|100%|HC|  |TAMS 0x0000000082400000, 0x0000000082300000| Complete 
|  36|0x0000000082400000, 0x0000000082500000, 0x0000000082500000|100%|HC|  |TAMS 0x0000000082500000, 0x0000000082400000| Complete 
|  37|0x0000000082500000, 0x0000000082600000, 0x0000000082600000|100%|HC|  |TAMS 0x0000000082600000, 0x0000000082500000| Complete 
|  38|0x0000000082600000, 0x0000000082700000, 0x0000000082700000|100%|HC|  |TAMS 0x0000000082700000, 0x0000000082600000| Complete 
|  39|0x0000000082700000, 0x0000000082800000, 0x0000000082800000|100%|HC|  |TAMS 0x0000000082800000, 0x0000000082700000| Complete 
|  40|0x0000000082800000, 0x0000000082900000, 0x0000000082900000|100%|HC|  |TAMS 0x0000000082900000, 0x0000000082800000| Complete 
|  41|0x0000000082900000, 0x0000000082a00000, 0x0000000082a00000|100%| O|  |TAMS 0x0000000082a00000, 0x0000000082900000| Untracked 
|  42|0x0000000082a00000, 0x0000000082b00000, 0x0000000082b00000|100%|HS|  |TAMS 0x0000000082b00000, 0x0000000082a00000| Complete 
|  43|0x0000000082b00000, 0x0000000082c00000, 0x0000000082c00000|100%|HC|  |TAMS 0x0000000082c00000, 0x0000000082b00000| Complete 
|  44|0x0000000082c00000, 0x0000000082d00000, 0x0000000082d00000|100%| O|  |TAMS 0x0000000082d00000, 0x0000000082c00000| Untracked 
|  45|0x0000000082d00000, 0x0000000082e00000, 0x0000000082e00000|100%| O|  |TAMS 0x0000000082e00000, 0x0000000082d00000| Untracked 
|  46|0x0000000082e00000, 0x0000000082f00000, 0x0000000082f00000|100%| O|  |TAMS 0x0000000082f00000, 0x0000000082e00000| Untracked 
|  47|0x0000000082f00000, 0x0000000083000000, 0x0000000083000000|100%| O|  |TAMS 0x0000000083000000, 0x0000000082f00000| Untracked 
|  48|0x0000000083000000, 0x0000000083100000, 0x0000000083100000|100%| O|  |TAMS 0x0000000083100000, 0x0000000083000000| Untracked 
|  49|0x0000000083100000, 0x0000000083200000, 0x0000000083200000|100%| O|  |TAMS 0x0000000083200000, 0x0000000083100000| Untracked 
|  50|0x0000000083200000, 0x0000000083300000, 0x0000000083300000|100%| O|  |TAMS 0x0000000083300000, 0x0000000083200000| Untracked 
|  51|0x0000000083300000, 0x0000000083400000, 0x0000000083400000|100%| O|  |TAMS 0x0000000083400000, 0x0000000083300000| Untracked 
|  52|0x0000000083400000, 0x0000000083500000, 0x0000000083500000|100%| O|  |TAMS 0x0000000083500000, 0x0000000083400000| Untracked 
|  53|0x0000000083500000, 0x0000000083600000, 0x0000000083600000|100%| O|  |TAMS 0x0000000083600000, 0x0000000083500000| Untracked 
|  54|0x0000000083600000, 0x0000000083700000, 0x0000000083700000|100%| O|  |TAMS 0x00000000836b7c00, 0x0000000083600000| Untracked 
|  55|0x0000000083700000, 0x0000000083800000, 0x0000000083800000|100%|HS|  |TAMS 0x0000000083800000, 0x0000000083700000| Complete 
|  56|0x0000000083800000, 0x0000000083900000, 0x0000000083900000|100%|HC|  |TAMS 0x0000000083900000, 0x0000000083800000| Complete 
|  57|0x0000000083900000, 0x0000000083a00000, 0x0000000083a00000|100%|HC|  |TAMS 0x0000000083a00000, 0x0000000083900000| Complete 
|  58|0x0000000083a00000, 0x0000000083b00000, 0x0000000083b00000|100%|HS|  |TAMS 0x0000000083b00000, 0x0000000083a00000| Complete 
|  59|0x0000000083b00000, 0x0000000083c00000, 0x0000000083c00000|100%|HC|  |TAMS 0x0000000083c00000, 0x0000000083b00000| Complete 
|  60|0x0000000083c00000, 0x0000000083d00000, 0x0000000083d00000|100%|HC|  |TAMS 0x0000000083d00000, 0x0000000083c00000| Complete 
|  61|0x0000000083d00000, 0x0000000083e00000, 0x0000000083e00000|100%| O|  |TAMS 0x0000000083d00000, 0x0000000083d00000| Untracked 
|  62|0x0000000083e00000, 0x0000000083f00000, 0x0000000083f00000|100%| O|  |TAMS 0x0000000083e00000, 0x0000000083e00000| Untracked 
|  63|0x0000000083f00000, 0x0000000084000000, 0x0000000084000000|100%| O|  |TAMS 0x0000000083f00000, 0x0000000083f00000| Untracked 
|  64|0x0000000084000000, 0x0000000084100000, 0x0000000084100000|100%| O|  |TAMS 0x0000000084000000, 0x0000000084000000| Untracked 
|  65|0x0000000084100000, 0x0000000084200000, 0x0000000084200000|100%| O|  |TAMS 0x0000000084100000, 0x0000000084100000| Untracked 
|  66|0x0000000084200000, 0x0000000084300000, 0x0000000084300000|100%| O|  |TAMS 0x0000000084200000, 0x0000000084200000| Untracked 
|  67|0x0000000084300000, 0x0000000084320800, 0x0000000084400000| 12%| O|  |TAMS 0x0000000084300000, 0x0000000084300000| Untracked 
|  68|0x0000000084400000, 0x0000000084400000, 0x0000000084500000|  0%| F|  |TAMS 0x0000000084400000, 0x0000000084400000| Untracked 
|  69|0x0000000084500000, 0x0000000084500000, 0x0000000084600000|  0%| F|  |TAMS 0x0000000084500000, 0x0000000084500000| Untracked 
|  70|0x0000000084600000, 0x0000000084600000, 0x0000000084700000|  0%| F|  |TAMS 0x0000000084600000, 0x0000000084600000| Untracked 
|  71|0x0000000084700000, 0x0000000084700000, 0x0000000084800000|  0%| F|  |TAMS 0x0000000084700000, 0x0000000084700000| Untracked 
|  72|0x0000000084800000, 0x0000000084800000, 0x0000000084900000|  0%| F|  |TAMS 0x0000000084800000, 0x0000000084800000| Untracked 
|  73|0x0000000084900000, 0x0000000084900000, 0x0000000084a00000|  0%| F|  |TAMS 0x0000000084900000, 0x0000000084900000| Untracked 
|  74|0x0000000084a00000, 0x0000000084a00000, 0x0000000084b00000|  0%| F|  |TAMS 0x0000000084a00000, 0x0000000084a00000| Untracked 
|  75|0x0000000084b00000, 0x0000000084b00000, 0x0000000084c00000|  0%| F|  |TAMS 0x0000000084b00000, 0x0000000084b00000| Untracked 
|  76|0x0000000084c00000, 0x0000000084c00000, 0x0000000084d00000|  0%| F|  |TAMS 0x0000000084c00000, 0x0000000084c00000| Untracked 
|  77|0x0000000084d00000, 0x0000000084d00000, 0x0000000084e00000|  0%| F|  |TAMS 0x0000000084d00000, 0x0000000084d00000| Untracked 
|  78|0x0000000084e00000, 0x0000000084e00000, 0x0000000084f00000|  0%| F|  |TAMS 0x0000000084e00000, 0x0000000084e00000| Untracked 
|  79|0x0000000084f00000, 0x0000000084f00000, 0x0000000085000000|  0%| F|  |TAMS 0x0000000084f00000, 0x0000000084f00000| Untracked 
|  80|0x0000000085000000, 0x0000000085000000, 0x0000000085100000|  0%| F|  |TAMS 0x0000000085000000, 0x0000000085000000| Untracked 
|  81|0x0000000085100000, 0x0000000085100000, 0x0000000085200000|  0%| F|  |TAMS 0x0000000085100000, 0x0000000085100000| Untracked 
|  82|0x0000000085200000, 0x0000000085200000, 0x0000000085300000|  0%| F|  |TAMS 0x0000000085200000, 0x0000000085200000| Untracked 
|  83|0x0000000085300000, 0x0000000085300000, 0x0000000085400000|  0%| F|  |TAMS 0x0000000085300000, 0x0000000085300000| Untracked 
|  84|0x0000000085400000, 0x0000000085400000, 0x0000000085500000|  0%| F|  |TAMS 0x0000000085400000, 0x0000000085400000| Untracked 
|  85|0x0000000085500000, 0x0000000085500000, 0x0000000085600000|  0%| F|  |TAMS 0x0000000085500000, 0x0000000085500000| Untracked 
|  86|0x0000000085600000, 0x0000000085600000, 0x0000000085700000|  0%| F|  |TAMS 0x0000000085600000, 0x0000000085600000| Untracked 
|  87|0x0000000085700000, 0x0000000085700000, 0x0000000085800000|  0%| F|  |TAMS 0x0000000085700000, 0x0000000085700000| Untracked 
|  88|0x0000000085800000, 0x0000000085800000, 0x0000000085900000|  0%| F|  |TAMS 0x0000000085800000, 0x0000000085800000| Untracked 
|  89|0x0000000085900000, 0x0000000085900000, 0x0000000085a00000|  0%| F|  |TAMS 0x0000000085900000, 0x0000000085900000| Untracked 
|  90|0x0000000085a00000, 0x0000000085a00000, 0x0000000085b00000|  0%| F|  |TAMS 0x0000000085a00000, 0x0000000085a00000| Untracked 
|  91|0x0000000085b00000, 0x0000000085b00000, 0x0000000085c00000|  0%| F|  |TAMS 0x0000000085b00000, 0x0000000085b00000| Untracked 
|  92|0x0000000085c00000, 0x0000000085c00000, 0x0000000085d00000|  0%| F|  |TAMS 0x0000000085c00000, 0x0000000085c00000| Untracked 
|  93|0x0000000085d00000, 0x0000000085d00000, 0x0000000085e00000|  0%| F|  |TAMS 0x0000000085d00000, 0x0000000085d00000| Untracked 
|  94|0x0000000085e00000, 0x0000000085e00000, 0x0000000085f00000|  0%| F|  |TAMS 0x0000000085e00000, 0x0000000085e00000| Untracked 
|  95|0x0000000085f00000, 0x0000000085f00000, 0x0000000086000000|  0%| F|  |TAMS 0x0000000085f00000, 0x0000000085f00000| Untracked 
|  96|0x0000000086000000, 0x0000000086000000, 0x0000000086100000|  0%| F|  |TAMS 0x0000000086000000, 0x0000000086000000| Untracked 
|  97|0x0000000086100000, 0x0000000086100000, 0x0000000086200000|  0%| F|  |TAMS 0x0000000086100000, 0x0000000086100000| Untracked 
|  98|0x0000000086200000, 0x0000000086200000, 0x0000000086300000|  0%| F|  |TAMS 0x0000000086200000, 0x0000000086200000| Untracked 
|  99|0x0000000086300000, 0x0000000086300000, 0x0000000086400000|  0%| F|  |TAMS 0x0000000086300000, 0x0000000086300000| Untracked 
| 100|0x0000000086400000, 0x0000000086400000, 0x0000000086500000|  0%| F|  |TAMS 0x0000000086400000, 0x0000000086400000| Untracked 
| 101|0x0000000086500000, 0x0000000086500000, 0x0000000086600000|  0%| F|  |TAMS 0x0000000086500000, 0x0000000086500000| Untracked 
| 102|0x0000000086600000, 0x0000000086600000, 0x0000000086700000|  0%| F|  |TAMS 0x0000000086600000, 0x0000000086600000| Untracked 
| 103|0x0000000086700000, 0x0000000086700000, 0x0000000086800000|  0%| F|  |TAMS 0x0000000086700000, 0x0000000086700000| Untracked 
| 104|0x0000000086800000, 0x0000000086800000, 0x0000000086900000|  0%| F|  |TAMS 0x0000000086800000, 0x0000000086800000| Untracked 
| 105|0x0000000086900000, 0x0000000086900000, 0x0000000086a00000|  0%| F|  |TAMS 0x0000000086900000, 0x0000000086900000| Untracked 
| 106|0x0000000086a00000, 0x0000000086a00000, 0x0000000086b00000|  0%| F|  |TAMS 0x0000000086a00000, 0x0000000086a00000| Untracked 
| 107|0x0000000086b00000, 0x0000000086b00000, 0x0000000086c00000|  0%| F|  |TAMS 0x0000000086b00000, 0x0000000086b00000| Untracked 
| 108|0x0000000086c00000, 0x0000000086c00000, 0x0000000086d00000|  0%| F|  |TAMS 0x0000000086c00000, 0x0000000086c00000| Untracked 
| 109|0x0000000086d00000, 0x0000000086d00000, 0x0000000086e00000|  0%| F|  |TAMS 0x0000000086d00000, 0x0000000086d00000| Untracked 
| 110|0x0000000086e00000, 0x0000000086e00000, 0x0000000086f00000|  0%| F|  |TAMS 0x0000000086e00000, 0x0000000086e00000| Untracked 
| 111|0x0000000086f00000, 0x0000000086f85ce0, 0x0000000087000000| 52%| S|CS|TAMS 0x0000000086f00000, 0x0000000086f00000| Complete 
| 112|0x0000000087000000, 0x0000000087000000, 0x0000000087100000|  0%| F|  |TAMS 0x0000000087000000, 0x0000000087000000| Untracked 
| 113|0x0000000087100000, 0x0000000087169808, 0x0000000087200000| 41%| E|  |TAMS 0x0000000087100000, 0x0000000087100000| Complete 
| 127|0x0000000087f00000, 0x0000000088000000, 0x0000000088000000|100%| E|CS|TAMS 0x0000000087f00000, 0x0000000087f00000| Complete 

Card table byte_map: [0x00000210f8d90000,0x00000210f9190000] _byte_map_base: 0x00000210f8990000

Marking Bits (Prev, Next): (CMBitMap*) 0x00000210f5516a30, (CMBitMap*) 0x00000210f55169f0
 Prev Bits: [0x00000210fb590000, 0x00000210fd590000)
 Next Bits: [0x00000210f9590000, 0x00000210fb590000)

Polling page: 0x00000210f3340000

Metaspace:

Usage:
  Non-class:     41.11 MB used.
      Class:      6.19 MB used.
       Both:     47.30 MB used.

Virtual space:
  Non-class space:       48.00 MB reserved,      41.38 MB ( 86%) committed,  6 nodes.
      Class space:        1.00 GB reserved,       6.38 MB ( <1%) committed,  1 nodes.
             Both:        1.05 GB reserved,      47.75 MB (  4%) committed. 

Chunk freelists:
   Non-Class:  2.27 MB
       Class:  1.58 MB
        Both:  3.84 MB

MaxMetaspaceSize: unlimited
CompressedClassSpaceSize: 1.00 GB
Initial GC threshold: 21.00 MB
Current GC threshold: 77.94 MB
CDS: off
MetaspaceReclaimPolicy: balanced
 - commit_granule_bytes: 65536.
 - commit_granule_words: 8192.
 - virtual_space_node_default_size: 1048576.
 - enlarge_chunks_in_place: 1.
 - new_chunks_are_fully_committed: 0.
 - uncommit_free_chunks: 1.
 - use_allocation_guard: 0.
 - handle_deallocations: 1.


Internal statistics:

num_allocs_failed_limit: 3.
num_arena_births: 438.
num_arena_deaths: 0.
num_vsnodes_births: 7.
num_vsnodes_deaths: 0.
num_space_committed: 764.
num_space_uncommitted: 0.
num_chunks_returned_to_freelist: 3.
num_chunks_taken_from_freelist: 1952.
num_chunk_merges: 0.
num_chunk_splits: 1253.
num_chunks_enlarged: 842.
num_purges: 0.
num_inconsistent_stats: 0.

CodeHeap 'non-profiled nmethods': size=120000Kb used=2509Kb max_used=2509Kb free=117490Kb
 bounds [0x0000021087ad0000, 0x0000021087d50000, 0x000002108f000000]
CodeHeap 'profiled nmethods': size=120000Kb used=9456Kb max_used=9456Kb free=110543Kb
 bounds [0x0000021080000000, 0x0000021080940000, 0x0000021087530000]
CodeHeap 'non-nmethods': size=5760Kb used=2303Kb max_used=2353Kb free=3457Kb
 bounds [0x0000021087530000, 0x00000210877a0000, 0x0000021087ad0000]
 total_blobs=5281 nmethods=4466 adapters=727
 compilation: enabled
              stopped_count=0, restarted_count=0
 full_count=0

Compilation events (20 events):
Event: 6.129 Thread 0x00000210ffbe3bd0 4455       3       java.beans.FeatureDescriptor::<init> (137 bytes)
Event: 6.130 Thread 0x00000210ffbe3bd0 nmethod 4455 0x0000021080921590 code [0x0000021080921820, 0x0000021080922638]
Event: 6.131 Thread 0x00000210ffbe3bd0 4456       3       java.lang.reflect.Method::getGenericInfo (27 bytes)
Event: 6.132 Thread 0x00000210ffbe3bd0 nmethod 4456 0x0000021080922990 code [0x0000021080922c00, 0x00000210809239d8]
Event: 6.133 Thread 0x00000210ffbe3bd0 4457       3       sun.reflect.generics.tree.TypeVariableSignature::make (9 bytes)
Event: 6.134 Thread 0x00000210ffbe3bd0 nmethod 4457 0x0000021080923f10 code [0x00000210809240c0, 0x0000021080924318]
Event: 6.134 Thread 0x00000210ffbe3bd0 4458       3       sun.reflect.generics.tree.TypeVariableSignature::<init> (10 bytes)
Event: 6.134 Thread 0x00000210ffbe3bd0 nmethod 4458 0x0000021080924410 code [0x00000210809245a0, 0x0000021080924758]
Event: 6.137 Thread 0x00000210ffbe3bd0 4459       3       sun.reflect.generics.repository.ConstructorRepository::computeExceptionTypes (62 bytes)
Event: 6.138 Thread 0x00000210ffbe3bd0 nmethod 4459 0x0000021080924810 code [0x0000021080924a20, 0x0000021080925408]
Event: 6.138 Thread 0x00000210ffbe3bd0 4460   !   3       java.beans.PropertyDescriptor::findPropertyType (145 bytes)
Event: 6.141 Thread 0x00000210ffbe3bd0 nmethod 4460 0x0000021080925710 code [0x0000021080925d40, 0x0000021080929088]
Event: 6.141 Thread 0x00000210ffbe3bd0 4461       3       com.sun.beans.TypeResolver::prepare (234 bytes)
Event: 6.143 Thread 0x00000210ffbe3bd0 nmethod 4461 0x000002108092aa90 code [0x000002108092aee0, 0x000002108092d518]
Event: 6.143 Thread 0x00000210ffbe3bd0 4462       3       java.util.stream.AbstractPipeline::evaluateToArrayNode (78 bytes)
Event: 6.143 Thread 0x00000210ffbe3bd0 nmethod 4462 0x000002108092df10 code [0x000002108092e120, 0x000002108092e798]
Event: 6.143 Thread 0x00000210ffbe3bd0 4463       3       java.util.stream.Nodes::builder (30 bytes)
Event: 6.143 Thread 0x00000210ffbe3bd0 nmethod 4463 0x000002108092ea10 code [0x000002108092ec00, 0x000002108092f208]
Event: 6.143 Thread 0x00000210ffbe3bd0 4464       3       java.util.stream.Nodes::flatten (70 bytes)
Event: 6.144 Thread 0x00000210ffbe3bd0 nmethod 4464 0x000002108092f410 code [0x000002108092f640, 0x000002108092fe78]

GC Heap History (20 events):
Event: 3.777 GC heap before
{Heap before GC invocations=9 (full 0):
 garbage-first heap   total 80896K, used 62617K [0x0000000080000000, 0x0000000100000000)
  region size 1024K, 19 young (19456K), 1 survivors (1024K)
 Metaspace       used 31139K, committed 31552K, reserved 1081344K
  class space    used 4272K, committed 4480K, reserved 1048576K
}
Event: 3.779 GC heap after
{Heap after GC invocations=10 (full 0):
 garbage-first heap   total 80896K, used 47567K [0x0000000080000000, 0x0000000100000000)
  region size 1024K, 3 young (3072K), 3 survivors (3072K)
 Metaspace       used 31139K, committed 31552K, reserved 1081344K
  class space    used 4272K, committed 4480K, reserved 1048576K
}
Event: 4.091 GC heap before
{Heap before GC invocations=10 (full 0):
 garbage-first heap   total 80896K, used 63951K [0x0000000080000000, 0x0000000100000000)
  region size 1024K, 19 young (19456K), 3 survivors (3072K)
 Metaspace       used 33450K, committed 33792K, reserved 1081344K
  class space    used 4657K, committed 4864K, reserved 1048576K
}
Event: 4.094 GC heap after
{Heap after GC invocations=11 (full 0):
 garbage-first heap   total 80896K, used 48348K [0x0000000080000000, 0x0000000100000000)
  region size 1024K, 1 young (1024K), 1 survivors (1024K)
 Metaspace       used 33450K, committed 33792K, reserved 1081344K
  class space    used 4657K, committed 4864K, reserved 1048576K
}
Event: 4.459 GC heap before
{Heap before GC invocations=12 (full 0):
 garbage-first heap   total 87040K, used 63708K [0x0000000080000000, 0x0000000100000000)
  region size 1024K, 16 young (16384K), 1 survivors (1024K)
 Metaspace       used 36740K, committed 37120K, reserved 1081344K
  class space    used 5056K, committed 5248K, reserved 1048576K
}
Event: 4.463 GC heap after
{Heap after GC invocations=13 (full 0):
 garbage-first heap   total 87040K, used 49645K [0x0000000080000000, 0x0000000100000000)
  region size 1024K, 2 young (2048K), 2 survivors (2048K)
 Metaspace       used 36740K, committed 37120K, reserved 1081344K
  class space    used 5056K, committed 5248K, reserved 1048576K
}
Event: 4.799 GC heap before
{Heap before GC invocations=13 (full 0):
 garbage-first heap   total 87040K, used 68077K [0x0000000080000000, 0x0000000100000000)
  region size 1024K, 21 young (21504K), 2 survivors (2048K)
 Metaspace       used 41069K, committed 41472K, reserved 1089536K
  class space    used 5489K, committed 5696K, reserved 1048576K
}
Event: 4.804 GC heap after
{Heap after GC invocations=14 (full 0):
 garbage-first heap   total 87040K, used 52909K [0x0000000080000000, 0x0000000100000000)
  region size 1024K, 3 young (3072K), 3 survivors (3072K)
 Metaspace       used 41069K, committed 41472K, reserved 1089536K
  class space    used 5489K, committed 5696K, reserved 1048576K
}
Event: 4.963 GC heap before
{Heap before GC invocations=15 (full 0):
 garbage-first heap   total 99328K, used 68269K [0x0000000080000000, 0x0000000100000000)
  region size 1024K, 19 young (19456K), 3 survivors (3072K)
 Metaspace       used 41509K, committed 41920K, reserved 1089536K
  class space    used 5534K, committed 5760K, reserved 1048576K
}
Event: 4.968 GC heap after
{Heap after GC invocations=16 (full 0):
 garbage-first heap   total 99328K, used 55391K [0x0000000080000000, 0x0000000100000000)
  region size 1024K, 3 young (3072K), 3 survivors (3072K)
 Metaspace       used 41509K, committed 41920K, reserved 1089536K
  class space    used 5534K, committed 5760K, reserved 1048576K
}
Event: 4.969 GC heap before
{Heap before GC invocations=16 (full 0):
 garbage-first heap   total 99328K, used 55391K [0x0000000080000000, 0x0000000100000000)
  region size 1024K, 4 young (4096K), 3 survivors (3072K)
 Metaspace       used 41509K, committed 41920K, reserved 1089536K
  class space    used 5534K, committed 5760K, reserved 1048576K
}
Event: 4.971 GC heap after
{Heap after GC invocations=17 (full 0):
 garbage-first heap   total 99328K, used 55841K [0x0000000080000000, 0x0000000100000000)
  region size 1024K, 1 young (1024K), 1 survivors (1024K)
 Metaspace       used 41509K, committed 41920K, reserved 1089536K
  class space    used 5534K, committed 5760K, reserved 1048576K
}
Event: 5.308 GC heap before
{Heap before GC invocations=18 (full 0):
 garbage-first heap   total 102400K, used 75297K [0x0000000080000000, 0x0000000100000000)
  region size 1024K, 18 young (18432K), 1 survivors (1024K)
 Metaspace       used 44443K, committed 44864K, reserved 1089536K
  class space    used 5883K, committed 6080K, reserved 1048576K
}
Event: 5.311 GC heap after
{Heap after GC invocations=19 (full 0):
 garbage-first heap   total 102400K, used 56536K [0x0000000080000000, 0x0000000100000000)
  region size 1024K, 2 young (2048K), 2 survivors (2048K)
 Metaspace       used 44443K, committed 44864K, reserved 1089536K
  class space    used 5883K, committed 6080K, reserved 1048576K
}
Event: 5.594 GC heap before
{Heap before GC invocations=19 (full 0):
 garbage-first heap   total 102400K, used 67800K [0x0000000080000000, 0x0000000100000000)
  region size 1024K, 14 young (14336K), 2 survivors (2048K)
 Metaspace       used 45774K, committed 46208K, reserved 1089536K
  class space    used 6076K, committed 6272K, reserved 1048576K
}
Event: 5.597 GC heap after
{Heap after GC invocations=20 (full 0):
 garbage-first heap   total 102400K, used 57738K [0x0000000080000000, 0x0000000100000000)
  region size 1024K, 3 young (3072K), 3 survivors (3072K)
 Metaspace       used 45774K, committed 46208K, reserved 1089536K
  class space    used 6076K, committed 6272K, reserved 1048576K
}
Event: 5.780 GC heap before
{Heap before GC invocations=21 (full 0):
 garbage-first heap   total 112640K, used 74122K [0x0000000080000000, 0x0000000100000000)
  region size 1024K, 15 young (15360K), 3 survivors (3072K)
 Metaspace       used 46478K, committed 46976K, reserved 1097728K
  class space    used 6158K, committed 6336K, reserved 1048576K
}
Event: 5.785 GC heap after
{Heap after GC invocations=22 (full 0):
 garbage-first heap   total 112640K, used 66278K [0x0000000080000000, 0x0000000100000000)
  region size 1024K, 3 young (3072K), 3 survivors (3072K)
 Metaspace       used 46478K, committed 46976K, reserved 1097728K
  class space    used 6158K, committed 6336K, reserved 1048576K
}
Event: 6.112 GC heap before
{Heap before GC invocations=23 (full 0):
 garbage-first heap   total 117760K, used 85734K [0x0000000080000000, 0x0000000100000000)
  region size 1024K, 21 young (21504K), 3 survivors (3072K)
 Metaspace       used 48196K, committed 48576K, reserved 1097728K
  class space    used 6291K, committed 6464K, reserved 1048576K
}
Event: 6.119 GC heap after
{Heap after GC invocations=24 (full 0):
 garbage-first heap   total 117760K, used 67861K [0x0000000080000000, 0x0000000100000000)
  region size 1024K, 2 young (2048K), 2 survivors (2048K)
 Metaspace       used 48196K, committed 48576K, reserved 1097728K
  class space    used 6291K, committed 6464K, reserved 1048576K
}

Dll operation events (2 events):
Event: 0.008 Loaded shared library C:\Program Files\Android\Android Studio\jbr\bin\java.dll
Event: 0.440 Loaded shared library C:\Program Files\Android\Android Studio\jbr\bin\verify.dll

Deoptimization events (20 events):
Event: 5.764 Thread 0x0000021090f27390 Uncommon trap: trap_request=0xffffff45 fr.pc=0x0000021087b31a00 relative=0x0000000000000640
Event: 5.764 Thread 0x0000021090f27390 Uncommon trap: reason=unstable_if action=reinterpret pc=0x0000021087b31a00 method=java.util.jar.Manifest$FastInputStream.readLine([BII)I @ 130 c2
Event: 5.764 Thread 0x0000021090f27390 DEOPT PACKING pc=0x0000021087b31a00 sp=0x0000005db27f6a80
Event: 5.764 Thread 0x0000021090f27390 DEOPT UNPACKING pc=0x00000210875869a3 sp=0x0000005db27f6a10 mode 2
Event: 5.819 Thread 0x0000021090f27390 Uncommon trap: trap_request=0xffffff76 fr.pc=0x0000021087d1e530 relative=0x0000000000002530
Event: 5.819 Thread 0x0000021090f27390 Uncommon trap: reason=predicate action=maybe_recompile pc=0x0000021087d1e530 method=java.util.Arrays.binarySearch0([Ljava/lang/Object;IILjava/lang/Object;Ljava/util/Comparator;)I @ 25 c2
Event: 5.819 Thread 0x0000021090f27390 DEOPT PACKING pc=0x0000021087d1e530 sp=0x0000005db27f6f60
Event: 5.819 Thread 0x0000021090f27390 DEOPT UNPACKING pc=0x00000210875869a3 sp=0x0000005db27f6f48 mode 2
Event: 6.019 Thread 0x0000021090f27390 Uncommon trap: trap_request=0xffffff45 fr.pc=0x0000021087c971b4 relative=0x0000000000000254
Event: 6.019 Thread 0x0000021090f27390 Uncommon trap: reason=unstable_if action=reinterpret pc=0x0000021087c971b4 method=java.util.HashMap.putVal(ILjava/lang/Object;Ljava/lang/Object;ZZ)Ljava/lang/Object; @ 162 c2
Event: 6.019 Thread 0x0000021090f27390 DEOPT PACKING pc=0x0000021087c971b4 sp=0x0000005db27f9d90
Event: 6.019 Thread 0x0000021090f27390 DEOPT UNPACKING pc=0x00000210875869a3 sp=0x0000005db27f9d20 mode 2
Event: 6.103 Thread 0x0000021090f27390 Uncommon trap: trap_request=0xffffffc6 fr.pc=0x0000021087d2495c relative=0x0000000000000f1c
Event: 6.103 Thread 0x0000021090f27390 Uncommon trap: reason=bimorphic_or_optimized_type_check action=maybe_recompile pc=0x0000021087d2495c method=org.codehaus.groovy.runtime.metaclass.MetaMethodIndex.isOverridden(Lgroovy/lang/MetaMethod;Lgroovy/lang/MetaMethod;)Z @ 37 c2
Event: 6.103 Thread 0x0000021090f27390 DEOPT PACKING pc=0x0000021087d2495c sp=0x0000005db27f4eb0
Event: 6.103 Thread 0x0000021090f27390 DEOPT UNPACKING pc=0x00000210875869a3 sp=0x0000005db27f4e58 mode 2
Event: 6.107 Thread 0x0000021090f27390 Uncommon trap: trap_request=0xffffffc6 fr.pc=0x0000021087d2495c relative=0x0000000000000f1c
Event: 6.107 Thread 0x0000021090f27390 Uncommon trap: reason=bimorphic_or_optimized_type_check action=maybe_recompile pc=0x0000021087d2495c method=org.codehaus.groovy.runtime.metaclass.MetaMethodIndex.isOverridden(Lgroovy/lang/MetaMethod;Lgroovy/lang/MetaMethod;)Z @ 37 c2
Event: 6.107 Thread 0x0000021090f27390 DEOPT PACKING pc=0x0000021087d2495c sp=0x0000005db27f4f70
Event: 6.107 Thread 0x0000021090f27390 DEOPT UNPACKING pc=0x00000210875869a3 sp=0x0000005db27f4f18 mode 2

Classes unloaded (0 events):
No events

Classes redefined (0 events):
No events

Internal exceptions (20 events):
Event: 6.074 Thread 0x0000021090f27390 Exception <a 'java/lang/ClassNotFoundException'{0x000000008663ee68}: org/gradle/initialization/DefaultSettingsCustomizer> (0x000000008663ee68) 
thrown [s\src\hotspot\share\classfile\systemDictionary.cpp, line 256]
Event: 6.077 Thread 0x0000021090f27390 Exception <a 'java/lang/ClassNotFoundException'{0x000000008667eb70}: org/gradle/initialization/DefaultSettings_DecoratedCustomizer> (0x000000008667eb70) 
thrown [s\src\hotspot\share\classfile\systemDictionary.cpp, line 256]
Event: 6.091 Thread 0x0000021090f27390 Exception <a 'java/lang/ClassNotFoundException'{0x000000008655a150}: org/gradle/plugin/management/internal/DefaultPluginManagementSpec_DecoratedBeanInfo> (0x000000008655a150) 
thrown [s\src\hotspot\share\classfile\systemDictionary.cpp, line 256]
Event: 6.091 Thread 0x0000021090f27390 Exception <a 'java/lang/ClassNotFoundException'{0x000000008656eb58}: org/gradle/plugin/management/internal/DefaultPluginManagementSpecBeanInfo> (0x000000008656eb58) 
thrown [s\src\hotspot\share\classfile\systemDictionary.cpp, line 256]
Event: 6.092 Thread 0x0000021090f27390 Exception <a 'java/lang/ClassNotFoundException'{0x0000000086583558}: org/gradle/plugin/management/internal/DefaultPluginManagementSpecCustomizer> (0x0000000086583558) 
thrown [s\src\hotspot\share\classfile\systemDictionary.cpp, line 256]
Event: 6.094 Thread 0x0000021090f27390 Exception <a 'java/lang/ClassNotFoundException'{0x00000000865a81b8}: org/gradle/plugin/management/internal/DefaultPluginManagementSpec_DecoratedCustomizer> (0x00000000865a81b8) 
thrown [s\src\hotspot\share\classfile\systemDictionary.cpp, line 256]
Event: 6.120 Thread 0x0000021090f27390 Exception <a 'java/lang/ClassNotFoundException'{0x0000000087f02200}: org/gradle/api/internal/artifacts/dsl/DefaultRepositoryHandler_DecoratedBeanInfo> (0x0000000087f02200) 
thrown [s\src\hotspot\share\classfile\systemDictionary.cpp, line 256]
Event: 6.121 Thread 0x0000021090f27390 Exception <a 'java/lang/ClassNotFoundException'{0x0000000087f18cc0}: org/gradle/api/internal/artifacts/dsl/DefaultRepositoryHandlerBeanInfo> (0x0000000087f18cc0) 
thrown [s\src\hotspot\share\classfile\systemDictionary.cpp, line 256]
Event: 6.121 Thread 0x0000021090f27390 Exception <a 'java/lang/ClassNotFoundException'{0x0000000087f306d8}: org/gradle/api/internal/artifacts/DefaultArtifactRepositoryContainerBeanInfo> (0x0000000087f306d8) 
thrown [s\src\hotspot\share\classfile\systemDictionary.cpp, line 256]
Event: 6.122 Thread 0x0000021090f27390 Exception <a 'java/lang/ClassNotFoundException'{0x0000000087f456a8}: org/gradle/api/internal/DefaultNamedDomainObjectListBeanInfo> (0x0000000087f456a8) 
thrown [s\src\hotspot\share\classfile\systemDictionary.cpp, line 256]
Event: 6.122 Thread 0x0000021090f27390 Exception <a 'java/lang/ClassNotFoundException'{0x0000000087f5b1f8}: org/gradle/api/internal/DefaultNamedDomainObjectCollectionBeanInfo> (0x0000000087f5b1f8) 
thrown [s\src\hotspot\share\classfile\systemDictionary.cpp, line 256]
Event: 6.123 Thread 0x0000021090f27390 Exception <a 'java/lang/ClassNotFoundException'{0x0000000087f70a20}: org/gradle/api/internal/DefaultDomainObjectCollectionBeanInfo> (0x0000000087f70a20) 
thrown [s\src\hotspot\share\classfile\systemDictionary.cpp, line 256]
Event: 6.123 Thread 0x0000021090f27390 Exception <a 'java/lang/ClassNotFoundException'{0x0000000087f77900}: java/util/AbstractCollectionBeanInfo> (0x0000000087f77900) 
thrown [s\src\hotspot\share\classfile\systemDictionary.cpp, line 256]
Event: 6.123 Thread 0x0000021090f27390 Exception <a 'java/lang/ClassNotFoundException'{0x0000000087f7ea28}: java/util/AbstractCollectionCustomizer> (0x0000000087f7ea28) 
thrown [s\src\hotspot\share\classfile\systemDictionary.cpp, line 256]
Event: 6.125 Thread 0x0000021090f27390 Exception <a 'java/lang/ClassNotFoundException'{0x0000000087f9daf0}: org/gradle/api/internal/DefaultDomainObjectCollectionCustomizer> (0x0000000087f9daf0) 
thrown [s\src\hotspot\share\classfile\systemDictionary.cpp, line 256]
Event: 6.127 Thread 0x0000021090f27390 Exception <a 'java/lang/ClassNotFoundException'{0x0000000087fd1e70}: org/gradle/api/internal/DefaultNamedDomainObjectCollectionCustomizer> (0x0000000087fd1e70) 
thrown [s\src\hotspot\share\classfile\systemDictionary.cpp, line 256]
Event: 6.131 Thread 0x0000021090f27390 Exception <a 'java/lang/ClassNotFoundException'{0x000000008710fa30}: org/gradle/api/internal/DefaultNamedDomainObjectListCustomizer> (0x000000008710fa30) 
thrown [s\src\hotspot\share\classfile\systemDictionary.cpp, line 256]
Event: 6.133 Thread 0x0000021090f27390 Exception <a 'java/lang/ClassNotFoundException'{0x0000000087141bd0}: org/gradle/api/internal/artifacts/DefaultArtifactRepositoryContainerCustomizer> (0x0000000087141bd0) 
thrown [s\src\hotspot\share\classfile\systemDictionary.cpp, line 256]
Event: 6.135 Thread 0x0000021090f27390 Exception <a 'java/lang/ClassNotFoundException'{0x000000008716b598}: org/gradle/api/internal/artifacts/dsl/DefaultRepositoryHandlerCustomizer> (0x000000008716b598) 
thrown [s\src\hotspot\share\classfile\systemDictionary.cpp, line 256]
Event: 6.139 Thread 0x0000021090f27390 Exception <a 'java/lang/ClassNotFoundException'{0x00000000871a3538}: org/gradle/api/internal/artifacts/dsl/DefaultRepositoryHandler_DecoratedCustomizer> (0x00000000871a3538) 
thrown [s\src\hotspot\share\classfile\systemDictionary.cpp, line 256]

VM Operations (20 events):
Event: 5.205 Executing VM operation: HandshakeAllThreads
Event: 5.205 Executing VM operation: HandshakeAllThreads done
Event: 5.308 Executing VM operation: G1CollectForAllocation
Event: 5.311 Executing VM operation: G1CollectForAllocation done
Event: 5.565 Executing VM operation: HandshakeAllThreads
Event: 5.565 Executing VM operation: HandshakeAllThreads done
Event: 5.594 Executing VM operation: G1TryInitiateConcMark
Event: 5.597 Executing VM operation: G1TryInitiateConcMark done
Event: 5.633 Executing VM operation: G1Concurrent
Event: 5.636 Executing VM operation: G1Concurrent done
Event: 5.651 Executing VM operation: G1Concurrent
Event: 5.651 Executing VM operation: G1Concurrent done
Event: 5.780 Executing VM operation: G1TryInitiateConcMark
Event: 5.785 Executing VM operation: G1TryInitiateConcMark done
Event: 5.820 Executing VM operation: G1Concurrent
Event: 5.822 Executing VM operation: G1Concurrent done
Event: 5.840 Executing VM operation: G1Concurrent
Event: 5.841 Executing VM operation: G1Concurrent done
Event: 6.112 Executing VM operation: G1CollectForAllocation
Event: 6.119 Executing VM operation: G1CollectForAllocation done

Events (20 events):
Event: 5.737 loading class java/lang/ClassLoaderCustomizer
Event: 5.737 loading class java/lang/ClassLoaderCustomizer done
Event: 5.737 loading class java/security/SecureClassLoaderCustomizer
Event: 5.737 loading class java/security/SecureClassLoaderCustomizer done
Event: 5.738 loading class java/security/SecureClassLoaderCustomizer
Event: 5.738 loading class java/security/SecureClassLoaderCustomizer done
Event: 5.738 loading class java/net/URLClassLoaderCustomizer
Event: 5.738 loading class java/net/URLClassLoaderCustomizer done
Event: 5.738 loading class java/net/URLClassLoaderCustomizer
Event: 5.738 loading class java/net/URLClassLoaderCustomizer done
Event: 5.967 loading class java/net/UnknownServiceException
Event: 5.967 loading class java/net/UnknownServiceException done
Event: 6.123 loading class java/util/AbstractCollectionBeanInfo
Event: 6.123 loading class java/util/AbstractCollectionBeanInfo done
Event: 6.123 loading class java/util/AbstractCollectionBeanInfo
Event: 6.123 loading class java/util/AbstractCollectionBeanInfo done
Event: 6.123 loading class java/util/AbstractCollectionCustomizer
Event: 6.123 loading class java/util/AbstractCollectionCustomizer done
Event: 6.123 loading class java/util/AbstractCollectionCustomizer
Event: 6.123 loading class java/util/AbstractCollectionCustomizer done


Dynamic libraries:
0x00007ff601720000 - 0x00007ff60172a000 	C:\Program Files\Android\Android Studio\jbr\bin\java.exe
0x00007ffef05b0000 - 0x00007ffef07a8000 	C:\WINDOWS\SYSTEM32\ntdll.dll
0x00007ffeef3e0000 - 0x00007ffeef49f000 	C:\WINDOWS\System32\KERNEL32.DLL
0x00007ffeee0d0000 - 0x00007ffeee3c6000 	C:\WINDOWS\System32\KERNELBASE.dll
0x00007ffeedeb0000 - 0x00007ffeedfb0000 	C:\WINDOWS\System32\ucrtbase.dll
0x00007ffee2980000 - 0x00007ffee2997000 	C:\Program Files\Android\Android Studio\jbr\bin\jli.dll
0x00007ffee1880000 - 0x00007ffee189b000 	C:\Program Files\Android\Android Studio\jbr\bin\VCRUNTIME140.dll
0x00007ffeef5a0000 - 0x00007ffeef73d000 	C:\WINDOWS\System32\USER32.dll
0x00007ffeee3d0000 - 0x00007ffeee3f2000 	C:\WINDOWS\System32\win32u.dll
0x00007ffee11c0000 - 0x00007ffee145a000 	C:\WINDOWS\WinSxS\amd64_microsoft.windows.common-controls_6595b64144ccf1df_6.0.19041.1110_none_60b5254171f9507e\COMCTL32.dll
0x00007ffeef8c0000 - 0x00007ffeef8ec000 	C:\WINDOWS\System32\GDI32.dll
0x00007ffeef970000 - 0x00007ffeefa0e000 	C:\WINDOWS\System32\msvcrt.dll
0x00007ffeee400000 - 0x00007ffeee515000 	C:\WINDOWS\System32\gdi32full.dll
0x00007ffeee570000 - 0x00007ffeee60d000 	C:\WINDOWS\System32\msvcp_win.dll
0x00007ffeef570000 - 0x00007ffeef5a0000 	C:\WINDOWS\System32\IMM32.DLL
0x00007ffee1850000 - 0x00007ffee185c000 	C:\Program Files\Android\Android Studio\jbr\bin\vcruntime140_1.dll
0x00007ffedac90000 - 0x00007ffedad1d000 	C:\Program Files\Android\Android Studio\jbr\bin\msvcp140.dll
0x00007ffec3e90000 - 0x00007ffec4afe000 	C:\Program Files\Android\Android Studio\jbr\bin\server\jvm.dll
0x00007ffeefb40000 - 0x00007ffeefbef000 	C:\WINDOWS\System32\ADVAPI32.dll
0x00007ffeefed0000 - 0x00007ffeeff6c000 	C:\WINDOWS\System32\sechost.dll
0x00007ffeefa10000 - 0x00007ffeefb36000 	C:\WINDOWS\System32\RPCRT4.dll
0x00007ffee8480000 - 0x00007ffee8489000 	C:\WINDOWS\SYSTEM32\WSOCK32.dll
0x00007ffee2b60000 - 0x00007ffee2b87000 	C:\WINDOWS\SYSTEM32\WINMM.dll
0x00007ffeef7f0000 - 0x00007ffeef85b000 	C:\WINDOWS\System32\WS2_32.dll
0x00007ffee72a0000 - 0x00007ffee72aa000 	C:\WINDOWS\SYSTEM32\VERSION.dll
0x00007ffeebb50000 - 0x00007ffeebb62000 	C:\WINDOWS\SYSTEM32\kernel.appcore.dll
0x00007ffee5c60000 - 0x00007ffee5c6a000 	C:\Program Files\Android\Android Studio\jbr\bin\jimage.dll
0x00007ffedd400000 - 0x00007ffedd5e4000 	C:\WINDOWS\SYSTEM32\DBGHELP.DLL
0x00007ffedd3c0000 - 0x00007ffedd3f4000 	C:\WINDOWS\SYSTEM32\dbgcore.DLL
0x00007ffeedc90000 - 0x00007ffeedd12000 	C:\WINDOWS\System32\bcryptPrimitives.dll
0x00007ffee3c80000 - 0x00007ffee3ca5000 	C:\Program Files\Android\Android Studio\jbr\bin\java.dll
0x00007ffee3ae0000 - 0x00007ffee3af8000 	C:\Program Files\Android\Android Studio\jbr\bin\zip.dll
0x00007ffeee730000 - 0x00007ffeeee74000 	C:\WINDOWS\System32\SHELL32.dll
0x00007ffeebd50000 - 0x00007ffeec4e3000 	C:\WINDOWS\SYSTEM32\windows.storage.dll
0x00007ffeef010000 - 0x00007ffeef364000 	C:\WINDOWS\System32\combase.dll
0x00007ffeed600000 - 0x00007ffeed62e000 	C:\WINDOWS\SYSTEM32\Wldp.dll
0x00007ffeefe20000 - 0x00007ffeefecd000 	C:\WINDOWS\System32\SHCORE.dll
0x00007ffeefc10000 - 0x00007ffeefc65000 	C:\WINDOWS\System32\shlwapi.dll
0x00007ffeedbc0000 - 0x00007ffeedbe5000 	C:\WINDOWS\SYSTEM32\profapi.dll
0x00007ffee3820000 - 0x00007ffee3839000 	C:\Program Files\Android\Android Studio\jbr\bin\net.dll
0x00007ffee6e90000 - 0x00007ffee6f9a000 	C:\WINDOWS\SYSTEM32\WINHTTP.dll
0x00007ffeed360000 - 0x00007ffeed3ca000 	C:\WINDOWS\system32\mswsock.dll
0x00007ffee3750000 - 0x00007ffee3766000 	C:\Program Files\Android\Android Studio\jbr\bin\nio.dll
0x00007ffee5c50000 - 0x00007ffee5c60000 	C:\Program Files\Android\Android Studio\jbr\bin\verify.dll
0x00007ffee1470000 - 0x00007ffee1497000 	C:\Users\Sir\.gradle\native\e1d6ef7f7dcc3fd88c89a11ec53ec762bb8ba0a96d01ffa2cd45eb1d1d8dd5c5\windows-amd64\native-platform.dll
0x00007ffecc140000 - 0x00007ffecc284000 	C:\Users\Sir\.gradle\native\0d407fdbe67a94daf76414ababcb853783967236a71b16ec16e742cd7a986fd3\windows-amd64\native-platform-file-events.dll
0x00007ffee5bf0000 - 0x00007ffee5bf9000 	C:\Program Files\Android\Android Studio\jbr\bin\management.dll
0x00007ffee3bd0000 - 0x00007ffee3bdb000 	C:\Program Files\Android\Android Studio\jbr\bin\management_ext.dll
0x00007ffeef3d0000 - 0x00007ffeef3d8000 	C:\WINDOWS\System32\PSAPI.DLL
0x00007ffeed560000 - 0x00007ffeed578000 	C:\WINDOWS\SYSTEM32\CRYPTSP.dll
0x00007ffeecc70000 - 0x00007ffeecca4000 	C:\WINDOWS\system32\rsaenh.dll
0x00007ffeedd20000 - 0x00007ffeedd47000 	C:\WINDOWS\System32\bcrypt.dll
0x00007ffeedb80000 - 0x00007ffeedbae000 	C:\WINDOWS\SYSTEM32\USERENV.dll
0x00007ffeed550000 - 0x00007ffeed55c000 	C:\WINDOWS\SYSTEM32\CRYPTBASE.dll
0x00007ffeed050000 - 0x00007ffeed08b000 	C:\WINDOWS\SYSTEM32\IPHLPAPI.DLL
0x00007ffeef740000 - 0x00007ffeef748000 	C:\WINDOWS\System32\NSI.dll
0x00007ffee7960000 - 0x00007ffee7977000 	C:\WINDOWS\SYSTEM32\dhcpcsvc6.DLL
0x00007ffee7900000 - 0x00007ffee791d000 	C:\WINDOWS\SYSTEM32\dhcpcsvc.DLL
0x00007ffeed090000 - 0x00007ffeed15a000 	C:\WINDOWS\SYSTEM32\DNSAPI.dll
0x00007ffee3ad0000 - 0x00007ffee3ad7000 	C:\WINDOWS\system32\wshunix.dll

dbghelp: loaded successfully - version: 4.0.5 - missing functions: none
symbol engine: initialized successfully - sym options: 0x614 - pdb path: .;C:\Program Files\Android\Android Studio\jbr\bin;C:\WINDOWS\SYSTEM32;C:\WINDOWS\WinSxS\amd64_microsoft.windows.common-controls_6595b64144ccf1df_6.0.19041.1110_none_60b5254171f9507e;C:\Program Files\Android\Android Studio\jbr\bin\server;C:\Users\Sir\.gradle\native\e1d6ef7f7dcc3fd88c89a11ec53ec762bb8ba0a96d01ffa2cd45eb1d1d8dd5c5\windows-amd64;C:\Users\Sir\.gradle\native\0d407fdbe67a94daf76414ababcb853783967236a71b16ec16e742cd7a986fd3\windows-amd64

VM Arguments:
jvm_args: --add-opens=java.base/java.util=ALL-UNNAMED --add-opens=java.base/java.lang=ALL-UNNAMED --add-opens=java.base/java.lang.invoke=ALL-UNNAMED --add-opens=java.base/java.util=ALL-UNNAMED --add-opens=java.prefs/java.util.prefs=ALL-UNNAMED --add-opens=java.prefs/java.util.prefs=ALL-UNNAMED --add-opens=java.base/java.nio.charset=ALL-UNNAMED --add-opens=java.base/java.net=ALL-UNNAMED --add-opens=java.base/java.util.concurrent.atomic=ALL-UNNAMED -Xmx2048m -Dfile.encoding=UTF-8 -Duser.country=US -Duser.language=en -Duser.variant 
java_command: org.gradle.launcher.daemon.bootstrap.GradleDaemon 7.5
java_class_path (initial): C:\Users\Sir\.gradle\wrapper\dists\gradle-7.5-bin\f1w0cc9nuo0eivz97x2xlu9sv\gradle-7.5\lib\gradle-launcher-7.5.jar
Launcher Type: SUN_STANDARD

[Global flags]
     intx CICompilerCount                          = 3                                         {product} {ergonomic}
     uint ConcGCThreads                            = 1                                         {product} {ergonomic}
     uint G1ConcRefinementThreads                  = 4                                         {product} {ergonomic}
   size_t G1HeapRegionSize                         = 1048576                                   {product} {ergonomic}
    uintx GCDrainStackTargetSize                   = 64                                        {product} {ergonomic}
   size_t InitialHeapSize                          = 134217728                                 {product} {ergonomic}
   size_t MarkStackSize                            = 4194304                                   {product} {ergonomic}
   size_t MaxHeapSize                              = 2147483648                                {product} {command line}
   size_t MaxNewSize                               = 1287651328                                {product} {ergonomic}
   size_t MinHeapDeltaBytes                        = 1048576                                   {product} {ergonomic}
   size_t MinHeapSize                              = 8388608                                   {product} {ergonomic}
    uintx NonNMethodCodeHeapSize                   = 5832780                                {pd product} {ergonomic}
    uintx NonProfiledCodeHeapSize                  = 122912730                              {pd product} {ergonomic}
    uintx ProfiledCodeHeapSize                     = 122912730                              {pd product} {ergonomic}
    uintx ReservedCodeCacheSize                    = 251658240                              {pd product} {ergonomic}
     bool SegmentedCodeCache                       = true                                      {product} {ergonomic}
   size_t SoftMaxHeapSize                          = 2147483648                             {manageable} {ergonomic}
     bool UseCompressedClassPointers               = true                           {product lp64_product} {ergonomic}
     bool UseCompressedOops                        = true                           {product lp64_product} {ergonomic}
     bool UseG1GC                                  = true                                      {product} {ergonomic}
     bool UseLargePagesIndividualAllocation        = false                                  {pd product} {ergonomic}

Logging:
Log output configuration:
 #0: stdout all=warning uptime,level,tags
 #1: stderr all=off uptime,level,tags

Environment Variables:
JAVA_HOME=C:\Program Files\Java\jdk-19
PATH=C:\Program Files\Common Files\Oracle\Java\javapath;C:\WINDOWS\system32;C:\WINDOWS;C:\WINDOWS\System32\Wbem;C:\WINDOWS\System32\WindowsPowerShell\v1.0\;C:\WINDOWS\System32\OpenSSH\;C:\Program Files\Java\jdk-17.0.2\bin;D:\Parth\jadx-1.4.4\bin;C:\Program Files\Git\cmd;C:\Program Files\Java\jdk-19\bin;C:\Users\Sir\AppData\Local\Microsoft\WindowsApps
USERNAME=Sir
OS=Windows_NT
PROCESSOR_IDENTIFIER=Intel64 Family 6 Model 58 Stepping 9, GenuineIntel
TMP=C:\Users\Sir\AppData\Local\Temp
TEMP=C:\Users\Sir\AppData\Local\Temp


JNI global refs:
JNI global refs: 25, weak refs: 2

JNI global refs memory usage: 843, weak refs: 841


---------------  S Y S T E M  ---------------

OS:
 Windows 10 , 64 bit Build 19041 (10.0.19041.3155)
OS uptime: 2 days 3:21 hours

CPU: total 4 (initial active 4) (4 cores per cpu, 1 threads per core) family 6 model 58 stepping 9 microcode 0x21, cx8, cmov, fxsr, mmx, sse, sse2, sse3, ssse3, sse4.1, sse4.2, popcnt, tsc, tscinvbit, avx, aes, erms, clmul, vzeroupper, clflush

Memory: 4k page, system-wide physical 8065M (935M free)
TotalPageFile size 12161M (AvailPageFile size 6M)
current process WorkingSet (physical memory assigned to process): 267M, peak: 269M
current process commit charge ("private bytes"): 297M, peak: 298M

vm_info: OpenJDK 64-Bit Server VM (17.0.6+0-b2043.56-10027231) for windows-amd64 JRE (17.0.6+0-b2043.56-10027231), built on Apr 28 2023 00:43:19 by "androidbuild" with MS VC++ 16.10 / 16.11 (VS2019)

END.
