#
# There is insufficient memory for the Java Runtime Environment to continue.
# Native memory allocation (mmap) failed to map 35651584 bytes for G1 virtual space
# Possible reasons:
#   The system is out of physical RAM or swap space
#   The process is running with CompressedOops enabled, and the Java Heap may be blocking the growth of the native heap
# Possible solutions:
#   Reduce memory load on the system
#   Increase physical memory or swap space
#   Check if swap backing store is full
#   Decrease Java heap size (-Xmx/-Xms)
#   Decrease number of Java threads
#   Decrease Java thread stack sizes (-Xss)
#   Set larger code cache with -XX:ReservedCodeCacheSize=
#   JVM is running with Unscaled Compressed Oops mode in which the Java heap is
#     placed in the first 4GB address space. The Java Heap base address is the
#     maximum limit for the native heap growth. Please use -XX:HeapBaseMinAddress
#     to set the Java Heap base and to place the Java Heap above 4GB virtual address.
# This output file may be truncated or incomplete.
#
#  Out of Memory Error (os_windows.cpp:3769), pid=10060, tid=5076
#
# JRE version: OpenJDK Runtime Environment (17.0.6) (build 17.0.6+0-b2043.56-10027231)
# Java VM: OpenJDK 64-Bit Server VM (17.0.6+0-b2043.56-10027231, mixed mode, tiered, compressed oops, compressed class ptrs, g1 gc, windows-amd64)
# No core dump will be written. Minidumps are not enabled by default on client versions of Windows
#

---------------  S U M M A R Y ------------

Command Line: --add-opens=java.base/java.util=ALL-UNNAMED --add-opens=java.base/java.lang=ALL-UNNAMED --add-opens=java.base/java.lang.invoke=ALL-UNNAMED --add-opens=java.base/java.util=ALL-UNNAMED --add-opens=java.prefs/java.util.prefs=ALL-UNNAMED --add-opens=java.prefs/java.util.prefs=ALL-UNNAMED --add-opens=java.base/java.nio.charset=ALL-UNNAMED --add-opens=java.base/java.net=ALL-UNNAMED --add-opens=java.base/java.util.concurrent.atomic=ALL-UNNAMED -Xmx2048m -Dfile.encoding=UTF-8 -Duser.country=US -Duser.language=en -Duser.variant org.gradle.launcher.daemon.bootstrap.GradleDaemon 7.5

Host: Intel(R) Core(TM) i5-3470 CPU @ 3.20GHz, 4 cores, 7G,  Windows 10 , 64 bit Build 19041 (10.0.19041.3155)
Time: Sat Sep  2 11:56:51 2023 India Standard Time elapsed time: 15.071054 seconds (0d 0h 0m 15s)

---------------  T H R E A D  ---------------

Current thread (0x000002722bcf17f0):  VMThread "VM Thread" [stack: 0x000000a27e400000,0x000000a27e500000] [id=5076]

Stack: [0x000000a27e400000,0x000000a27e500000]
Native frames: (J=compiled Java code, j=interpreted, Vv=VM code, C=native code)
V  [jvm.dll+0x683c9a]
V  [jvm.dll+0x8427a4]
V  [jvm.dll+0x843f9e]
V  [jvm.dll+0x844603]
V  [jvm.dll+0x249b75]
V  [jvm.dll+0x680b69]
V  [jvm.dll+0x67505a]
V  [jvm.dll+0x309acb]
V  [jvm.dll+0x310f86]
V  [jvm.dll+0x3608ee]
V  [jvm.dll+0x360b1f]
V  [jvm.dll+0x2dfbf8]
V  [jvm.dll+0x2ddec4]
V  [jvm.dll+0x2dd4cc]
V  [jvm.dll+0x321f3b]
V  [jvm.dll+0x848ccb]
V  [jvm.dll+0x849a04]
V  [jvm.dll+0x849f1d]
V  [jvm.dll+0x84a2f4]
V  [jvm.dll+0x84a3c0]
V  [jvm.dll+0x7f274a]
V  [jvm.dll+0x682ad5]
C  [ucrtbase.dll+0x21bb2]
C  [KERNEL32.DLL+0x17614]
C  [ntdll.dll+0x526b1]

VM_Operation (0x000000a27fbf5a80): G1CollectForAllocation, mode: safepoint, requested by thread 0x000002722f258c90


---------------  P R O C E S S  ---------------

Threads class SMR info:
_java_thread_list=0x000002723141ed40, length=38, elements={
0x000002721271acc0, 0x000002722bcc1840, 0x000002722bcc25c0, 0x000002722bd103d0,
0x000002722bd10e90, 0x000002722bd11750, 0x000002722bd12010, 0x000002722c8013c0,
0x000002722c803d80, 0x000002722c809fa0, 0x000002722c9c5fa0, 0x000002722c9e1da0,
0x000002722e15eda0, 0x000002722f174ca0, 0x000002722edf0070, 0x000002722f259160,
0x000002722f2582f0, 0x000002722f259630, 0x000002722f258c90, 0x000002722f2587c0,
0x000002722f259b00, 0x000002722f674ea0, 0x000002722f675370, 0x000002722f6796d0,
0x000002722f677050, 0x000002722f676b80, 0x000002722f6761e0, 0x000002722f67a070,
0x000002722f679200, 0x000002722f677520, 0x000002722f6779f0, 0x000002722f678390,
0x000002722f678860, 0x000002722f679ba0, 0x000002722f67a540, 0x000002722f67aa10,
0x000002722f67c220, 0x0000027237a45710
}

Java Threads: ( => current thread )
  0x000002721271acc0 JavaThread "main" [_thread_blocked, id=9624, stack(0x000000a27de00000,0x000000a27df00000)]
  0x000002722bcc1840 JavaThread "Reference Handler" daemon [_thread_blocked, id=1204, stack(0x000000a27e500000,0x000000a27e600000)]
  0x000002722bcc25c0 JavaThread "Finalizer" daemon [_thread_blocked, id=976, stack(0x000000a27e600000,0x000000a27e700000)]
  0x000002722bd103d0 JavaThread "Signal Dispatcher" daemon [_thread_blocked, id=4684, stack(0x000000a27e700000,0x000000a27e800000)]
  0x000002722bd10e90 JavaThread "Attach Listener" daemon [_thread_blocked, id=14072, stack(0x000000a27e800000,0x000000a27e900000)]
  0x000002722bd11750 JavaThread "Service Thread" daemon [_thread_blocked, id=7364, stack(0x000000a27e900000,0x000000a27ea00000)]
  0x000002722bd12010 JavaThread "Monitor Deflation Thread" daemon [_thread_blocked, id=10244, stack(0x000000a27ea00000,0x000000a27eb00000)]
  0x000002722c8013c0 JavaThread "C2 CompilerThread0" daemon [_thread_blocked, id=2864, stack(0x000000a27eb00000,0x000000a27ec00000)]
  0x000002722c803d80 JavaThread "C1 CompilerThread0" daemon [_thread_blocked, id=9440, stack(0x000000a27ec00000,0x000000a27ed00000)]
  0x000002722c809fa0 JavaThread "Sweeper thread" daemon [_thread_blocked, id=3652, stack(0x000000a27ed00000,0x000000a27ee00000)]
  0x000002722c9c5fa0 JavaThread "Common-Cleaner" daemon [_thread_blocked, id=7424, stack(0x000000a27ee00000,0x000000a27ef00000)]
  0x000002722c9e1da0 JavaThread "Notification Thread" daemon [_thread_blocked, id=2328, stack(0x000000a27ef00000,0x000000a27f000000)]
  0x000002722e15eda0 JavaThread "Daemon health stats" [_thread_blocked, id=12112, stack(0x000000a27f500000,0x000000a27f600000)]
  0x000002722f174ca0 JavaThread "Incoming local TCP Connector on port 65455" [_thread_in_native, id=4524, stack(0x000000a27f600000,0x000000a27f700000)]
  0x000002722edf0070 JavaThread "Daemon periodic checks" [_thread_blocked, id=9364, stack(0x000000a27f700000,0x000000a27f800000)]
  0x000002722f259160 JavaThread "Daemon" [_thread_blocked, id=8428, stack(0x000000a27f800000,0x000000a27f900000)]
  0x000002722f2582f0 JavaThread "Handler for socket connection from /127.0.0.1:65455 to /127.0.0.1:65456" [_thread_in_native, id=8340, stack(0x000000a27f900000,0x000000a27fa00000)]
  0x000002722f259630 JavaThread "Cancel handler" [_thread_blocked, id=5692, stack(0x000000a27fa00000,0x000000a27fb00000)]
  0x000002722f258c90 JavaThread "Daemon worker" [_thread_blocked, id=8584, stack(0x000000a27fb00000,0x000000a27fc00000)]
  0x000002722f2587c0 JavaThread "Asynchronous log dispatcher for DefaultDaemonConnection: socket connection from /127.0.0.1:65455 to /127.0.0.1:65456" [_thread_blocked, id=4020, stack(0x000000a27fc00000,0x000000a27fd00000)]
  0x000002722f259b00 JavaThread "Stdin handler" [_thread_blocked, id=13796, stack(0x000000a27fd00000,0x000000a27fe00000)]
  0x000002722f674ea0 JavaThread "Daemon client event forwarder" [_thread_blocked, id=12908, stack(0x000000a27fe00000,0x000000a27ff00000)]
  0x000002722f675370 JavaThread "Cache worker for journal cache (C:\Users\Sir\.gradle\caches\journal-1)" [_thread_blocked, id=5840, stack(0x000000a27ff00000,0x000000a280000000)]
  0x000002722f6796d0 JavaThread "File lock request listener" [_thread_in_native, id=4720, stack(0x000000a200000000,0x000000a200100000)]
  0x000002722f677050 JavaThread "Cache worker for file hash cache (C:\Users\Sir\.gradle\caches\7.5\fileHashes)" [_thread_blocked, id=10132, stack(0x000000a200100000,0x000000a200200000)]
  0x000002722f676b80 JavaThread "File watcher server" daemon [_thread_in_native, id=6344, stack(0x000000a200200000,0x000000a200300000)]
  0x000002722f6761e0 JavaThread "File watcher consumer" daemon [_thread_blocked, id=5944, stack(0x000000a200300000,0x000000a200400000)]
  0x000002722f67a070 JavaThread "jar transforms" [_thread_blocked, id=3716, stack(0x000000a200400000,0x000000a200500000)]
  0x000002722f679200 JavaThread "jar transforms Thread 2" [_thread_blocked, id=11176, stack(0x000000a200500000,0x000000a200600000)]
  0x000002722f677520 JavaThread "jar transforms Thread 3" [_thread_blocked, id=12312, stack(0x000000a200600000,0x000000a200700000)]
  0x000002722f6779f0 JavaThread "jar transforms Thread 4" [_thread_blocked, id=11728, stack(0x000000a200700000,0x000000a200800000)]
  0x000002722f678390 JavaThread "Cache worker for checksums cache (G:\App\Account\Hardik\Ads Depedency\Ads Library\.gradle\7.5\checksums)" [_thread_blocked, id=13580, stack(0x000000a200900000,0x000000a200a00000)]
  0x000002722f678860 JavaThread "Cache worker for cache directory md-rule (C:\Users\Sir\.gradle\caches\7.5\md-rule)" [_thread_blocked, id=10608, stack(0x000000a200a00000,0x000000a200b00000)]
  0x000002722f679ba0 JavaThread "Cache worker for file content cache (C:\Users\Sir\.gradle\caches\7.5\fileContent)" [_thread_blocked, id=14040, stack(0x000000a200b00000,0x000000a200c00000)]
  0x000002722f67a540 JavaThread "Cache worker for file hash cache (G:\App\Account\Hardik\Ads Depedency\Ads Library\.gradle\7.5\fileHashes)" [_thread_blocked, id=12664, stack(0x000000a200c00000,0x000000a200d00000)]
  0x000002722f67aa10 JavaThread "Cache worker for cache directory md-supplier (C:\Users\Sir\.gradle\caches\7.5\md-supplier)" [_thread_blocked, id=8212, stack(0x000000a200d00000,0x000000a200e00000)]
  0x000002722f67c220 JavaThread "Cache worker for execution history cache (C:\Users\Sir\.gradle\caches\7.5\executionHistory)" [_thread_blocked, id=13208, stack(0x000000a200e00000,0x000000a200f00000)]
  0x0000027237a45710 JavaThread "C2 CompilerThread1" daemon [_thread_blocked, id=2140, stack(0x000000a200800000,0x000000a200900000)]

Other Threads:
=>0x000002722bcf17f0 VMThread "VM Thread" [stack: 0x000000a27e400000,0x000000a27e500000] [id=5076]
  0x000002722c9e2680 WatcherThread [stack: 0x000000a27f000000,0x000000a27f100000] [id=13404]
  0x0000027212776bf0 GCTaskThread "GC Thread#0" [stack: 0x000000a27df00000,0x000000a27e000000] [id=1948]
  0x000002722ccf4ad0 GCTaskThread "GC Thread#1" [stack: 0x000000a27f200000,0x000000a27f300000] [id=336]
  0x000002722ccf4d80 GCTaskThread "GC Thread#2" [stack: 0x000000a27f300000,0x000000a27f400000] [id=13364]
  0x000002722d413120 GCTaskThread "GC Thread#3" [stack: 0x000000a27f400000,0x000000a27f500000] [id=10260]
  0x0000027212787a40 ConcurrentGCThread "G1 Main Marker" [stack: 0x000000a27e000000,0x000000a27e100000] [id=1228]
  0x0000027212788360 ConcurrentGCThread "G1 Conc#0" [stack: 0x000000a27e100000,0x000000a27e200000] [id=10092]
  0x00000272127e46e0 ConcurrentGCThread "G1 Refine#0" [stack: 0x000000a27e200000,0x000000a27e300000] [id=8860]
  0x00000272127e5010 ConcurrentGCThread "G1 Service" [stack: 0x000000a27e300000,0x000000a27e400000] [id=13836]

Threads with active compile tasks:
C2 CompilerThread0    15104 5785       4       groovyjarjarantlr4.v4.runtime.atn.ParserATNSimulator::closure (784 bytes)
C2 CompilerThread1    15104 5763       4       groovyjarjarantlr4.v4.runtime.atn.PredictionContext::getCachedContext (297 bytes)

VM state: at safepoint (normal execution)

VM Mutex/Monitor currently owned by a thread:  ([mutex/lock_event])
[0x00000272127172a0] Threads_lock - owner thread: 0x000002722bcf17f0
[0x00000272127161c0] Heap_lock - owner thread: 0x000002722f258c90

Heap address: 0x0000000080000000, size: 2048 MB, Compressed Oops mode: 32-bit

CDS archive(s) not mapped
Compressed class space mapped at: 0x0000000100000000-0x0000000140000000, reserved size: 1073741824
Narrow klass base: 0x0000000000000000, Narrow klass shift: 3, Narrow klass range: 0x140000000

GC Precious Log:
 CPUs: 4 total, 4 available
 Memory: 8065M
 Large Page Support: Disabled
 NUMA Support: Disabled
 Compressed Oops: Enabled (32-bit)
 Heap Region Size: 1M
 Heap Min Capacity: 8M
 Heap Initial Capacity: 128M
 Heap Max Capacity: 2G
 Pre-touch: Disabled
 Parallel Workers: 4
 Concurrent Workers: 1
 Concurrent Refinement Workers: 4
 Periodic GC: Disabled

Heap:
 garbage-first heap   total 169984K, used 64511K [0x0000000080000000, 0x0000000100000000)
  region size 1024K, 3 young (3072K), 3 survivors (3072K)
 Metaspace       used 51581K, committed 51968K, reserved 1097728K
  class space    used 6843K, committed 7040K, reserved 1048576K

Heap Regions: E=young(eden), S=young(survivor), O=old, HS=humongous(starts), HC=humongous(continues), CS=collection set, F=free, OA=open archive, CA=closed archive, TAMS=top-at-mark-start (previous, next)
|   0|0x0000000080000000, 0x0000000080100000, 0x0000000080100000|100%|HS|  |TAMS 0x0000000080100000, 0x0000000080100000| Complete 
|   1|0x0000000080100000, 0x0000000080200000, 0x0000000080200000|100%|HC|  |TAMS 0x0000000080200000, 0x0000000080200000| Complete 
|   2|0x0000000080200000, 0x0000000080300000, 0x0000000080300000|100%|HC|  |TAMS 0x0000000080300000, 0x0000000080300000| Complete 
|   3|0x0000000080300000, 0x0000000080400000, 0x0000000080400000|100%| O|  |TAMS 0x0000000080400000, 0x0000000080400000| Untracked 
|   4|0x0000000080400000, 0x0000000080500000, 0x0000000080500000|100%| O|  |TAMS 0x0000000080500000, 0x0000000080500000| Untracked 
|   5|0x0000000080500000, 0x0000000080600000, 0x0000000080600000|100%| O|  |TAMS 0x0000000080600000, 0x0000000080600000| Untracked 
|   6|0x0000000080600000, 0x0000000080700000, 0x0000000080700000|100%| O|  |TAMS 0x0000000080700000, 0x0000000080700000| Untracked 
|   7|0x0000000080700000, 0x0000000080800000, 0x0000000080800000|100%| O|  |TAMS 0x0000000080800000, 0x0000000080800000| Untracked 
|   8|0x0000000080800000, 0x0000000080900000, 0x0000000080900000|100%| O|  |TAMS 0x0000000080900000, 0x0000000080900000| Untracked 
|   9|0x0000000080900000, 0x0000000080a00000, 0x0000000080a00000|100%| O|  |TAMS 0x0000000080a00000, 0x0000000080a00000| Untracked 
|  10|0x0000000080a00000, 0x0000000080a3ee00, 0x0000000080b00000| 24%| O|  |TAMS 0x0000000080a3ee00, 0x0000000080a3ee00| Untracked 
|  11|0x0000000080b00000, 0x0000000080c00000, 0x0000000080c00000|100%| O|  |TAMS 0x0000000080c00000, 0x0000000080c00000| Untracked 
|  12|0x0000000080c00000, 0x0000000080d00000, 0x0000000080d00000|100%| O|  |TAMS 0x0000000080d00000, 0x0000000080d00000| Untracked 
|  13|0x0000000080d00000, 0x0000000080e00000, 0x0000000080e00000|100%| O|  |TAMS 0x0000000080e00000, 0x0000000080e00000| Untracked 
|  14|0x0000000080e00000, 0x0000000080f00000, 0x0000000080f00000|100%| O|  |TAMS 0x0000000080f00000, 0x0000000080f00000| Untracked 
|  15|0x0000000080f00000, 0x0000000081000000, 0x0000000081000000|100%| O|  |TAMS 0x0000000081000000, 0x0000000081000000| Untracked 
|  16|0x0000000081000000, 0x0000000081100000, 0x0000000081100000|100%| O|  |TAMS 0x0000000081100000, 0x0000000081100000| Untracked 
|  17|0x0000000081100000, 0x0000000081200000, 0x0000000081200000|100%| O|  |TAMS 0x0000000081200000, 0x0000000081200000| Untracked 
|  18|0x0000000081200000, 0x0000000081300000, 0x0000000081300000|100%|HS|  |TAMS 0x0000000081300000, 0x0000000081300000| Complete 
|  19|0x0000000081300000, 0x0000000081400000, 0x0000000081400000|100%|HC|  |TAMS 0x0000000081400000, 0x0000000081400000| Complete 
|  20|0x0000000081400000, 0x0000000081500000, 0x0000000081500000|100%|HS|  |TAMS 0x0000000081500000, 0x0000000081500000| Complete 
|  21|0x0000000081500000, 0x0000000081600000, 0x0000000081600000|100%|HC|  |TAMS 0x0000000081600000, 0x0000000081600000| Complete 
|  22|0x0000000081600000, 0x0000000081700000, 0x0000000081700000|100%|HC|  |TAMS 0x0000000081700000, 0x0000000081700000| Complete 
|  23|0x0000000081700000, 0x0000000081800000, 0x0000000081800000|100%| O|  |TAMS 0x0000000081800000, 0x0000000081800000| Untracked 
|  24|0x0000000081800000, 0x0000000081900000, 0x0000000081900000|100%| O|  |TAMS 0x0000000081900000, 0x0000000081900000| Untracked 
|  25|0x0000000081900000, 0x0000000081a00000, 0x0000000081a00000|100%| O|  |TAMS 0x0000000081a00000, 0x0000000081a00000| Untracked 
|  26|0x0000000081a00000, 0x0000000081b00000, 0x0000000081b00000|100%| O|  |TAMS 0x0000000081b00000, 0x0000000081b00000| Untracked 
|  27|0x0000000081b00000, 0x0000000081c00000, 0x0000000081c00000|100%|HS|  |TAMS 0x0000000081c00000, 0x0000000081c00000| Complete 
|  28|0x0000000081c00000, 0x0000000081d00000, 0x0000000081d00000|100%|HC|  |TAMS 0x0000000081d00000, 0x0000000081d00000| Complete 
|  29|0x0000000081d00000, 0x0000000081e00000, 0x0000000081e00000|100%|HC|  |TAMS 0x0000000081e00000, 0x0000000081e00000| Complete 
|  30|0x0000000081e00000, 0x0000000081f00000, 0x0000000081f00000|100%|HS|  |TAMS 0x0000000081f00000, 0x0000000081f00000| Complete 
|  31|0x0000000081f00000, 0x0000000082000000, 0x0000000082000000|100%|HC|  |TAMS 0x0000000082000000, 0x0000000082000000| Complete 
|  32|0x0000000082000000, 0x0000000082100000, 0x0000000082100000|100%|HC|  |TAMS 0x0000000082100000, 0x0000000082100000| Complete 
|  33|0x0000000082100000, 0x0000000082200000, 0x0000000082200000|100%|HC|  |TAMS 0x0000000082200000, 0x0000000082200000| Complete 
|  34|0x0000000082200000, 0x0000000082300000, 0x0000000082300000|100%|HC|  |TAMS 0x0000000082300000, 0x0000000082300000| Complete 
|  35|0x0000000082300000, 0x0000000082400000, 0x0000000082400000|100%|HC|  |TAMS 0x0000000082400000, 0x0000000082400000| Complete 
|  36|0x0000000082400000, 0x0000000082500000, 0x0000000082500000|100%|HC|  |TAMS 0x0000000082500000, 0x0000000082500000| Complete 
|  37|0x0000000082500000, 0x0000000082600000, 0x0000000082600000|100%|HC|  |TAMS 0x0000000082600000, 0x0000000082600000| Complete 
|  38|0x0000000082600000, 0x0000000082700000, 0x0000000082700000|100%|HC|  |TAMS 0x0000000082700000, 0x0000000082700000| Complete 
|  39|0x0000000082700000, 0x0000000082800000, 0x0000000082800000|100%|HC|  |TAMS 0x0000000082800000, 0x0000000082800000| Complete 
|  40|0x0000000082800000, 0x0000000082900000, 0x0000000082900000|100%|HC|  |TAMS 0x0000000082900000, 0x0000000082900000| Complete 
|  41|0x0000000082900000, 0x0000000082a00000, 0x0000000082a00000|100%|HC|  |TAMS 0x0000000082a00000, 0x0000000082a00000| Complete 
|  42|0x0000000082a00000, 0x0000000082b00000, 0x0000000082b00000|100%| O|  |TAMS 0x0000000082b00000, 0x0000000082b00000| Untracked 
|  43|0x0000000082b00000, 0x0000000082c00000, 0x0000000082c00000|100%|HS|  |TAMS 0x0000000082c00000, 0x0000000082c00000| Complete 
|  44|0x0000000082c00000, 0x0000000082d00000, 0x0000000082d00000|100%|HC|  |TAMS 0x0000000082d00000, 0x0000000082d00000| Complete 
|  45|0x0000000082d00000, 0x0000000082e00000, 0x0000000082e00000|100%| O|  |TAMS 0x0000000082e00000, 0x0000000082e00000| Untracked 
|  46|0x0000000082e00000, 0x0000000082f00000, 0x0000000082f00000|100%| O|  |TAMS 0x0000000082f00000, 0x0000000082f00000| Untracked 
|  47|0x0000000082f00000, 0x0000000083000000, 0x0000000083000000|100%| O|  |TAMS 0x0000000083000000, 0x0000000083000000| Untracked 
|  48|0x0000000083000000, 0x0000000083100000, 0x0000000083100000|100%| O|  |TAMS 0x0000000083100000, 0x0000000083100000| Untracked 
|  49|0x0000000083100000, 0x0000000083200000, 0x0000000083200000|100%| O|  |TAMS 0x0000000083200000, 0x0000000083200000| Untracked 
|  50|0x0000000083200000, 0x0000000083300000, 0x0000000083300000|100%| O|  |TAMS 0x0000000083300000, 0x0000000083300000| Untracked 
|  51|0x0000000083300000, 0x0000000083400000, 0x0000000083400000|100%| O|  |TAMS 0x0000000083400000, 0x0000000083400000| Untracked 
|  52|0x0000000083400000, 0x0000000083500000, 0x0000000083500000|100%| O|  |TAMS 0x0000000083500000, 0x0000000083500000| Untracked 
|  53|0x0000000083500000, 0x0000000083600000, 0x0000000083600000|100%|HS|  |TAMS 0x0000000083500000, 0x0000000083500000| Complete 
|  54|0x0000000083600000, 0x0000000083700000, 0x0000000083700000|100%|HC|  |TAMS 0x0000000083600000, 0x0000000083600000| Complete 
|  55|0x0000000083700000, 0x0000000083800000, 0x0000000083800000|100%|HC|  |TAMS 0x0000000083700000, 0x0000000083700000| Complete 
|  56|0x0000000083800000, 0x0000000083900000, 0x0000000083900000|100%| O|  |TAMS 0x0000000083900000, 0x0000000083900000| Untracked 
|  57|0x0000000083900000, 0x0000000083a00000, 0x0000000083a00000|100%| O|  |TAMS 0x0000000083a00000, 0x0000000083a00000| Untracked 
|  58|0x0000000083a00000, 0x0000000083b00000, 0x0000000083b00000|100%| O|  |TAMS 0x0000000083b00000, 0x0000000083b00000| Untracked 
|  59|0x0000000083b00000, 0x0000000083b2d000, 0x0000000083c00000| 17%| O|  |TAMS 0x0000000083b00000, 0x0000000083b00000| Untracked 
|  60|0x0000000083c00000, 0x0000000083d00000, 0x0000000083d00000|100%| O|  |TAMS 0x0000000083d00000, 0x0000000083d00000| Untracked 
|  61|0x0000000083d00000, 0x0000000083e00000, 0x0000000083e00000|100%| O|  |TAMS 0x0000000083d4ec00, 0x0000000083d4ec00| Untracked 
|  62|0x0000000083e00000, 0x0000000083e00000, 0x0000000083f00000|  0%| F|  |TAMS 0x0000000083e00000, 0x0000000083e00000| Untracked 
|  63|0x0000000083f00000, 0x0000000083f00000, 0x0000000084000000|  0%| F|  |TAMS 0x0000000083f00000, 0x0000000083f00000| Untracked 
|  64|0x0000000084000000, 0x0000000084000000, 0x0000000084100000|  0%| F|  |TAMS 0x0000000084000000, 0x0000000084000000| Untracked 
|  65|0x0000000084100000, 0x0000000084100000, 0x0000000084200000|  0%| F|  |TAMS 0x0000000084100000, 0x0000000084100000| Untracked 
|  66|0x0000000084200000, 0x0000000084200000, 0x0000000084300000|  0%| F|  |TAMS 0x0000000084200000, 0x0000000084200000| Untracked 
|  67|0x0000000084300000, 0x0000000084300000, 0x0000000084400000|  0%| F|  |TAMS 0x0000000084300000, 0x0000000084300000| Untracked 
|  68|0x0000000084400000, 0x0000000084400000, 0x0000000084500000|  0%| F|  |TAMS 0x0000000084400000, 0x0000000084400000| Untracked 
|  69|0x0000000084500000, 0x0000000084500000, 0x0000000084600000|  0%| F|  |TAMS 0x0000000084500000, 0x0000000084500000| Untracked 
|  70|0x0000000084600000, 0x0000000084600000, 0x0000000084700000|  0%| F|  |TAMS 0x0000000084600000, 0x0000000084600000| Untracked 
|  71|0x0000000084700000, 0x0000000084700000, 0x0000000084800000|  0%| F|  |TAMS 0x0000000084700000, 0x0000000084700000| Untracked 
|  72|0x0000000084800000, 0x0000000084800000, 0x0000000084900000|  0%| F|  |TAMS 0x0000000084800000, 0x0000000084800000| Untracked 
|  73|0x0000000084900000, 0x0000000084900000, 0x0000000084a00000|  0%| F|  |TAMS 0x0000000084900000, 0x0000000084900000| Untracked 
|  74|0x0000000084a00000, 0x0000000084a00000, 0x0000000084b00000|  0%| F|  |TAMS 0x0000000084a00000, 0x0000000084a00000| Untracked 
|  75|0x0000000084b00000, 0x0000000084b00000, 0x0000000084c00000|  0%| F|  |TAMS 0x0000000084b00000, 0x0000000084b00000| Untracked 
|  76|0x0000000084c00000, 0x0000000084c00000, 0x0000000084d00000|  0%| F|  |TAMS 0x0000000084c00000, 0x0000000084c00000| Untracked 
|  77|0x0000000084d00000, 0x0000000084d00000, 0x0000000084e00000|  0%| F|  |TAMS 0x0000000084d00000, 0x0000000084d00000| Untracked 
|  78|0x0000000084e00000, 0x0000000084e00000, 0x0000000084f00000|  0%| F|  |TAMS 0x0000000084e00000, 0x0000000084e00000| Untracked 
|  79|0x0000000084f00000, 0x0000000084f00000, 0x0000000085000000|  0%| F|  |TAMS 0x0000000084f00000, 0x0000000084f00000| Untracked 
|  80|0x0000000085000000, 0x0000000085000000, 0x0000000085100000|  0%| F|  |TAMS 0x0000000085000000, 0x0000000085000000| Untracked 
|  81|0x0000000085100000, 0x0000000085194080, 0x0000000085200000| 57%| S|CS|TAMS 0x0000000085100000, 0x0000000085100000| Complete 
|  82|0x0000000085200000, 0x0000000085200000, 0x0000000085300000|  0%| F|  |TAMS 0x0000000085200000, 0x0000000085200000| Untracked 
|  83|0x0000000085300000, 0x0000000085300000, 0x0000000085400000|  0%| F|  |TAMS 0x0000000085300000, 0x0000000085300000| Untracked 
|  84|0x0000000085400000, 0x0000000085400000, 0x0000000085500000|  0%| F|  |TAMS 0x0000000085400000, 0x0000000085400000| Untracked 
|  85|0x0000000085500000, 0x0000000085600000, 0x0000000085600000|100%| S|CS|TAMS 0x0000000085500000, 0x0000000085500000| Complete 
|  86|0x0000000085600000, 0x0000000085700000, 0x0000000085700000|100%| S|CS|TAMS 0x0000000085600000, 0x0000000085600000| Complete 
|  87|0x0000000085700000, 0x0000000085700000, 0x0000000085800000|  0%| F|  |TAMS 0x0000000085700000, 0x0000000085700000| Untracked 
|  88|0x0000000085800000, 0x0000000085800000, 0x0000000085900000|  0%| F|  |TAMS 0x0000000085800000, 0x0000000085800000| Untracked 
|  89|0x0000000085900000, 0x0000000085900000, 0x0000000085a00000|  0%| F|  |TAMS 0x0000000085900000, 0x0000000085900000| Untracked 
|  90|0x0000000085a00000, 0x0000000085a00000, 0x0000000085b00000|  0%| F|  |TAMS 0x0000000085a00000, 0x0000000085a00000| Untracked 
|  91|0x0000000085b00000, 0x0000000085b00000, 0x0000000085c00000|  0%| F|  |TAMS 0x0000000085b00000, 0x0000000085b00000| Untracked 
|  92|0x0000000085c00000, 0x0000000085c00000, 0x0000000085d00000|  0%| F|  |TAMS 0x0000000085c00000, 0x0000000085c00000| Untracked 
|  93|0x0000000085d00000, 0x0000000085d00000, 0x0000000085e00000|  0%| F|  |TAMS 0x0000000085d00000, 0x0000000085d00000| Untracked 
|  94|0x0000000085e00000, 0x0000000085e00000, 0x0000000085f00000|  0%| F|  |TAMS 0x0000000085e00000, 0x0000000085e00000| Untracked 
|  95|0x0000000085f00000, 0x0000000085f00000, 0x0000000086000000|  0%| F|  |TAMS 0x0000000085f00000, 0x0000000085f00000| Untracked 
|  96|0x0000000086000000, 0x0000000086000000, 0x0000000086100000|  0%| F|  |TAMS 0x0000000086000000, 0x0000000086000000| Untracked 
|  97|0x0000000086100000, 0x0000000086100000, 0x0000000086200000|  0%| F|  |TAMS 0x0000000086100000, 0x0000000086100000| Untracked 
|  98|0x0000000086200000, 0x0000000086200000, 0x0000000086300000|  0%| F|  |TAMS 0x0000000086200000, 0x0000000086200000| Untracked 
|  99|0x0000000086300000, 0x0000000086300000, 0x0000000086400000|  0%| F|  |TAMS 0x0000000086300000, 0x0000000086300000| Untracked 
| 100|0x0000000086400000, 0x0000000086400000, 0x0000000086500000|  0%| F|  |TAMS 0x0000000086400000, 0x0000000086400000| Untracked 
| 101|0x0000000086500000, 0x0000000086500000, 0x0000000086600000|  0%| F|  |TAMS 0x0000000086500000, 0x0000000086500000| Untracked 
| 102|0x0000000086600000, 0x0000000086600000, 0x0000000086700000|  0%| F|  |TAMS 0x0000000086600000, 0x0000000086600000| Untracked 
| 103|0x0000000086700000, 0x0000000086700000, 0x0000000086800000|  0%| F|  |TAMS 0x0000000086700000, 0x0000000086700000| Untracked 
| 104|0x0000000086800000, 0x0000000086800000, 0x0000000086900000|  0%| F|  |TAMS 0x0000000086800000, 0x0000000086800000| Untracked 
| 105|0x0000000086900000, 0x0000000086900000, 0x0000000086a00000|  0%| F|  |TAMS 0x0000000086900000, 0x0000000086900000| Untracked 
| 106|0x0000000086a00000, 0x0000000086a00000, 0x0000000086b00000|  0%| F|  |TAMS 0x0000000086a00000, 0x0000000086a00000| Untracked 
| 107|0x0000000086b00000, 0x0000000086b00000, 0x0000000086c00000|  0%| F|  |TAMS 0x0000000086b00000, 0x0000000086b00000| Untracked 
| 108|0x0000000086c00000, 0x0000000086c00000, 0x0000000086d00000|  0%| F|  |TAMS 0x0000000086c00000, 0x0000000086c00000| Untracked 
| 109|0x0000000086d00000, 0x0000000086d00000, 0x0000000086e00000|  0%| F|  |TAMS 0x0000000086d00000, 0x0000000086d00000| Untracked 
| 110|0x0000000086e00000, 0x0000000086e00000, 0x0000000086f00000|  0%| F|  |TAMS 0x0000000086e00000, 0x0000000086e00000| Untracked 
| 111|0x0000000086f00000, 0x0000000086f00000, 0x0000000087000000|  0%| F|  |TAMS 0x0000000086f00000, 0x0000000086f00000| Untracked 
| 112|0x0000000087000000, 0x0000000087000000, 0x0000000087100000|  0%| F|  |TAMS 0x0000000087000000, 0x0000000087000000| Untracked 
| 113|0x0000000087100000, 0x0000000087100000, 0x0000000087200000|  0%| F|  |TAMS 0x0000000087100000, 0x0000000087100000| Untracked 
| 114|0x0000000087200000, 0x0000000087200000, 0x0000000087300000|  0%| F|  |TAMS 0x0000000087200000, 0x0000000087200000| Untracked 
| 115|0x0000000087300000, 0x0000000087300000, 0x0000000087400000|  0%| F|  |TAMS 0x0000000087300000, 0x0000000087300000| Untracked 
| 116|0x0000000087400000, 0x0000000087400000, 0x0000000087500000|  0%| F|  |TAMS 0x0000000087400000, 0x0000000087400000| Untracked 
| 117|0x0000000087500000, 0x0000000087500000, 0x0000000087600000|  0%| F|  |TAMS 0x0000000087500000, 0x0000000087500000| Untracked 
| 118|0x0000000087600000, 0x0000000087600000, 0x0000000087700000|  0%| F|  |TAMS 0x0000000087600000, 0x0000000087600000| Untracked 
| 119|0x0000000087700000, 0x0000000087700000, 0x0000000087800000|  0%| F|  |TAMS 0x0000000087700000, 0x0000000087700000| Untracked 
| 120|0x0000000087800000, 0x0000000087800000, 0x0000000087900000|  0%| F|  |TAMS 0x0000000087800000, 0x0000000087800000| Untracked 
| 121|0x0000000087900000, 0x0000000087900000, 0x0000000087a00000|  0%| F|  |TAMS 0x0000000087900000, 0x0000000087900000| Untracked 
| 122|0x0000000087a00000, 0x0000000087a00000, 0x0000000087b00000|  0%| F|  |TAMS 0x0000000087a00000, 0x0000000087a00000| Untracked 
| 123|0x0000000087b00000, 0x0000000087b00000, 0x0000000087c00000|  0%| F|  |TAMS 0x0000000087b00000, 0x0000000087b00000| Untracked 
| 124|0x0000000087c00000, 0x0000000087c00000, 0x0000000087d00000|  0%| F|  |TAMS 0x0000000087c00000, 0x0000000087c00000| Untracked 
| 125|0x0000000087d00000, 0x0000000087d00000, 0x0000000087e00000|  0%| F|  |TAMS 0x0000000087d00000, 0x0000000087d00000| Untracked 
| 126|0x0000000087e00000, 0x0000000087e00000, 0x0000000087f00000|  0%| F|  |TAMS 0x0000000087e00000, 0x0000000087e00000| Untracked 
| 127|0x0000000087f00000, 0x0000000087f00000, 0x0000000088000000|  0%| F|  |TAMS 0x0000000087f00000, 0x0000000087f00000| Untracked 
| 128|0x0000000088000000, 0x0000000088000000, 0x0000000088100000|  0%| F|  |TAMS 0x0000000088000000, 0x0000000088000000| Untracked 
| 129|0x0000000088100000, 0x0000000088100000, 0x0000000088200000|  0%| F|  |TAMS 0x0000000088100000, 0x0000000088100000| Untracked 
| 130|0x0000000088200000, 0x0000000088200000, 0x0000000088300000|  0%| F|  |TAMS 0x0000000088200000, 0x0000000088200000| Untracked 
| 131|0x0000000088300000, 0x0000000088300000, 0x0000000088400000|  0%| F|  |TAMS 0x0000000088300000, 0x0000000088300000| Untracked 
| 132|0x0000000088400000, 0x0000000088400000, 0x0000000088500000|  0%| F|  |TAMS 0x0000000088400000, 0x0000000088400000| Untracked 
| 133|0x0000000088500000, 0x0000000088500000, 0x0000000088600000|  0%| F|  |TAMS 0x0000000088500000, 0x0000000088500000| Untracked 
| 134|0x0000000088600000, 0x0000000088600000, 0x0000000088700000|  0%| F|  |TAMS 0x0000000088600000, 0x0000000088600000| Untracked 
| 135|0x0000000088700000, 0x0000000088700000, 0x0000000088800000|  0%| F|  |TAMS 0x0000000088700000, 0x0000000088700000| Untracked 
| 136|0x0000000088800000, 0x0000000088800000, 0x0000000088900000|  0%| F|  |TAMS 0x0000000088800000, 0x0000000088800000| Untracked 
| 137|0x0000000088900000, 0x0000000088900000, 0x0000000088a00000|  0%| F|  |TAMS 0x0000000088900000, 0x0000000088900000| Untracked 
| 138|0x0000000088a00000, 0x0000000088a00000, 0x0000000088b00000|  0%| F|  |TAMS 0x0000000088a00000, 0x0000000088a00000| Untracked 
| 139|0x0000000088b00000, 0x0000000088b00000, 0x0000000088c00000|  0%| F|  |TAMS 0x0000000088b00000, 0x0000000088b00000| Untracked 
| 140|0x0000000088c00000, 0x0000000088c00000, 0x0000000088d00000|  0%| F|  |TAMS 0x0000000088c00000, 0x0000000088c00000| Untracked 
| 141|0x0000000088d00000, 0x0000000088d00000, 0x0000000088e00000|  0%| F|  |TAMS 0x0000000088d00000, 0x0000000088d00000| Untracked 
| 142|0x0000000088e00000, 0x0000000088e00000, 0x0000000088f00000|  0%| F|  |TAMS 0x0000000088e00000, 0x0000000088e00000| Untracked 
| 143|0x0000000088f00000, 0x0000000088f00000, 0x0000000089000000|  0%| F|  |TAMS 0x0000000088f00000, 0x0000000088f00000| Untracked 
| 144|0x0000000089000000, 0x0000000089000000, 0x0000000089100000|  0%| F|  |TAMS 0x0000000089000000, 0x0000000089000000| Untracked 
| 145|0x0000000089100000, 0x0000000089100000, 0x0000000089200000|  0%| F|  |TAMS 0x0000000089100000, 0x0000000089100000| Untracked 
| 146|0x0000000089200000, 0x0000000089200000, 0x0000000089300000|  0%| F|  |TAMS 0x0000000089200000, 0x0000000089200000| Untracked 
| 147|0x0000000089300000, 0x0000000089300000, 0x0000000089400000|  0%| F|  |TAMS 0x0000000089300000, 0x0000000089300000| Untracked 
| 148|0x0000000089400000, 0x0000000089400000, 0x0000000089500000|  0%| F|  |TAMS 0x0000000089400000, 0x0000000089400000| Untracked 
| 149|0x0000000089500000, 0x0000000089500000, 0x0000000089600000|  0%| F|  |TAMS 0x0000000089500000, 0x0000000089500000| Untracked 
| 150|0x0000000089600000, 0x0000000089600000, 0x0000000089700000|  0%| F|  |TAMS 0x0000000089600000, 0x0000000089600000| Untracked 
| 151|0x0000000089700000, 0x0000000089700000, 0x0000000089800000|  0%| F|  |TAMS 0x0000000089700000, 0x0000000089700000| Untracked 
| 152|0x0000000089800000, 0x0000000089800000, 0x0000000089900000|  0%| F|  |TAMS 0x0000000089800000, 0x0000000089800000| Untracked 
| 153|0x0000000089900000, 0x0000000089900000, 0x0000000089a00000|  0%| F|  |TAMS 0x0000000089900000, 0x0000000089900000| Untracked 
| 154|0x0000000089a00000, 0x0000000089a00000, 0x0000000089b00000|  0%| F|  |TAMS 0x0000000089a00000, 0x0000000089a00000| Untracked 
| 155|0x0000000089b00000, 0x0000000089b00000, 0x0000000089c00000|  0%| F|  |TAMS 0x0000000089b00000, 0x0000000089b00000| Untracked 
| 156|0x0000000089c00000, 0x0000000089c00000, 0x0000000089d00000|  0%| F|  |TAMS 0x0000000089c00000, 0x0000000089c00000| Untracked 
| 157|0x0000000089d00000, 0x0000000089d00000, 0x0000000089e00000|  0%| F|  |TAMS 0x0000000089d00000, 0x0000000089d00000| Untracked 
| 158|0x0000000089e00000, 0x0000000089e00000, 0x0000000089f00000|  0%| F|  |TAMS 0x0000000089e00000, 0x0000000089e00000| Untracked 
| 159|0x0000000089f00000, 0x0000000089f00000, 0x000000008a000000|  0%| F|  |TAMS 0x0000000089f00000, 0x0000000089f00000| Untracked 
| 160|0x000000008a000000, 0x000000008a000000, 0x000000008a100000|  0%| F|  |TAMS 0x000000008a000000, 0x000000008a000000| Untracked 
| 161|0x000000008a100000, 0x000000008a100000, 0x000000008a200000|  0%| F|  |TAMS 0x000000008a100000, 0x000000008a100000| Untracked 
| 162|0x000000008a200000, 0x000000008a200000, 0x000000008a300000|  0%| F|  |TAMS 0x000000008a200000, 0x000000008a200000| Untracked 
| 163|0x000000008a300000, 0x000000008a300000, 0x000000008a400000|  0%| F|  |TAMS 0x000000008a300000, 0x000000008a300000| Untracked 
| 164|0x000000008a400000, 0x000000008a400000, 0x000000008a500000|  0%| F|  |TAMS 0x000000008a400000, 0x000000008a400000| Untracked 
| 165|0x000000008a500000, 0x000000008a500000, 0x000000008a600000|  0%| F|  |TAMS 0x000000008a500000, 0x000000008a500000| Untracked 

Card table byte_map: [0x0000027224ff0000,0x00000272253f0000] _byte_map_base: 0x0000027224bf0000

Marking Bits (Prev, Next): (CMBitMap*) 0x0000027212777150, (CMBitMap*) 0x0000027212777110
 Prev Bits: [0x00000272277f0000, 0x00000272297f0000)
 Next Bits: [0x00000272257f0000, 0x00000272277f0000)

Polling page: 0x00000272106b0000

Metaspace:

Usage:
  Non-class:     43.69 MB used.
      Class:      6.68 MB used.
       Both:     50.37 MB used.

Virtual space:
  Non-class space:       48.00 MB reserved,      43.88 MB ( 91%) committed,  6 nodes.
      Class space:        1.00 GB reserved,       6.88 MB ( <1%) committed,  1 nodes.
             Both:        1.05 GB reserved,      50.75 MB (  5%) committed. 

Chunk freelists:
   Non-Class:  3.44 MB
       Class:  1.13 MB
        Both:  4.57 MB

MaxMetaspaceSize: unlimited
CompressedClassSpaceSize: 1.00 GB
Initial GC threshold: 21.00 MB
Current GC threshold: 83.88 MB
CDS: off
MetaspaceReclaimPolicy: balanced
 - commit_granule_bytes: 65536.
 - commit_granule_words: 8192.
 - virtual_space_node_default_size: 1048576.
 - enlarge_chunks_in_place: 1.
 - new_chunks_are_fully_committed: 0.
 - uncommit_free_chunks: 1.
 - use_allocation_guard: 0.
 - handle_deallocations: 1.


Internal statistics:

num_allocs_failed_limit: 3.
num_arena_births: 426.
num_arena_deaths: 4.
num_vsnodes_births: 7.
num_vsnodes_deaths: 0.
num_space_committed: 812.
num_space_uncommitted: 0.
num_chunks_returned_to_freelist: 10.
num_chunks_taken_from_freelist: 2011.
num_chunk_merges: 3.
num_chunk_splits: 1340.
num_chunks_enlarged: 947.
num_purges: 4.
num_inconsistent_stats: 0.

CodeHeap 'non-profiled nmethods': size=120000Kb used=3704Kb max_used=3704Kb free=116295Kb
 bounds [0x000002721d6c0000, 0x000002721da60000, 0x0000027224bf0000]
CodeHeap 'profiled nmethods': size=120000Kb used=9686Kb max_used=10024Kb free=110313Kb
 bounds [0x0000027215bf0000, 0x00000272165c0000, 0x000002721d120000]
CodeHeap 'non-nmethods': size=5760Kb used=2310Kb max_used=2405Kb free=3449Kb
 bounds [0x000002721d120000, 0x000002721d390000, 0x000002721d6c0000]
 total_blobs=5863 nmethods=5037 adapters=738
 compilation: enabled
              stopped_count=0, restarted_count=0
 full_count=0

Compilation events (20 events):
Event: 14.849 Thread 0x0000027237a45710 5795       4       groovyjarjarantlr4.v4.runtime.atn.ParserATNSimulator::getEpsilonTarget (147 bytes)
Event: 14.851 Thread 0x000002722c803d80 nmethod 5830 0x0000027216118810 code [0x0000027216118d60, 0x000002721611c388]
Event: 14.859 Thread 0x000002722c803d80 5834       3       java.util.TimSort::mergeHi (732 bytes)
Event: 14.861 Thread 0x000002722c803d80 nmethod 5834 0x0000027216244590 code [0x0000027216244920, 0x0000027216246d78]
Event: 14.867 Thread 0x0000027237a45710 nmethod 5795 0x000002721da5b390 code [0x000002721da5b640, 0x000002721da5c650]
Event: 14.867 Thread 0x0000027237a45710 5808       4       java.util.TimSort::binarySort (223 bytes)
Event: 14.868 Thread 0x000002722c803d80 5837       2       java.util.HashMap$TreeNode::rotateLeft (91 bytes)
Event: 14.868 Thread 0x000002722c803d80 nmethod 5837 0x0000027216243e90 code [0x0000027216244040, 0x0000027216244418]
Event: 14.870 Thread 0x000002722c803d80 5838       2       java.util.HashMap$TreeNode::rotateRight (91 bytes)
Event: 14.870 Thread 0x000002722c803d80 nmethod 5838 0x0000027216243790 code [0x0000027216243940, 0x0000027216243d18]
Event: 14.882 Thread 0x0000027237a45710 nmethod 5808 0x000002721da5d110 code [0x000002721da5d2e0, 0x000002721da5de58]
Event: 14.882 Thread 0x0000027237a45710 5763       4       groovyjarjarantlr4.v4.runtime.atn.PredictionContext::getCachedContext (297 bytes)
Event: 14.890 Thread 0x000002722c803d80 5839       2       groovyjarjarantlr4.v4.runtime.ParserRuleContext::<init> (5 bytes)
Event: 14.890 Thread 0x000002722c803d80 nmethod 5839 0x0000027216118410 code [0x00000272161185a0, 0x00000272161186b8]
Event: 14.890 Thread 0x000002722c803d80 5840       2       org.apache.groovy.parser.antlr4.GroovyParser$GroovyParserRuleContext::<init> (10 bytes)
Event: 14.891 Thread 0x000002722c803d80 nmethod 5840 0x0000027216243410 code [0x00000272162435a0, 0x00000272162436d8]
Event: 14.891 Thread 0x000002722c803d80 5841       2       groovyjarjarantlr4.v4.runtime.ParserRuleContext::copyFrom (104 bytes)
Event: 14.891 Thread 0x000002722c803d80 nmethod 5841 0x0000027215cea410 code [0x0000027215cea620, 0x0000027215ceac08]
Event: 14.894 Thread 0x000002722c803d80 5843       2       groovyjarjarantlr4.v4.runtime.atn.ArrayPredictionContext::<init> (67 bytes)
Event: 14.894 Thread 0x000002722c803d80 nmethod 5843 0x0000027216243010 code [0x00000272162431a0, 0x0000027216243358]

GC Heap History (20 events):
Event: 11.972 GC heap after
{Heap after GC invocations=40 (full 0):
 garbage-first heap   total 141312K, used 64598K [0x0000000080000000, 0x0000000100000000)
  region size 1024K, 4 young (4096K), 4 survivors (4096K)
 Metaspace       used 51256K, committed 51712K, reserved 1097728K
  class space    used 6806K, committed 7040K, reserved 1048576K
}
Event: 12.208 GC heap before
{Heap before GC invocations=40 (full 0):
 garbage-first heap   total 141312K, used 121942K [0x0000000080000000, 0x0000000100000000)
  region size 1024K, 59 young (60416K), 4 survivors (4096K)
 Metaspace       used 51256K, committed 51712K, reserved 1097728K
  class space    used 6806K, committed 7040K, reserved 1048576K
}
Event: 12.210 GC heap after
{Heap after GC invocations=41 (full 0):
 garbage-first heap   total 141312K, used 65078K [0x0000000080000000, 0x0000000100000000)
  region size 1024K, 4 young (4096K), 4 survivors (4096K)
 Metaspace       used 51256K, committed 51712K, reserved 1097728K
  class space    used 6806K, committed 7040K, reserved 1048576K
}
Event: 12.421 GC heap before
{Heap before GC invocations=41 (full 0):
 garbage-first heap   total 141312K, used 121398K [0x0000000080000000, 0x0000000100000000)
  region size 1024K, 59 young (60416K), 4 survivors (4096K)
 Metaspace       used 51256K, committed 51712K, reserved 1097728K
  class space    used 6806K, committed 7040K, reserved 1048576K
}
Event: 12.424 GC heap after
{Heap after GC invocations=42 (full 0):
 garbage-first heap   total 141312K, used 65804K [0x0000000080000000, 0x0000000100000000)
  region size 1024K, 5 young (5120K), 5 survivors (5120K)
 Metaspace       used 51256K, committed 51712K, reserved 1097728K
  class space    used 6806K, committed 7040K, reserved 1048576K
}
Event: 12.636 GC heap before
{Heap before GC invocations=42 (full 0):
 garbage-first heap   total 141312K, used 120076K [0x0000000080000000, 0x0000000100000000)
  region size 1024K, 58 young (59392K), 5 survivors (5120K)
 Metaspace       used 51257K, committed 51712K, reserved 1097728K
  class space    used 6806K, committed 7040K, reserved 1048576K
}
Event: 12.639 GC heap after
{Heap after GC invocations=43 (full 0):
 garbage-first heap   total 141312K, used 66304K [0x0000000080000000, 0x0000000100000000)
  region size 1024K, 5 young (5120K), 5 survivors (5120K)
 Metaspace       used 51257K, committed 51712K, reserved 1097728K
  class space    used 6806K, committed 7040K, reserved 1048576K
}
Event: 12.855 GC heap before
{Heap before GC invocations=43 (full 0):
 garbage-first heap   total 141312K, used 120576K [0x0000000080000000, 0x0000000100000000)
  region size 1024K, 58 young (59392K), 5 survivors (5120K)
 Metaspace       used 51257K, committed 51712K, reserved 1097728K
  class space    used 6806K, committed 7040K, reserved 1048576K
}
Event: 12.859 GC heap after
{Heap after GC invocations=44 (full 0):
 garbage-first heap   total 169984K, used 66584K [0x0000000080000000, 0x0000000100000000)
  region size 1024K, 5 young (5120K), 5 survivors (5120K)
 Metaspace       used 51257K, committed 51712K, reserved 1097728K
  class space    used 6806K, committed 7040K, reserved 1048576K
}
Event: 13.245 GC heap before
{Heap before GC invocations=44 (full 0):
 garbage-first heap   total 169984K, used 145432K [0x0000000080000000, 0x0000000100000000)
  region size 1024K, 82 young (83968K), 5 survivors (5120K)
 Metaspace       used 51257K, committed 51712K, reserved 1097728K
  class space    used 6806K, committed 7040K, reserved 1048576K
}
Event: 13.250 GC heap after
{Heap after GC invocations=45 (full 0):
 garbage-first heap   total 169984K, used 67395K [0x0000000080000000, 0x0000000100000000)
  region size 1024K, 6 young (6144K), 6 survivors (6144K)
 Metaspace       used 51257K, committed 51712K, reserved 1097728K
  class space    used 6806K, committed 7040K, reserved 1048576K
}
Event: 13.624 GC heap before
{Heap before GC invocations=45 (full 0):
 garbage-first heap   total 169984K, used 144195K [0x0000000080000000, 0x0000000100000000)
  region size 1024K, 81 young (82944K), 6 survivors (6144K)
 Metaspace       used 51267K, committed 51712K, reserved 1097728K
  class space    used 6806K, committed 7040K, reserved 1048576K
}
Event: 13.629 GC heap after
{Heap after GC invocations=46 (full 0):
 garbage-first heap   total 169984K, used 67933K [0x0000000080000000, 0x0000000100000000)
  region size 1024K, 6 young (6144K), 6 survivors (6144K)
 Metaspace       used 51267K, committed 51712K, reserved 1097728K
  class space    used 6806K, committed 7040K, reserved 1048576K
}
Event: 14.129 GC heap before
{Heap before GC invocations=46 (full 0):
 garbage-first heap   total 169984K, used 149853K [0x0000000080000000, 0x0000000100000000)
  region size 1024K, 81 young (82944K), 6 survivors (6144K)
 Metaspace       used 51430K, committed 51904K, reserved 1097728K
  class space    used 6835K, committed 7040K, reserved 1048576K
}
Event: 14.130 GC heap after
{Heap after GC invocations=47 (full 0):
 garbage-first heap   total 169984K, used 63759K [0x0000000080000000, 0x0000000100000000)
  region size 1024K, 2 young (2048K), 2 survivors (2048K)
 Metaspace       used 51430K, committed 51904K, reserved 1097728K
  class space    used 6835K, committed 7040K, reserved 1048576K
}
Event: 14.348 GC heap before
{Heap before GC invocations=47 (full 0):
 garbage-first heap   total 169984K, used 147727K [0x0000000080000000, 0x0000000100000000)
  region size 1024K, 84 young (86016K), 2 survivors (2048K)
 Metaspace       used 51430K, committed 51904K, reserved 1097728K
  class space    used 6835K, committed 7040K, reserved 1048576K
}
Event: 14.350 GC heap after
{Heap after GC invocations=48 (full 0):
 garbage-first heap   total 169984K, used 64677K [0x0000000080000000, 0x0000000100000000)
  region size 1024K, 3 young (3072K), 3 survivors (3072K)
 Metaspace       used 51430K, committed 51904K, reserved 1097728K
  class space    used 6835K, committed 7040K, reserved 1048576K
}
Event: 14.535 GC heap before
{Heap before GC invocations=48 (full 0):
 garbage-first heap   total 169984K, used 147621K [0x0000000080000000, 0x0000000100000000)
  region size 1024K, 84 young (86016K), 3 survivors (3072K)
 Metaspace       used 51430K, committed 51904K, reserved 1097728K
  class space    used 6835K, committed 7040K, reserved 1048576K
}
Event: 14.538 GC heap after
{Heap after GC invocations=49 (full 0):
 garbage-first heap   total 169984K, used 65951K [0x0000000080000000, 0x0000000100000000)
  region size 1024K, 4 young (4096K), 4 survivors (4096K)
 Metaspace       used 51430K, committed 51904K, reserved 1097728K
  class space    used 6835K, committed 7040K, reserved 1048576K
}
Event: 14.911 GC heap before
{Heap before GC invocations=49 (full 0):
 garbage-first heap   total 169984K, used 149919K [0x0000000080000000, 0x0000000100000000)
  region size 1024K, 83 young (84992K), 4 survivors (4096K)
 Metaspace       used 51581K, committed 51968K, reserved 1097728K
  class space    used 6843K, committed 7040K, reserved 1048576K
}

Dll operation events (2 events):
Event: 0.008 Loaded shared library C:\Program Files\Android\Android Studio\jbr\bin\java.dll
Event: 0.406 Loaded shared library C:\Program Files\Android\Android Studio\jbr\bin\verify.dll

Deoptimization events (20 events):
Event: 14.846 Thread 0x000002722f258c90 DEOPT PACKING pc=0x000002721d94ec98 sp=0x000000a27fbf7070
Event: 14.846 Thread 0x000002722f258c90 DEOPT UNPACKING pc=0x000002721d1769a3 sp=0x000000a27fbf6ee0 mode 2
Event: 14.846 Thread 0x000002722f258c90 Uncommon trap: trap_request=0xffffff45 fr.pc=0x000002721d9464cc relative=0x00000000000000ac
Event: 14.846 Thread 0x000002722f258c90 Uncommon trap: reason=unstable_if action=reinterpret pc=0x000002721d9464cc method=groovyjarjarantlr4.v4.runtime.atn.PredictionContextCache$IdentityCommutativePredictionContextOperands.equals(Ljava/lang/Object;)Z @ 40 c2
Event: 14.846 Thread 0x000002722f258c90 DEOPT PACKING pc=0x000002721d9464cc sp=0x000000a27fbf6fb0
Event: 14.846 Thread 0x000002722f258c90 DEOPT UNPACKING pc=0x000002721d1769a3 sp=0x000000a27fbf6f40 mode 2
Event: 14.852 Thread 0x000002722f258c90 DEOPT PACKING pc=0x000002721632b483 sp=0x000000a27fbf7320
Event: 14.852 Thread 0x000002722f258c90 DEOPT UNPACKING pc=0x000002721d177143 sp=0x000000a27fbf67c0 mode 0
Event: 14.857 Thread 0x000002722f258c90 DEOPT PACKING pc=0x000002721632b483 sp=0x000000a27fbf7320
Event: 14.857 Thread 0x000002722f258c90 DEOPT UNPACKING pc=0x000002721d177143 sp=0x000000a27fbf67c0 mode 0
Event: 14.859 Thread 0x000002722f258c90 DEOPT PACKING pc=0x00000272164d6d88 sp=0x000000a27fbf71d0
Event: 14.859 Thread 0x000002722f258c90 DEOPT UNPACKING pc=0x000002721d177143 sp=0x000000a27fbf66c0 mode 0
Event: 14.865 Thread 0x000002722f258c90 DEOPT PACKING pc=0x000002721632b5bb sp=0x000000a27fbf6f90
Event: 14.865 Thread 0x000002722f258c90 DEOPT UNPACKING pc=0x000002721d177143 sp=0x000000a27fbf6430 mode 0
Event: 14.871 Thread 0x000002722f258c90 DEOPT PACKING pc=0x000002721632b483 sp=0x000000a27fbf6e30
Event: 14.871 Thread 0x000002722f258c90 DEOPT UNPACKING pc=0x000002721d177143 sp=0x000000a27fbf62d0 mode 0
Event: 14.875 Thread 0x000002722f258c90 DEOPT PACKING pc=0x000002721632b483 sp=0x000000a27fbf6e30
Event: 14.875 Thread 0x000002722f258c90 DEOPT UNPACKING pc=0x000002721d177143 sp=0x000000a27fbf62d0 mode 0
Event: 14.878 Thread 0x000002722f258c90 DEOPT PACKING pc=0x000002721632b483 sp=0x000000a27fbf6e10
Event: 14.878 Thread 0x000002722f258c90 DEOPT UNPACKING pc=0x000002721d177143 sp=0x000000a27fbf62b0 mode 0

Classes unloaded (5 events):
Event: 8.835 Thread 0x000002722bcf17f0 Unloading class 0x00000001005f4000 '_BuildScript_$_run_closure1'
Event: 8.835 Thread 0x000002722bcf17f0 Unloading class 0x00000001005ec000 '_BuildScript_'
Event: 9.722 Thread 0x000002722bcf17f0 Unloading class 0x0000000100630968 '_BuildScript_$_run_closure1$_closure2'
Event: 9.722 Thread 0x000002722bcf17f0 Unloading class 0x0000000100630558 '_BuildScript_$_run_closure1'
Event: 9.722 Thread 0x000002722bcf17f0 Unloading class 0x0000000100630000 '_BuildScript_'

Classes redefined (0 events):
No events

Internal exceptions (20 events):
Event: 8.557 Thread 0x000002722f258c90 Exception <a 'java/lang/ClassNotFoundException'{0x000000008616f878}: sync_studio_tooling_5e58eld62533nw7xlqia8jrov$_run_closure1BeanInfo> (0x000000008616f878) 
thrown [s\src\hotspot\share\classfile\systemDictionary.cpp, line 256]
Event: 8.558 Thread 0x000002722f258c90 Exception <a 'java/lang/ClassNotFoundException'{0x0000000086176ab8}: sync_studio_tooling_5e58eld62533nw7xlqia8jrov$_run_closure1Customizer> (0x0000000086176ab8) 
thrown [s\src\hotspot\share\classfile\systemDictionary.cpp, line 256]
Event: 8.590 Thread 0x000002722f258c90 Exception <a 'java/lang/NoSuchMethodError'{0x0000000085f885a8}: 'java.lang.Object java.lang.invoke.DirectMethodHandle$Holder.newInvokeSpecial(java.lang.Object, int, java.lang.Object)'> (0x0000000085f885a8) 
thrown [s\src\hotspot\share\interpreter\linkResolver.cpp, line 771]
Event: 8.655 Thread 0x000002722f258c90 Exception <a 'java/lang/NoSuchMethodError'{0x0000000085a21f48}: 'int java.lang.invoke.DirectMethodHandle$Holder.invokeInterface(java.lang.Object, java.lang.Object)'> (0x0000000085a21f48) 
thrown [s\src\hotspot\share\interpreter\linkResolver.cpp, line 771]
Event: 8.655 Thread 0x000002722f258c90 Exception <a 'java/lang/IncompatibleClassChangeError'{0x0000000085a26220}: Found class java.lang.Object, but interface was expected> (0x0000000085a26220) 
thrown [s\src\hotspot\share\interpreter\linkResolver.cpp, line 838]
Event: 8.656 Thread 0x000002722f258c90 Exception <a 'java/lang/NoSuchMethodError'{0x0000000085a2dc50}: 'int java.lang.invoke.DirectMethodHandle$Holder.invokeSpecialIFC(java.lang.Object, java.lang.Object, java.lang.Object, java.lang.Object, java.lang.Object)'> (0x0000000085a2dc50) 
thrown [s\src\hotspot\share\interpreter\linkResolver.cpp, line 771]
Event: 8.750 Thread 0x000002722f258c90 Exception <a 'java/lang/NoSuchMethodError'{0x0000000085545e10}: 'int java.lang.invoke.DirectMethodHandle$Holder.invokeStatic(java.lang.Object)'> (0x0000000085545e10) 
thrown [s\src\hotspot\share\interpreter\linkResolver.cpp, line 771]
Event: 8.750 Thread 0x000002722f258c90 Exception <a 'java/lang/NoSuchMethodError'{0x000000008554a200}: 'int java.lang.invoke.DirectMethodHandle$Holder.invokeStaticInit(java.lang.Object)'> (0x000000008554a200) 
thrown [s\src\hotspot\share\interpreter\linkResolver.cpp, line 771]
Event: 8.761 Thread 0x000002722f677520 Exception <a 'sun/nio/fs/WindowsException'{0x00000000855b8600}> (0x00000000855b8600) 
thrown [s\src\hotspot\share\prims\jni.cpp, line 517]
Event: 8.890 Thread 0x000002722f67a070 Exception <a 'sun/nio/fs/WindowsException'{0x00000000861e2ae8}> (0x00000000861e2ae8) 
thrown [s\src\hotspot\share\prims\jni.cpp, line 517]
Event: 9.068 Thread 0x000002722f677520 Implicit null exception at 0x000002721d7c857f to 0x000002721d7c8b98
Event: 9.079 Thread 0x000002722f677520 Exception <a 'sun/nio/fs/WindowsException'{0x00000000851f79c8}> (0x00000000851f79c8) 
thrown [s\src\hotspot\share\prims\jni.cpp, line 517]
Event: 9.108 Thread 0x000002722f677520 Exception <a 'sun/nio/fs/WindowsException'{0x00000000851f7b50}> (0x00000000851f7b50) 
thrown [s\src\hotspot\share\prims\jni.cpp, line 517]
Event: 13.666 Thread 0x000002722f67a070 Exception <a 'sun/nio/fs/WindowsException'{0x0000000089ae5560}> (0x0000000089ae5560) 
thrown [s\src\hotspot\share\prims\jni.cpp, line 517]
Event: 13.666 Thread 0x000002722f67a070 Exception <a 'sun/nio/fs/WindowsException'{0x0000000089ae56e0}> (0x0000000089ae56e0) 
thrown [s\src\hotspot\share\prims\jni.cpp, line 517]
Event: 14.704 Thread 0x000002722f679200 Exception <a 'sun/nio/fs/WindowsException'{0x0000000087e0a988}> (0x0000000087e0a988) 
thrown [s\src\hotspot\share\prims\jni.cpp, line 517]
Event: 14.715 Thread 0x000002722f679200 Exception <a 'sun/nio/fs/WindowsException'{0x0000000087e390d8}> (0x0000000087e390d8) 
thrown [s\src\hotspot\share\prims\jni.cpp, line 517]
Event: 14.717 Thread 0x000002722f679200 Exception <a 'sun/nio/fs/WindowsException'{0x0000000087e39238}> (0x0000000087e39238) 
thrown [s\src\hotspot\share\prims\jni.cpp, line 517]
Event: 14.723 Thread 0x000002722f258c90 Exception <a 'java/lang/ClassNotFoundException'{0x0000000087e779c0}: sync_studio_tooling_5e58eld62533nw7xlqia8jrovBeanInfo> (0x0000000087e779c0) 
thrown [s\src\hotspot\share\classfile\systemDictionary.cpp, line 256]
Event: 14.724 Thread 0x000002722f258c90 Exception <a 'java/lang/ClassNotFoundException'{0x0000000087e7e240}: sync_studio_tooling_5e58eld62533nw7xlqia8jrovCustomizer> (0x0000000087e7e240) 
thrown [s\src\hotspot\share\classfile\systemDictionary.cpp, line 256]

VM Operations (20 events):
Event: 12.859 Executing VM operation: G1CollectForAllocation done
Event: 13.245 Executing VM operation: G1CollectForAllocation
Event: 13.250 Executing VM operation: G1CollectForAllocation done
Event: 13.624 Executing VM operation: G1CollectForAllocation
Event: 13.629 Executing VM operation: G1CollectForAllocation done
Event: 13.908 Executing VM operation: HandshakeAllThreads
Event: 13.908 Executing VM operation: HandshakeAllThreads done
Event: 13.939 Executing VM operation: HandshakeAllThreads
Event: 13.939 Executing VM operation: HandshakeAllThreads done
Event: 14.129 Executing VM operation: G1CollectForAllocation
Event: 14.130 Executing VM operation: G1CollectForAllocation done
Event: 14.348 Executing VM operation: G1CollectForAllocation
Event: 14.350 Executing VM operation: G1CollectForAllocation done
Event: 14.535 Executing VM operation: G1CollectForAllocation
Event: 14.538 Executing VM operation: G1CollectForAllocation done
Event: 14.705 Executing VM operation: ICBufferFull
Event: 14.705 Executing VM operation: ICBufferFull done
Event: 14.707 Executing VM operation: HandshakeAllThreads
Event: 14.707 Executing VM operation: HandshakeAllThreads done
Event: 14.910 Executing VM operation: G1CollectForAllocation

Events (20 events):
Event: 8.845 Thread 0x000002722c809fa0 flushing nmethod 0x00000272164ea290
Event: 11.786 loading class java/util/concurrent/LinkedBlockingDeque$Itr
Event: 11.787 loading class java/util/concurrent/LinkedBlockingDeque$AbstractItr
Event: 11.787 loading class java/util/concurrent/LinkedBlockingDeque$AbstractItr done
Event: 11.787 loading class java/util/concurrent/LinkedBlockingDeque$Itr done
Event: 13.644 loading class jdk/internal/access/foreign/MemorySegmentProxy
Event: 13.644 loading class jdk/internal/access/foreign/MemorySegmentProxy done
Event: 13.909 loading class java/util/HashMap$EntrySpliterator
Event: 13.909 loading class java/util/HashMap$EntrySpliterator done
Event: 13.909 loading class java/util/stream/SortedOps$OfRef
Event: 13.909 loading class java/util/stream/ReferencePipeline$StatefulOp
Event: 13.909 loading class java/util/stream/ReferencePipeline$StatefulOp done
Event: 13.909 loading class java/util/stream/SortedOps$OfRef done
Event: 13.910 loading class java/util/stream/SortedOps$RefSortingSink
Event: 13.910 loading class java/util/stream/SortedOps$AbstractRefSortingSink
Event: 13.910 loading class java/util/stream/SortedOps$AbstractRefSortingSink done
Event: 13.910 loading class java/util/stream/SortedOps$RefSortingSink done
Event: 14.481 Thread 0x000002722cb61290 Thread exited: 0x000002722cb61290
Event: 14.627 Thread 0x0000027237a45710 Thread added: 0x0000027237a45710
Event: 14.714 Thread 0x000002722c809fa0 flushing nmethod 0x000002721658a290


Dynamic libraries:
0x00007ff601720000 - 0x00007ff60172a000 	C:\Program Files\Android\Android Studio\jbr\bin\java.exe
0x00007ffef05b0000 - 0x00007ffef07a8000 	C:\WINDOWS\SYSTEM32\ntdll.dll
0x00007ffeef3e0000 - 0x00007ffeef49f000 	C:\WINDOWS\System32\KERNEL32.DLL
0x00007ffeee0d0000 - 0x00007ffeee3c6000 	C:\WINDOWS\System32\KERNELBASE.dll
0x00007ffeedeb0000 - 0x00007ffeedfb0000 	C:\WINDOWS\System32\ucrtbase.dll
0x00007ffee0800000 - 0x00007ffee0817000 	C:\Program Files\Android\Android Studio\jbr\bin\jli.dll
0x00007ffee5ae0000 - 0x00007ffee5afb000 	C:\Program Files\Android\Android Studio\jbr\bin\VCRUNTIME140.dll
0x00007ffeef5a0000 - 0x00007ffeef73d000 	C:\WINDOWS\System32\USER32.dll
0x00007ffeee3d0000 - 0x00007ffeee3f2000 	C:\WINDOWS\System32\win32u.dll
0x00007ffee11c0000 - 0x00007ffee145a000 	C:\WINDOWS\WinSxS\amd64_microsoft.windows.common-controls_6595b64144ccf1df_6.0.19041.1110_none_60b5254171f9507e\COMCTL32.dll
0x00007ffeef8c0000 - 0x00007ffeef8ec000 	C:\WINDOWS\System32\GDI32.dll
0x00007ffeef970000 - 0x00007ffeefa0e000 	C:\WINDOWS\System32\msvcrt.dll
0x00007ffeee400000 - 0x00007ffeee515000 	C:\WINDOWS\System32\gdi32full.dll
0x00007ffeee570000 - 0x00007ffeee60d000 	C:\WINDOWS\System32\msvcp_win.dll
0x00007ffeef570000 - 0x00007ffeef5a0000 	C:\WINDOWS\System32\IMM32.DLL
0x00007ffee97b0000 - 0x00007ffee97bc000 	C:\Program Files\Android\Android Studio\jbr\bin\vcruntime140_1.dll
0x00007ffedad80000 - 0x00007ffedae0d000 	C:\Program Files\Android\Android Studio\jbr\bin\msvcp140.dll
0x00007ffebfcf0000 - 0x00007ffec095e000 	C:\Program Files\Android\Android Studio\jbr\bin\server\jvm.dll
0x00007ffeefb40000 - 0x00007ffeefbef000 	C:\WINDOWS\System32\ADVAPI32.dll
0x00007ffeefed0000 - 0x00007ffeeff6c000 	C:\WINDOWS\System32\sechost.dll
0x00007ffeefa10000 - 0x00007ffeefb36000 	C:\WINDOWS\System32\RPCRT4.dll
0x00007ffee5c70000 - 0x00007ffee5c79000 	C:\WINDOWS\SYSTEM32\WSOCK32.dll
0x00007ffee2b60000 - 0x00007ffee2b87000 	C:\WINDOWS\SYSTEM32\WINMM.dll
0x00007ffeef7f0000 - 0x00007ffeef85b000 	C:\WINDOWS\System32\WS2_32.dll
0x00007ffee72a0000 - 0x00007ffee72aa000 	C:\WINDOWS\SYSTEM32\VERSION.dll
0x00007ffeebb50000 - 0x00007ffeebb62000 	C:\WINDOWS\SYSTEM32\kernel.appcore.dll
0x00007ffee5ad0000 - 0x00007ffee5ada000 	C:\Program Files\Android\Android Studio\jbr\bin\jimage.dll
0x00007ffedd400000 - 0x00007ffedd5e4000 	C:\WINDOWS\SYSTEM32\DBGHELP.DLL
0x00007ffedd3c0000 - 0x00007ffedd3f4000 	C:\WINDOWS\SYSTEM32\dbgcore.DLL
0x00007ffeedc90000 - 0x00007ffeedd12000 	C:\WINDOWS\System32\bcryptPrimitives.dll
0x00007ffee1770000 - 0x00007ffee1795000 	C:\Program Files\Android\Android Studio\jbr\bin\java.dll
0x00007ffee1480000 - 0x00007ffee1498000 	C:\Program Files\Android\Android Studio\jbr\bin\zip.dll
0x00007ffeee730000 - 0x00007ffeeee74000 	C:\WINDOWS\System32\SHELL32.dll
0x00007ffeebd50000 - 0x00007ffeec4e3000 	C:\WINDOWS\SYSTEM32\windows.storage.dll
0x00007ffeef010000 - 0x00007ffeef364000 	C:\WINDOWS\System32\combase.dll
0x00007ffeed600000 - 0x00007ffeed62e000 	C:\WINDOWS\SYSTEM32\Wldp.dll
0x00007ffeefe20000 - 0x00007ffeefecd000 	C:\WINDOWS\System32\SHCORE.dll
0x00007ffeefc10000 - 0x00007ffeefc65000 	C:\WINDOWS\System32\shlwapi.dll
0x00007ffeedbc0000 - 0x00007ffeedbe5000 	C:\WINDOWS\SYSTEM32\profapi.dll
0x00007ffee09f0000 - 0x00007ffee0a09000 	C:\Program Files\Android\Android Studio\jbr\bin\net.dll
0x00007ffee6e90000 - 0x00007ffee6f9a000 	C:\WINDOWS\SYSTEM32\WINHTTP.dll
0x00007ffeed360000 - 0x00007ffeed3ca000 	C:\WINDOWS\system32\mswsock.dll
0x00007ffee0820000 - 0x00007ffee0836000 	C:\Program Files\Android\Android Studio\jbr\bin\nio.dll
0x00007ffee3c80000 - 0x00007ffee3c90000 	C:\Program Files\Android\Android Studio\jbr\bin\verify.dll
0x00007ffee0d70000 - 0x00007ffee0d97000 	C:\Users\Sir\.gradle\native\e1d6ef7f7dcc3fd88c89a11ec53ec762bb8ba0a96d01ffa2cd45eb1d1d8dd5c5\windows-amd64\native-platform.dll
0x00007ffed77f0000 - 0x00007ffed7934000 	C:\Users\Sir\.gradle\native\0d407fdbe67a94daf76414ababcb853783967236a71b16ec16e742cd7a986fd3\windows-amd64\native-platform-file-events.dll
0x00007ffee3bd0000 - 0x00007ffee3bd9000 	C:\Program Files\Android\Android Studio\jbr\bin\management.dll
0x00007ffee3ad0000 - 0x00007ffee3adb000 	C:\Program Files\Android\Android Studio\jbr\bin\management_ext.dll
0x00007ffeef3d0000 - 0x00007ffeef3d8000 	C:\WINDOWS\System32\PSAPI.DLL
0x00007ffeed560000 - 0x00007ffeed578000 	C:\WINDOWS\SYSTEM32\CRYPTSP.dll
0x00007ffeecc70000 - 0x00007ffeecca4000 	C:\WINDOWS\system32\rsaenh.dll
0x00007ffeedd20000 - 0x00007ffeedd47000 	C:\WINDOWS\System32\bcrypt.dll
0x00007ffeedb80000 - 0x00007ffeedbae000 	C:\WINDOWS\SYSTEM32\USERENV.dll
0x00007ffeed550000 - 0x00007ffeed55c000 	C:\WINDOWS\SYSTEM32\CRYPTBASE.dll
0x00007ffeed050000 - 0x00007ffeed08b000 	C:\WINDOWS\SYSTEM32\IPHLPAPI.DLL
0x00007ffeef740000 - 0x00007ffeef748000 	C:\WINDOWS\System32\NSI.dll
0x00007ffee7960000 - 0x00007ffee7977000 	C:\WINDOWS\SYSTEM32\dhcpcsvc6.DLL
0x00007ffee7900000 - 0x00007ffee791d000 	C:\WINDOWS\SYSTEM32\dhcpcsvc.DLL
0x00007ffeed090000 - 0x00007ffeed15a000 	C:\WINDOWS\SYSTEM32\DNSAPI.dll
0x00007ffee3760000 - 0x00007ffee3767000 	C:\WINDOWS\system32\wshunix.dll

dbghelp: loaded successfully - version: 4.0.5 - missing functions: none
symbol engine: initialized successfully - sym options: 0x614 - pdb path: .;C:\Program Files\Android\Android Studio\jbr\bin;C:\WINDOWS\SYSTEM32;C:\WINDOWS\WinSxS\amd64_microsoft.windows.common-controls_6595b64144ccf1df_6.0.19041.1110_none_60b5254171f9507e;C:\Program Files\Android\Android Studio\jbr\bin\server;C:\Users\Sir\.gradle\native\e1d6ef7f7dcc3fd88c89a11ec53ec762bb8ba0a96d01ffa2cd45eb1d1d8dd5c5\windows-amd64;C:\Users\Sir\.gradle\native\0d407fdbe67a94daf76414ababcb853783967236a71b16ec16e742cd7a986fd3\windows-amd64

VM Arguments:
jvm_args: --add-opens=java.base/java.util=ALL-UNNAMED --add-opens=java.base/java.lang=ALL-UNNAMED --add-opens=java.base/java.lang.invoke=ALL-UNNAMED --add-opens=java.base/java.util=ALL-UNNAMED --add-opens=java.prefs/java.util.prefs=ALL-UNNAMED --add-opens=java.prefs/java.util.prefs=ALL-UNNAMED --add-opens=java.base/java.nio.charset=ALL-UNNAMED --add-opens=java.base/java.net=ALL-UNNAMED --add-opens=java.base/java.util.concurrent.atomic=ALL-UNNAMED -Xmx2048m -Dfile.encoding=UTF-8 -Duser.country=US -Duser.language=en -Duser.variant 
java_command: org.gradle.launcher.daemon.bootstrap.GradleDaemon 7.5
java_class_path (initial): C:\Users\Sir\.gradle\wrapper\dists\gradle-7.5-bin\f1w0cc9nuo0eivz97x2xlu9sv\gradle-7.5\lib\gradle-launcher-7.5.jar
Launcher Type: SUN_STANDARD

[Global flags]
     intx CICompilerCount                          = 3                                         {product} {ergonomic}
     uint ConcGCThreads                            = 1                                         {product} {ergonomic}
     uint G1ConcRefinementThreads                  = 4                                         {product} {ergonomic}
   size_t G1HeapRegionSize                         = 1048576                                   {product} {ergonomic}
    uintx GCDrainStackTargetSize                   = 64                                        {product} {ergonomic}
   size_t InitialHeapSize                          = 134217728                                 {product} {ergonomic}
   size_t MarkStackSize                            = 4194304                                   {product} {ergonomic}
   size_t MaxHeapSize                              = 2147483648                                {product} {command line}
   size_t MaxNewSize                               = 1287651328                                {product} {ergonomic}
   size_t MinHeapDeltaBytes                        = 1048576                                   {product} {ergonomic}
   size_t MinHeapSize                              = 8388608                                   {product} {ergonomic}
    uintx NonNMethodCodeHeapSize                   = 5832780                                {pd product} {ergonomic}
    uintx NonProfiledCodeHeapSize                  = 122912730                              {pd product} {ergonomic}
    uintx ProfiledCodeHeapSize                     = 122912730                              {pd product} {ergonomic}
    uintx ReservedCodeCacheSize                    = 251658240                              {pd product} {ergonomic}
     bool SegmentedCodeCache                       = true                                      {product} {ergonomic}
   size_t SoftMaxHeapSize                          = 2147483648                             {manageable} {ergonomic}
     bool UseCompressedClassPointers               = true                           {product lp64_product} {ergonomic}
     bool UseCompressedOops                        = true                           {product lp64_product} {ergonomic}
     bool UseG1GC                                  = true                                      {product} {ergonomic}
     bool UseLargePagesIndividualAllocation        = false                                  {pd product} {ergonomic}

Logging:
Log output configuration:
 #0: stdout all=warning uptime,level,tags
 #1: stderr all=off uptime,level,tags

Environment Variables:
JAVA_HOME=C:\Program Files\Java\jdk-19
PATH=C:\Program Files\Common Files\Oracle\Java\javapath;C:\WINDOWS\system32;C:\WINDOWS;C:\WINDOWS\System32\Wbem;C:\WINDOWS\System32\WindowsPowerShell\v1.0\;C:\WINDOWS\System32\OpenSSH\;C:\Program Files\Java\jdk-17.0.2\bin;D:\Parth\jadx-1.4.4\bin;C:\Program Files\Git\cmd;C:\Program Files\Java\jdk-19\bin;C:\Users\Sir\AppData\Local\Microsoft\WindowsApps
USERNAME=Sir
OS=Windows_NT
PROCESSOR_IDENTIFIER=Intel64 Family 6 Model 58 Stepping 9, GenuineIntel
TMP=C:\Users\Sir\AppData\Local\Temp
TEMP=C:\Users\Sir\AppData\Local\Temp


JNI global refs:
JNI global refs: 25, weak refs: 19

JNI global refs memory usage: 843, weak refs: 841


---------------  S Y S T E M  ---------------

OS:
 Windows 10 , 64 bit Build 19041 (10.0.19041.3155)
OS uptime: 2 days 3:17 hours

CPU: total 4 (initial active 4) (4 cores per cpu, 1 threads per core) family 6 model 58 stepping 9 microcode 0x21, cx8, cmov, fxsr, mmx, sse, sse2, sse3, ssse3, sse4.1, sse4.2, popcnt, tsc, tscinvbit, avx, aes, erms, clmul, vzeroupper, clflush

Memory: 4k page, system-wide physical 8065M (857M free)
TotalPageFile size 12161M (AvailPageFile size 32M)
current process WorkingSet (physical memory assigned to process): 384M, peak: 392M
current process commit charge ("private bytes"): 411M, peak: 447M

vm_info: OpenJDK 64-Bit Server VM (17.0.6+0-b2043.56-10027231) for windows-amd64 JRE (17.0.6+0-b2043.56-10027231), built on Apr 28 2023 00:43:19 by "androidbuild" with MS VC++ 16.10 / 16.11 (VS2019)

END.
