#
# There is insufficient memory for the Java Runtime Environment to continue.
# Native memory allocation (malloc) failed to allocate 1755856 bytes for Chunk::new
# Possible reasons:
#   The system is out of physical RAM or swap space
#   The process is running with CompressedOops enabled, and the Java Heap may be blocking the growth of the native heap
# Possible solutions:
#   Reduce memory load on the system
#   Increase physical memory or swap space
#   Check if swap backing store is full
#   Decrease Java heap size (-Xmx/-Xms)
#   Decrease number of Java threads
#   Decrease Java thread stack sizes (-Xss)
#   Set larger code cache with -XX:ReservedCodeCacheSize=
#   JVM is running with Unscaled Compressed Oops mode in which the Java heap is
#     placed in the first 4GB address space. The Java Heap base address is the
#     maximum limit for the native heap growth. Please use -XX:HeapBaseMinAddress
#     to set the Java Heap base and to place the Java Heap above 4GB virtual address.
# This output file may be truncated or incomplete.
#
#  Out of Memory Error (arena.cpp:189), pid=7404, tid=13120
#
# JRE version: OpenJDK Runtime Environment (17.0.6) (build 17.0.6+0-b2043.56-10027231)
# Java VM: OpenJDK 64-Bit Server VM (17.0.6+0-b2043.56-10027231, mixed mode, tiered, compressed oops, compressed class ptrs, g1 gc, windows-amd64)
# No core dump will be written. Minidumps are not enabled by default on client versions of Windows
#

---------------  S U M M A R Y ------------

Command Line: --add-opens=java.base/java.util=ALL-UNNAMED --add-opens=java.base/java.lang=ALL-UNNAMED --add-opens=java.base/java.lang.invoke=ALL-UNNAMED --add-opens=java.prefs/java.util.prefs=ALL-UNNAMED --add-opens=java.base/java.nio.charset=ALL-UNNAMED --add-opens=java.base/java.net=ALL-UNNAMED --add-opens=java.base/java.util.concurrent.atomic=ALL-UNNAMED -Xmx2048m -Dfile.encoding=UTF-8 -Duser.country=US -Duser.language=en -Duser.variant org.gradle.launcher.daemon.bootstrap.GradleDaemon 8.0

Host: Intel(R) Core(TM) i5-3470 CPU @ 3.20GHz, 4 cores, 7G,  Windows 10 , 64 bit Build 19041 (10.0.19041.3393)
Time: Fri Sep 29 13:42:23 2023 India Standard Time elapsed time: 6.464999 seconds (0d 0h 0m 6s)

---------------  T H R E A D  ---------------

Current thread (0x00000189e041e7d0):  JavaThread "C2 CompilerThread0" daemon [_thread_in_native, id=13120, stack(0x0000007fd1000000,0x0000007fd1100000)]


Current CompileTask:
C2:   6465 3941       4       org.objectweb.asm.Frame::execute (2318 bytes)

Stack: [0x0000007fd1000000,0x0000007fd1100000]
Native frames: (J=compiled Java code, j=interpreted, Vv=VM code, C=native code)
V  [jvm.dll+0x683c9a]
V  [jvm.dll+0x8427a4]
V  [jvm.dll+0x843f9e]
V  [jvm.dll+0x844603]
V  [jvm.dll+0x249b75]
V  [jvm.dll+0xabcac]
V  [jvm.dll+0xac27c]
V  [jvm.dll+0x368802]
V  [jvm.dll+0x332f31]
V  [jvm.dll+0x3323da]
V  [jvm.dll+0x21c201]
V  [jvm.dll+0x21b621]
V  [jvm.dll+0x1a4fdd]
V  [jvm.dll+0x22b098]
V  [jvm.dll+0x229159]
V  [jvm.dll+0x7f81ec]
V  [jvm.dll+0x7f274a]
V  [jvm.dll+0x682ad5]
C  [ucrtbase.dll+0x21bb2]
C  [KERNEL32.DLL+0x17344]
C  [ntdll.dll+0x526b1]


---------------  P R O C E S S  ---------------

Threads class SMR info:
_java_thread_list=0x00000189e515f710, length=38, elements={
0x00000189c6449d40, 0x00000189df9fe0e0, 0x00000189dfa000f0, 0x00000189dfa1e4a0,
0x00000189dfa20e70, 0x00000189dfa21730, 0x00000189dfa23400, 0x00000189e041e7d0,
0x00000189e0429d10, 0x00000189e043aa10, 0x00000189e0592c50, 0x00000189e0595950,
0x00000189e32f2fc0, 0x00000189e1269460, 0x00000189e3170bb0, 0x00000189e2e3ba50,
0x00000189e1b61760, 0x00000189e2857400, 0x00000189e1c68d60, 0x00000189e18ee660,
0x00000189e18efe70, 0x00000189e18eeb30, 0x00000189e18ef000, 0x00000189e18ef4d0,
0x00000189e18ef9a0, 0x00000189e18d5480, 0x00000189e593ccb0, 0x00000189e593e4c0,
0x00000189e593dff0, 0x00000189e593e990, 0x00000189e593d650, 0x00000189e5942350,
0x00000189e59419b0, 0x00000189e593c7e0, 0x00000189e593ee60, 0x00000189e593b970,
0x00000189e5942820, 0x00000189e593f330
}

Java Threads: ( => current thread )
  0x00000189c6449d40 JavaThread "main" [_thread_blocked, id=13704, stack(0x0000007fd0300000,0x0000007fd0400000)]
  0x00000189df9fe0e0 JavaThread "Reference Handler" daemon [_thread_blocked, id=10876, stack(0x0000007fd0a00000,0x0000007fd0b00000)]
  0x00000189dfa000f0 JavaThread "Finalizer" daemon [_thread_blocked, id=11432, stack(0x0000007fd0b00000,0x0000007fd0c00000)]
  0x00000189dfa1e4a0 JavaThread "Signal Dispatcher" daemon [_thread_blocked, id=9464, stack(0x0000007fd0c00000,0x0000007fd0d00000)]
  0x00000189dfa20e70 JavaThread "Attach Listener" daemon [_thread_blocked, id=13584, stack(0x0000007fd0d00000,0x0000007fd0e00000)]
  0x00000189dfa21730 JavaThread "Service Thread" daemon [_thread_blocked, id=8112, stack(0x0000007fd0e00000,0x0000007fd0f00000)]
  0x00000189dfa23400 JavaThread "Monitor Deflation Thread" daemon [_thread_blocked, id=4712, stack(0x0000007fd0f00000,0x0000007fd1000000)]
=>0x00000189e041e7d0 JavaThread "C2 CompilerThread0" daemon [_thread_in_native, id=13120, stack(0x0000007fd1000000,0x0000007fd1100000)]
  0x00000189e0429d10 JavaThread "C1 CompilerThread0" daemon [_thread_blocked, id=14192, stack(0x0000007fd1100000,0x0000007fd1200000)]
  0x00000189e043aa10 JavaThread "Sweeper thread" daemon [_thread_blocked, id=7272, stack(0x0000007fd1200000,0x0000007fd1300000)]
  0x00000189e0592c50 JavaThread "Common-Cleaner" daemon [_thread_blocked, id=13500, stack(0x0000007fd1300000,0x0000007fd1400000)]
  0x00000189e0595950 JavaThread "Notification Thread" daemon [_thread_blocked, id=11976, stack(0x0000007fd1400000,0x0000007fd1500000)]
  0x00000189e32f2fc0 JavaThread "Daemon health stats" [_thread_blocked, id=1860, stack(0x0000007fd1a00000,0x0000007fd1b00000)]
  0x00000189e1269460 JavaThread "Incoming local TCP Connector on port 57185" [_thread_in_native, id=9100, stack(0x0000007fd1b00000,0x0000007fd1c00000)]
  0x00000189e3170bb0 JavaThread "Daemon periodic checks" [_thread_blocked, id=3080, stack(0x0000007fd1c00000,0x0000007fd1d00000)]
  0x00000189e2e3ba50 JavaThread "Daemon" [_thread_blocked, id=9588, stack(0x0000007fd1d00000,0x0000007fd1e00000)]
  0x00000189e1b61760 JavaThread "Handler for socket connection from /127.0.0.1:57185 to /127.0.0.1:57186" [_thread_in_native, id=9492, stack(0x0000007fd1e00000,0x0000007fd1f00000)]
  0x00000189e2857400 JavaThread "Cancel handler" [_thread_blocked, id=8632, stack(0x0000007fd1f00000,0x0000007fd2000000)]
  0x00000189e1c68d60 JavaThread "Daemon worker" [_thread_in_Java, id=1056, stack(0x0000007fd2000000,0x0000007fd2100000)]
  0x00000189e18ee660 JavaThread "Asynchronous log dispatcher for DefaultDaemonConnection: socket connection from /127.0.0.1:57185 to /127.0.0.1:57186" [_thread_blocked, id=9408, stack(0x0000007fd2100000,0x0000007fd2200000)]
  0x00000189e18efe70 JavaThread "Stdin handler" [_thread_blocked, id=12160, stack(0x0000007fd2200000,0x0000007fd2300000)]
  0x00000189e18eeb30 JavaThread "Daemon client event forwarder" [_thread_blocked, id=3448, stack(0x0000007fd2300000,0x0000007fd2400000)]
  0x00000189e18ef000 JavaThread "Cache worker for journal cache (C:\Users\Sir\.gradle\caches\journal-1)" [_thread_blocked, id=11728, stack(0x0000007fd1600000,0x0000007fd1700000)]
  0x00000189e18ef4d0 JavaThread "File lock request listener" [_thread_in_native, id=13144, stack(0x0000007fd2400000,0x0000007fd2500000)]
  0x00000189e18ef9a0 JavaThread "Cache worker for file hash cache (C:\Users\Sir\.gradle\caches\8.0\fileHashes)" [_thread_blocked, id=680, stack(0x0000007fd2500000,0x0000007fd2600000)]
  0x00000189e18d5480 JavaThread "C2 CompilerThread1" daemon [_thread_in_native, id=13296, stack(0x0000007fd2600000,0x0000007fd2700000)]
  0x00000189e593ccb0 JavaThread "File watcher server" daemon [_thread_in_native, id=1960, stack(0x0000007fd2700000,0x0000007fd2800000)]
  0x00000189e593e4c0 JavaThread "File watcher consumer" daemon [_thread_blocked, id=9600, stack(0x0000007fd2800000,0x0000007fd2900000)]
  0x00000189e593dff0 JavaThread "jar transforms" [_thread_blocked, id=3972, stack(0x0000007fd2900000,0x0000007fd2a00000)]
  0x00000189e593e990 JavaThread "jar transforms Thread 2" [_thread_blocked, id=9720, stack(0x0000007fd2a00000,0x0000007fd2b00000)]
  0x00000189e593d650 JavaThread "jar transforms Thread 3" [_thread_blocked, id=7896, stack(0x0000007fd2b00000,0x0000007fd2c00000)]
  0x00000189e5942350 JavaThread "jar transforms Thread 4" [_thread_blocked, id=6396, stack(0x0000007fd2c00000,0x0000007fd2d00000)]
  0x00000189e59419b0 JavaThread "Cache worker for checksums cache (G:\App\Account\Hardik\Ads Depedency\Ads Lilbs\.gradle\8.0\checksums)" [_thread_blocked, id=13200, stack(0x0000007fd2d00000,0x0000007fd2e00000)]
  0x00000189e593c7e0 JavaThread "Cache worker for cache directory md-rule (C:\Users\Sir\.gradle\caches\8.0\md-rule)" [_thread_blocked, id=9776, stack(0x0000007fd2e00000,0x0000007fd2f00000)]
  0x00000189e593ee60 JavaThread "Cache worker for file content cache (C:\Users\Sir\.gradle\caches\8.0\fileContent)" [_thread_blocked, id=6260, stack(0x0000007fd2f00000,0x0000007fd3000000)]
  0x00000189e593b970 JavaThread "Cache worker for file hash cache (G:\App\Account\Hardik\Ads Depedency\Ads Lilbs\.gradle\8.0\fileHashes)" [_thread_blocked, id=6892, stack(0x0000007fd3000000,0x0000007fd3100000)]
  0x00000189e5942820 JavaThread "Cache worker for cache directory md-supplier (C:\Users\Sir\.gradle\caches\8.0\md-supplier)" [_thread_blocked, id=11568, stack(0x0000007fd3100000,0x0000007fd3200000)]
  0x00000189e593f330 JavaThread "Cache worker for execution history cache (C:\Users\Sir\.gradle\caches\8.0\executionHistory)" [_thread_blocked, id=3836, stack(0x0000007fd3200000,0x0000007fd3300000)]

Other Threads:
  0x00000189df9f8c60 VMThread "VM Thread" [stack: 0x0000007fd0900000,0x0000007fd0a00000] [id=2196]
  0x00000189c64c57c0 WatcherThread [stack: 0x0000007fd1500000,0x0000007fd1600000] [id=4268]
  0x00000189c64a42f0 GCTaskThread "GC Thread#0" [stack: 0x0000007fd0400000,0x0000007fd0500000] [id=13596]
  0x00000189e0c6b230 GCTaskThread "GC Thread#1" [stack: 0x0000007fd1700000,0x0000007fd1800000] [id=6524]
  0x00000189e0d14230 GCTaskThread "GC Thread#2" [stack: 0x0000007fd1800000,0x0000007fd1900000] [id=6044]
  0x00000189e12b6e30 GCTaskThread "GC Thread#3" [stack: 0x0000007fd1900000,0x0000007fd1a00000] [id=1340]
  0x00000189c64b5140 ConcurrentGCThread "G1 Main Marker" [stack: 0x0000007fd0500000,0x0000007fd0600000] [id=676]
  0x00000189c64b6200 ConcurrentGCThread "G1 Conc#0" [stack: 0x0000007fd0600000,0x0000007fd0700000] [id=4536]
  0x00000189c651ddb0 ConcurrentGCThread "G1 Refine#0" [stack: 0x0000007fd0700000,0x0000007fd0800000] [id=9656]
  0x00000189c651e6e0 ConcurrentGCThread "G1 Service" [stack: 0x0000007fd0800000,0x0000007fd0900000] [id=3136]

Threads with active compile tasks:
C2 CompilerThread0     6496 3941       4       org.objectweb.asm.Frame::execute (2318 bytes)
C2 CompilerThread1     6496 4039       4       java.util.jar.JarFile::getManifest (5 bytes)

VM state: not at safepoint (normal execution)

VM Mutex/Monitor currently owned by a thread: None

Heap address: 0x0000000080000000, size: 2048 MB, Compressed Oops mode: 32-bit

CDS archive(s) not mapped
Compressed class space mapped at: 0x0000000100000000-0x0000000140000000, reserved size: 1073741824
Narrow klass base: 0x0000000000000000, Narrow klass shift: 3, Narrow klass range: 0x140000000

GC Precious Log:
 CPUs: 4 total, 4 available
 Memory: 8065M
 Large Page Support: Disabled
 NUMA Support: Disabled
 Compressed Oops: Enabled (32-bit)
 Heap Region Size: 1M
 Heap Min Capacity: 8M
 Heap Initial Capacity: 128M
 Heap Max Capacity: 2G
 Pre-touch: Disabled
 Parallel Workers: 4
 Concurrent Workers: 1
 Concurrent Refinement Workers: 4
 Periodic GC: Disabled

Heap:
 garbage-first heap   total 138240K, used 77811K [0x0000000080000000, 0x0000000100000000)
  region size 1024K, 21 young (21504K), 2 survivors (2048K)
 Metaspace       used 45463K, committed 45888K, reserved 1089536K
  class space    used 6009K, committed 6208K, reserved 1048576K

Heap Regions: E=young(eden), S=young(survivor), O=old, HS=humongous(starts), HC=humongous(continues), CS=collection set, F=free, OA=open archive, CA=closed archive, TAMS=top-at-mark-start (previous, next)
|   0|0x0000000080000000, 0x0000000080100000, 0x0000000080100000|100%| O|  |TAMS 0x0000000080100000, 0x0000000080100000| Untracked 
|   1|0x0000000080100000, 0x0000000080200000, 0x0000000080200000|100%| O|  |TAMS 0x0000000080200000, 0x0000000080200000| Untracked 
|   2|0x0000000080200000, 0x0000000080300000, 0x0000000080300000|100%|HS|  |TAMS 0x0000000080300000, 0x0000000080300000| Complete 
|   3|0x0000000080300000, 0x0000000080400000, 0x0000000080400000|100%|HC|  |TAMS 0x0000000080400000, 0x0000000080400000| Complete 
|   4|0x0000000080400000, 0x0000000080500000, 0x0000000080500000|100%|HC|  |TAMS 0x0000000080500000, 0x0000000080500000| Complete 
|   5|0x0000000080500000, 0x0000000080600000, 0x0000000080600000|100%|HC|  |TAMS 0x0000000080600000, 0x0000000080600000| Complete 
|   6|0x0000000080600000, 0x0000000080700000, 0x0000000080700000|100%| O|  |TAMS 0x0000000080700000, 0x0000000080700000| Untracked 
|   7|0x0000000080700000, 0x0000000080800000, 0x0000000080800000|100%| O|  |TAMS 0x0000000080800000, 0x0000000080800000| Untracked 
|   8|0x0000000080800000, 0x0000000080900000, 0x0000000080900000|100%| O|  |TAMS 0x0000000080900000, 0x0000000080900000| Untracked 
|   9|0x0000000080900000, 0x0000000080a00000, 0x0000000080a00000|100%| O|  |TAMS 0x0000000080a00000, 0x0000000080a00000| Untracked 
|  10|0x0000000080a00000, 0x0000000080b00000, 0x0000000080b00000|100%| O|  |TAMS 0x0000000080b00000, 0x0000000080b00000| Untracked 
|  11|0x0000000080b00000, 0x0000000080c00000, 0x0000000080c00000|100%| O|  |TAMS 0x0000000080c00000, 0x0000000080c00000| Untracked 
|  12|0x0000000080c00000, 0x0000000080d00000, 0x0000000080d00000|100%| O|  |TAMS 0x0000000080d00000, 0x0000000080d00000| Untracked 
|  13|0x0000000080d00000, 0x0000000080e00000, 0x0000000080e00000|100%| O|  |TAMS 0x0000000080e00000, 0x0000000080e00000| Untracked 
|  14|0x0000000080e00000, 0x0000000080f00000, 0x0000000080f00000|100%| O|  |TAMS 0x0000000080f00000, 0x0000000080f00000| Untracked 
|  15|0x0000000080f00000, 0x0000000081000000, 0x0000000081000000|100%| O|  |TAMS 0x0000000081000000, 0x0000000081000000| Untracked 
|  16|0x0000000081000000, 0x0000000081100000, 0x0000000081100000|100%| O|  |TAMS 0x0000000081100000, 0x0000000081100000| Untracked 
|  17|0x0000000081100000, 0x0000000081200000, 0x0000000081200000|100%| O|  |TAMS 0x0000000081200000, 0x0000000081200000| Untracked 
|  18|0x0000000081200000, 0x0000000081300000, 0x0000000081300000|100%| O|  |TAMS 0x0000000081300000, 0x0000000081300000| Untracked 
|  19|0x0000000081300000, 0x0000000081400000, 0x0000000081400000|100%| O|  |TAMS 0x0000000081400000, 0x0000000081400000| Untracked 
|  20|0x0000000081400000, 0x0000000081500000, 0x0000000081500000|100%| O|  |TAMS 0x0000000081500000, 0x0000000081500000| Untracked 
|  21|0x0000000081500000, 0x0000000081600000, 0x0000000081600000|100%|HS|  |TAMS 0x0000000081600000, 0x0000000081600000| Complete 
|  22|0x0000000081600000, 0x0000000081700000, 0x0000000081700000|100%|HC|  |TAMS 0x0000000081700000, 0x0000000081700000| Complete 
|  23|0x0000000081700000, 0x0000000081800000, 0x0000000081800000|100%|HS|  |TAMS 0x0000000081800000, 0x0000000081800000| Complete 
|  24|0x0000000081800000, 0x0000000081900000, 0x0000000081900000|100%|HC|  |TAMS 0x0000000081900000, 0x0000000081900000| Complete 
|  25|0x0000000081900000, 0x0000000081a00000, 0x0000000081a00000|100%|HC|  |TAMS 0x0000000081a00000, 0x0000000081a00000| Complete 
|  26|0x0000000081a00000, 0x0000000081b00000, 0x0000000081b00000|100%|HS|  |TAMS 0x0000000081b00000, 0x0000000081b00000| Complete 
|  27|0x0000000081b00000, 0x0000000081c00000, 0x0000000081c00000|100%|HC|  |TAMS 0x0000000081c00000, 0x0000000081c00000| Complete 
|  28|0x0000000081c00000, 0x0000000081d00000, 0x0000000081d00000|100%|HC|  |TAMS 0x0000000081d00000, 0x0000000081d00000| Complete 
|  29|0x0000000081d00000, 0x0000000081e00000, 0x0000000081e00000|100%|HS|  |TAMS 0x0000000081e00000, 0x0000000081e00000| Complete 
|  30|0x0000000081e00000, 0x0000000081f00000, 0x0000000081f00000|100%|HC|  |TAMS 0x0000000081f00000, 0x0000000081f00000| Complete 
|  31|0x0000000081f00000, 0x0000000082000000, 0x0000000082000000|100%|HC|  |TAMS 0x0000000082000000, 0x0000000082000000| Complete 
|  32|0x0000000082000000, 0x0000000082100000, 0x0000000082100000|100%|HC|  |TAMS 0x0000000082100000, 0x0000000082100000| Complete 
|  33|0x0000000082100000, 0x0000000082200000, 0x0000000082200000|100%|HC|  |TAMS 0x0000000082200000, 0x0000000082200000| Complete 
|  34|0x0000000082200000, 0x0000000082300000, 0x0000000082300000|100%|HC|  |TAMS 0x0000000082300000, 0x0000000082300000| Complete 
|  35|0x0000000082300000, 0x0000000082400000, 0x0000000082400000|100%|HC|  |TAMS 0x0000000082400000, 0x0000000082400000| Complete 
|  36|0x0000000082400000, 0x0000000082500000, 0x0000000082500000|100%|HC|  |TAMS 0x0000000082500000, 0x0000000082500000| Complete 
|  37|0x0000000082500000, 0x0000000082600000, 0x0000000082600000|100%|HC|  |TAMS 0x0000000082600000, 0x0000000082600000| Complete 
|  38|0x0000000082600000, 0x0000000082700000, 0x0000000082700000|100%|HC|  |TAMS 0x0000000082700000, 0x0000000082700000| Complete 
|  39|0x0000000082700000, 0x0000000082800000, 0x0000000082800000|100%|HC|  |TAMS 0x0000000082800000, 0x0000000082800000| Complete 
|  40|0x0000000082800000, 0x0000000082900000, 0x0000000082900000|100%|HC|  |TAMS 0x0000000082900000, 0x0000000082900000| Complete 
|  41|0x0000000082900000, 0x0000000082a00000, 0x0000000082a00000|100%| O|  |TAMS 0x0000000082a00000, 0x0000000082a00000| Untracked 
|  42|0x0000000082a00000, 0x0000000082b00000, 0x0000000082b00000|100%| O|  |TAMS 0x0000000082b00000, 0x0000000082b00000| Untracked 
|  43|0x0000000082b00000, 0x0000000082c00000, 0x0000000082c00000|100%| O|  |TAMS 0x0000000082c00000, 0x0000000082c00000| Untracked 
|  44|0x0000000082c00000, 0x0000000082d00000, 0x0000000082d00000|100%| O|  |TAMS 0x0000000082d00000, 0x0000000082d00000| Untracked 
|  45|0x0000000082d00000, 0x0000000082e00000, 0x0000000082e00000|100%|HS|  |TAMS 0x0000000082e00000, 0x0000000082e00000| Complete 
|  46|0x0000000082e00000, 0x0000000082f00000, 0x0000000082f00000|100%|HC|  |TAMS 0x0000000082f00000, 0x0000000082f00000| Complete 
|  47|0x0000000082f00000, 0x0000000083000000, 0x0000000083000000|100%| O|  |TAMS 0x0000000082ff3a00, 0x0000000083000000| Untracked 
|  48|0x0000000083000000, 0x0000000083100000, 0x0000000083100000|100%| O|  |TAMS 0x0000000083000000, 0x0000000083100000| Untracked 
|  49|0x0000000083100000, 0x0000000083200000, 0x0000000083200000|100%| O|  |TAMS 0x0000000083100000, 0x0000000083200000| Untracked 
|  50|0x0000000083200000, 0x0000000083300000, 0x0000000083300000|100%| O|  |TAMS 0x0000000083200000, 0x0000000083300000| Untracked 
|  51|0x0000000083300000, 0x0000000083400000, 0x0000000083400000|100%| O|  |TAMS 0x0000000083300000, 0x00000000833b9800| Untracked 
|  52|0x0000000083400000, 0x0000000083500000, 0x0000000083500000|100%| O|  |TAMS 0x0000000083400000, 0x0000000083400000| Untracked 
|  53|0x0000000083500000, 0x000000008351c000, 0x0000000083600000| 10%| O|  |TAMS 0x0000000083500000, 0x0000000083500000| Untracked 
|  54|0x0000000083600000, 0x0000000083700000, 0x0000000083700000|100%|HS|  |TAMS 0x0000000083600000, 0x0000000083600000| Complete 
|  55|0x0000000083700000, 0x0000000083800000, 0x0000000083800000|100%|HS|  |TAMS 0x0000000083700000, 0x0000000083700000| Complete 
|  56|0x0000000083800000, 0x0000000083900000, 0x0000000083900000|100%|HC|  |TAMS 0x0000000083800000, 0x0000000083800000| Complete 
|  57|0x0000000083900000, 0x0000000083900000, 0x0000000083a00000|  0%| F|  |TAMS 0x0000000083900000, 0x0000000083900000| Untracked 
|  58|0x0000000083a00000, 0x0000000083a00000, 0x0000000083b00000|  0%| F|  |TAMS 0x0000000083a00000, 0x0000000083a00000| Untracked 
|  59|0x0000000083b00000, 0x0000000083b00000, 0x0000000083c00000|  0%| F|  |TAMS 0x0000000083b00000, 0x0000000083b00000| Untracked 
|  60|0x0000000083c00000, 0x0000000083c00000, 0x0000000083d00000|  0%| F|  |TAMS 0x0000000083c00000, 0x0000000083c00000| Untracked 
|  61|0x0000000083d00000, 0x0000000083d00000, 0x0000000083e00000|  0%| F|  |TAMS 0x0000000083d00000, 0x0000000083d00000| Untracked 
|  62|0x0000000083e00000, 0x0000000083e00000, 0x0000000083f00000|  0%| F|  |TAMS 0x0000000083e00000, 0x0000000083e00000| Untracked 
|  63|0x0000000083f00000, 0x0000000083f00000, 0x0000000084000000|  0%| F|  |TAMS 0x0000000083f00000, 0x0000000083f00000| Untracked 
|  64|0x0000000084000000, 0x0000000084000000, 0x0000000084100000|  0%| F|  |TAMS 0x0000000084000000, 0x0000000084000000| Untracked 
|  65|0x0000000084100000, 0x0000000084100000, 0x0000000084200000|  0%| F|  |TAMS 0x0000000084100000, 0x0000000084100000| Untracked 
|  66|0x0000000084200000, 0x0000000084200000, 0x0000000084300000|  0%| F|  |TAMS 0x0000000084200000, 0x0000000084200000| Untracked 
|  67|0x0000000084300000, 0x0000000084300000, 0x0000000084400000|  0%| F|  |TAMS 0x0000000084300000, 0x0000000084300000| Untracked 
|  68|0x0000000084400000, 0x0000000084400000, 0x0000000084500000|  0%| F|  |TAMS 0x0000000084400000, 0x0000000084400000| Untracked 
|  69|0x0000000084500000, 0x0000000084500000, 0x0000000084600000|  0%| F|  |TAMS 0x0000000084500000, 0x0000000084500000| Untracked 
|  70|0x0000000084600000, 0x0000000084600000, 0x0000000084700000|  0%| F|  |TAMS 0x0000000084600000, 0x0000000084600000| Untracked 
|  71|0x0000000084700000, 0x0000000084700000, 0x0000000084800000|  0%| F|  |TAMS 0x0000000084700000, 0x0000000084700000| Untracked 
|  72|0x0000000084800000, 0x0000000084800000, 0x0000000084900000|  0%| F|  |TAMS 0x0000000084800000, 0x0000000084800000| Untracked 
|  73|0x0000000084900000, 0x0000000084900000, 0x0000000084a00000|  0%| F|  |TAMS 0x0000000084900000, 0x0000000084900000| Untracked 
|  74|0x0000000084a00000, 0x0000000084a00000, 0x0000000084b00000|  0%| F|  |TAMS 0x0000000084a00000, 0x0000000084a00000| Untracked 
|  75|0x0000000084b00000, 0x0000000084b00000, 0x0000000084c00000|  0%| F|  |TAMS 0x0000000084b00000, 0x0000000084b00000| Untracked 
|  76|0x0000000084c00000, 0x0000000084ce0ff0, 0x0000000084d00000| 87%| S|CS|TAMS 0x0000000084c00000, 0x0000000084c00000| Complete 
|  77|0x0000000084d00000, 0x0000000084e00000, 0x0000000084e00000|100%| S|CS|TAMS 0x0000000084d00000, 0x0000000084d00000| Complete 
|  78|0x0000000084e00000, 0x0000000084e00000, 0x0000000084f00000|  0%| F|  |TAMS 0x0000000084e00000, 0x0000000084e00000| Untracked 
|  79|0x0000000084f00000, 0x0000000084f00000, 0x0000000085000000|  0%| F|  |TAMS 0x0000000084f00000, 0x0000000084f00000| Untracked 
|  80|0x0000000085000000, 0x0000000085000000, 0x0000000085100000|  0%| F|  |TAMS 0x0000000085000000, 0x0000000085000000| Untracked 
|  81|0x0000000085100000, 0x0000000085100000, 0x0000000085200000|  0%| F|  |TAMS 0x0000000085100000, 0x0000000085100000| Untracked 
|  82|0x0000000085200000, 0x0000000085200000, 0x0000000085300000|  0%| F|  |TAMS 0x0000000085200000, 0x0000000085200000| Untracked 
|  83|0x0000000085300000, 0x0000000085300000, 0x0000000085400000|  0%| F|  |TAMS 0x0000000085300000, 0x0000000085300000| Untracked 
|  84|0x0000000085400000, 0x0000000085400000, 0x0000000085500000|  0%| F|  |TAMS 0x0000000085400000, 0x0000000085400000| Untracked 
|  85|0x0000000085500000, 0x0000000085500000, 0x0000000085600000|  0%| F|  |TAMS 0x0000000085500000, 0x0000000085500000| Untracked 
|  86|0x0000000085600000, 0x0000000085600000, 0x0000000085700000|  0%| F|  |TAMS 0x0000000085600000, 0x0000000085600000| Untracked 
|  87|0x0000000085700000, 0x0000000085700000, 0x0000000085800000|  0%| F|  |TAMS 0x0000000085700000, 0x0000000085700000| Untracked 
|  88|0x0000000085800000, 0x0000000085800000, 0x0000000085900000|  0%| F|  |TAMS 0x0000000085800000, 0x0000000085800000| Untracked 
|  89|0x0000000085900000, 0x0000000085900000, 0x0000000085a00000|  0%| F|  |TAMS 0x0000000085900000, 0x0000000085900000| Untracked 
|  90|0x0000000085a00000, 0x0000000085a00000, 0x0000000085b00000|  0%| F|  |TAMS 0x0000000085a00000, 0x0000000085a00000| Untracked 
|  91|0x0000000085b00000, 0x0000000085b00000, 0x0000000085c00000|  0%| F|  |TAMS 0x0000000085b00000, 0x0000000085b00000| Untracked 
|  92|0x0000000085c00000, 0x0000000085c00000, 0x0000000085d00000|  0%| F|  |TAMS 0x0000000085c00000, 0x0000000085c00000| Untracked 
|  93|0x0000000085d00000, 0x0000000085d00000, 0x0000000085e00000|  0%| F|  |TAMS 0x0000000085d00000, 0x0000000085d00000| Untracked 
|  94|0x0000000085e00000, 0x0000000085e00000, 0x0000000085f00000|  0%| F|  |TAMS 0x0000000085e00000, 0x0000000085e00000| Untracked 
|  95|0x0000000085f00000, 0x0000000085f00000, 0x0000000086000000|  0%| F|  |TAMS 0x0000000085f00000, 0x0000000085f00000| Untracked 
|  96|0x0000000086000000, 0x0000000086000000, 0x0000000086100000|  0%| F|  |TAMS 0x0000000086000000, 0x0000000086000000| Untracked 
|  97|0x0000000086100000, 0x0000000086100000, 0x0000000086200000|  0%| F|  |TAMS 0x0000000086100000, 0x0000000086100000| Untracked 
|  98|0x0000000086200000, 0x0000000086200000, 0x0000000086300000|  0%| F|  |TAMS 0x0000000086200000, 0x0000000086200000| Untracked 
|  99|0x0000000086300000, 0x0000000086300000, 0x0000000086400000|  0%| F|  |TAMS 0x0000000086300000, 0x0000000086300000| Untracked 
| 100|0x0000000086400000, 0x0000000086400000, 0x0000000086500000|  0%| F|  |TAMS 0x0000000086400000, 0x0000000086400000| Untracked 
| 101|0x0000000086500000, 0x0000000086500000, 0x0000000086600000|  0%| F|  |TAMS 0x0000000086500000, 0x0000000086500000| Untracked 
| 102|0x0000000086600000, 0x0000000086600000, 0x0000000086700000|  0%| F|  |TAMS 0x0000000086600000, 0x0000000086600000| Untracked 
| 103|0x0000000086700000, 0x0000000086700000, 0x0000000086800000|  0%| F|  |TAMS 0x0000000086700000, 0x0000000086700000| Untracked 
| 104|0x0000000086800000, 0x0000000086800000, 0x0000000086900000|  0%| F|  |TAMS 0x0000000086800000, 0x0000000086800000| Untracked 
| 105|0x0000000086900000, 0x0000000086900000, 0x0000000086a00000|  0%| F|  |TAMS 0x0000000086900000, 0x0000000086900000| Untracked 
| 106|0x0000000086a00000, 0x0000000086a00000, 0x0000000086b00000|  0%| F|  |TAMS 0x0000000086a00000, 0x0000000086a00000| Untracked 
| 107|0x0000000086b00000, 0x0000000086b00000, 0x0000000086c00000|  0%| F|  |TAMS 0x0000000086b00000, 0x0000000086b00000| Untracked 
| 108|0x0000000086c00000, 0x0000000086c00000, 0x0000000086d00000|  0%| F|  |TAMS 0x0000000086c00000, 0x0000000086c00000| Untracked 
| 109|0x0000000086d00000, 0x0000000086d00000, 0x0000000086e00000|  0%| F|  |TAMS 0x0000000086d00000, 0x0000000086d00000| Untracked 
| 110|0x0000000086e00000, 0x0000000086e00000, 0x0000000086f00000|  0%| F|  |TAMS 0x0000000086e00000, 0x0000000086e00000| Untracked 
| 111|0x0000000086f00000, 0x0000000086f00000, 0x0000000087000000|  0%| F|  |TAMS 0x0000000086f00000, 0x0000000086f00000| Untracked 
| 112|0x0000000087000000, 0x0000000087000000, 0x0000000087100000|  0%| F|  |TAMS 0x0000000087000000, 0x0000000087000000| Untracked 
| 113|0x0000000087100000, 0x0000000087100000, 0x0000000087200000|  0%| F|  |TAMS 0x0000000087100000, 0x0000000087100000| Untracked 
| 114|0x0000000087200000, 0x0000000087200000, 0x0000000087300000|  0%| F|  |TAMS 0x0000000087200000, 0x0000000087200000| Untracked 
| 115|0x0000000087300000, 0x0000000087300000, 0x0000000087400000|  0%| F|  |TAMS 0x0000000087300000, 0x0000000087300000| Untracked 
| 116|0x0000000087400000, 0x0000000087500000, 0x0000000087500000|100%| E|  |TAMS 0x0000000087400000, 0x0000000087400000| Complete 
| 117|0x0000000087500000, 0x0000000087600000, 0x0000000087600000|100%| E|CS|TAMS 0x0000000087500000, 0x0000000087500000| Complete 
| 118|0x0000000087600000, 0x0000000087700000, 0x0000000087700000|100%| E|CS|TAMS 0x0000000087600000, 0x0000000087600000| Complete 
| 119|0x0000000087700000, 0x0000000087800000, 0x0000000087800000|100%| E|CS|TAMS 0x0000000087700000, 0x0000000087700000| Complete 
| 120|0x0000000087800000, 0x0000000087900000, 0x0000000087900000|100%| E|CS|TAMS 0x0000000087800000, 0x0000000087800000| Complete 
| 121|0x0000000087900000, 0x0000000087a00000, 0x0000000087a00000|100%| E|CS|TAMS 0x0000000087900000, 0x0000000087900000| Complete 
| 122|0x0000000087a00000, 0x0000000087b00000, 0x0000000087b00000|100%| E|CS|TAMS 0x0000000087a00000, 0x0000000087a00000| Complete 
| 123|0x0000000087b00000, 0x0000000087c00000, 0x0000000087c00000|100%| E|CS|TAMS 0x0000000087b00000, 0x0000000087b00000| Complete 
| 124|0x0000000087c00000, 0x0000000087d00000, 0x0000000087d00000|100%| E|CS|TAMS 0x0000000087c00000, 0x0000000087c00000| Complete 
| 125|0x0000000087d00000, 0x0000000087e00000, 0x0000000087e00000|100%| E|CS|TAMS 0x0000000087d00000, 0x0000000087d00000| Complete 
| 126|0x0000000087e00000, 0x0000000087f00000, 0x0000000087f00000|100%| E|CS|TAMS 0x0000000087e00000, 0x0000000087e00000| Complete 
| 127|0x0000000087f00000, 0x0000000088000000, 0x0000000088000000|100%| E|CS|TAMS 0x0000000087f00000, 0x0000000087f00000| Complete 
| 128|0x0000000088000000, 0x0000000088100000, 0x0000000088100000|100%| E|CS|TAMS 0x0000000088000000, 0x0000000088000000| Complete 
| 129|0x0000000088100000, 0x0000000088200000, 0x0000000088200000|100%| E|CS|TAMS 0x0000000088100000, 0x0000000088100000| Complete 
| 130|0x0000000088200000, 0x0000000088300000, 0x0000000088300000|100%| E|CS|TAMS 0x0000000088200000, 0x0000000088200000| Complete 
| 131|0x0000000088300000, 0x0000000088400000, 0x0000000088400000|100%| E|CS|TAMS 0x0000000088300000, 0x0000000088300000| Complete 
| 132|0x0000000088400000, 0x0000000088500000, 0x0000000088500000|100%| E|CS|TAMS 0x0000000088400000, 0x0000000088400000| Complete 
| 133|0x0000000088500000, 0x0000000088600000, 0x0000000088600000|100%| E|CS|TAMS 0x0000000088500000, 0x0000000088500000| Complete 
| 134|0x0000000088600000, 0x0000000088700000, 0x0000000088700000|100%| E|CS|TAMS 0x0000000088600000, 0x0000000088600000| Complete 

Card table byte_map: [0x00000189d8d20000,0x00000189d9120000] _byte_map_base: 0x00000189d8920000

Marking Bits (Prev, Next): (CMBitMap*) 0x00000189c64a4810, (CMBitMap*) 0x00000189c64a4850
 Prev Bits: [0x00000189d9520000, 0x00000189db520000)
 Next Bits: [0x00000189db520000, 0x00000189dd520000)

Polling page: 0x00000189c41e0000

Metaspace:

Usage:
  Non-class:     38.56 MB used.
      Class:      5.87 MB used.
       Both:     44.43 MB used.

Virtual space:
  Non-class space:       40.00 MB reserved,      38.81 MB ( 97%) committed,  5 nodes.
      Class space:        1.00 GB reserved,       6.06 MB ( <1%) committed,  1 nodes.
             Both:        1.04 GB reserved,      44.88 MB (  4%) committed. 

Chunk freelists:
   Non-Class:  864.00 KB
       Class:  1.80 MB
        Both:  2.64 MB

MaxMetaspaceSize: unlimited
CompressedClassSpaceSize: 1.00 GB
Initial GC threshold: 21.00 MB
Current GC threshold: 67.50 MB
CDS: off
MetaspaceReclaimPolicy: balanced
 - commit_granule_bytes: 65536.
 - commit_granule_words: 8192.
 - virtual_space_node_default_size: 1048576.
 - enlarge_chunks_in_place: 1.
 - new_chunks_are_fully_committed: 0.
 - uncommit_free_chunks: 1.
 - use_allocation_guard: 0.
 - handle_deallocations: 1.


Internal statistics:

num_allocs_failed_limit: 3.
num_arena_births: 416.
num_arena_deaths: 0.
num_vsnodes_births: 6.
num_vsnodes_deaths: 0.
num_space_committed: 718.
num_space_uncommitted: 0.
num_chunks_returned_to_freelist: 3.
num_chunks_taken_from_freelist: 1794.
num_chunk_merges: 3.
num_chunk_splits: 1157.
num_chunks_enlarged: 789.
num_purges: 0.
num_inconsistent_stats: 0.

CodeHeap 'non-profiled nmethods': size=120000Kb used=2358Kb max_used=2358Kb free=117641Kb
 bounds [0x00000189d13f0000, 0x00000189d1660000, 0x00000189d8920000]
CodeHeap 'profiled nmethods': size=120000Kb used=8470Kb max_used=8470Kb free=111529Kb
 bounds [0x00000189c9920000, 0x00000189ca170000, 0x00000189d0e50000]
CodeHeap 'non-nmethods': size=5760Kb used=2289Kb max_used=2320Kb free=3470Kb
 bounds [0x00000189d0e50000, 0x00000189d10c0000, 0x00000189d13f0000]
 total_blobs=4831 nmethods=4034 adapters=709
 compilation: enabled
              stopped_count=0, restarted_count=0
 full_count=0

Compilation events (20 events):
Event: 6.453 Thread 0x00000189e0429d10 nmethod 4029 0x00000189ca155490 code [0x00000189ca155620, 0x00000189ca155738]
Event: 6.453 Thread 0x00000189e0429d10 4030   !   3       java.lang.invoke.InnerClassLambdaMetafactory::buildCallSite (201 bytes)
Event: 6.455 Thread 0x00000189e0429d10 nmethod 4030 0x00000189ca155810 code [0x00000189ca155d00, 0x00000189ca158218]
Event: 6.455 Thread 0x00000189e0429d10 4034   !   3       java.lang.invoke.InnerClassLambdaMetafactory::generateInnerClass (618 bytes)
Event: 6.456 Thread 0x00000189e18d5480 4039       4       java.util.jar.JarFile::getManifest (5 bytes)
Event: 6.457 Thread 0x00000189e0429d10 nmethod 4034 0x00000189ca159210 code [0x00000189ca159720, 0x00000189ca15bf68]
Event: 6.457 Thread 0x00000189e0429d10 4035       3       java.lang.invoke.InnerClassLambdaMetafactory::generateConstructor (154 bytes)
Event: 6.458 Thread 0x00000189e0429d10 nmethod 4035 0x00000189ca15cf90 code [0x00000189ca15d260, 0x00000189ca15e1c8]
Event: 6.458 Thread 0x00000189e0429d10 4037       3       java.lang.invoke.InnerClassLambdaMetafactory$ForwardingMethodGenerator::generate (272 bytes)
Event: 6.459 Thread 0x00000189e0429d10 nmethod 4037 0x00000189ca15e710 code [0x00000189ca15eaa0, 0x00000189ca160628]
Event: 6.459 Thread 0x00000189e0429d10 4038       3       java.lang.invoke.InnerClassLambdaMetafactory$ForwardingMethodGenerator::convertArgumentTypes (96 bytes)
Event: 6.460 Thread 0x00000189e0429d10 nmethod 4038 0x00000189ca160e90 code [0x00000189ca1610e0, 0x00000189ca161b38]
Event: 6.460 Thread 0x00000189e0429d10 4031       3       java.lang.invoke.InnerClassLambdaMetafactory::spinInnerClass (118 bytes)
Event: 6.460 Thread 0x00000189e0429d10 nmethod 4031 0x00000189ca162090 code [0x00000189ca162260, 0x00000189ca162558]
Event: 6.460 Thread 0x00000189e0429d10 4032       3       java.lang.invoke.LambdaProxyClassArchive::find (63 bytes)
Event: 6.461 Thread 0x00000189e0429d10 nmethod 4032 0x00000189ca162610 code [0x00000189ca162820, 0x00000189ca162f58]
Event: 6.461 Thread 0x00000189e0429d10 4033       3       java.lang.invoke.LambdaProxyClassArchive::loadedByBuiltinLoader (22 bytes)
Event: 6.461 Thread 0x00000189e0429d10 nmethod 4033 0x00000189ca163190 code [0x00000189ca1633e0, 0x00000189ca163f58]
Event: 6.461 Thread 0x00000189e0429d10 4036       3       java.lang.invoke.InnerClassLambdaMetafactory$ForwardingMethodGenerator::<init> (11 bytes)
Event: 6.461 Thread 0x00000189e0429d10 nmethod 4036 0x00000189ca164310 code [0x00000189ca1644c0, 0x00000189ca1646c8]

GC Heap History (20 events):
Event: 3.859 GC heap before
{Heap before GC invocations=5 (full 0):
 garbage-first heap   total 71680K, used 52704K [0x0000000080000000, 0x0000000100000000)
  region size 1024K, 42 young (43008K), 9 survivors (9216K)
 Metaspace       used 26430K, committed 26752K, reserved 1073152K
  class space    used 3470K, committed 3648K, reserved 1048576K
}
Event: 3.868 GC heap after
{Heap after GC invocations=6 (full 0):
 garbage-first heap   total 71680K, used 20466K [0x0000000080000000, 0x0000000100000000)
  region size 1024K, 3 young (3072K), 3 survivors (3072K)
 Metaspace       used 26430K, committed 26752K, reserved 1073152K
  class space    used 3470K, committed 3648K, reserved 1048576K
}
Event: 3.884 GC heap before
{Heap before GC invocations=6 (full 0):
 garbage-first heap   total 71680K, used 20466K [0x0000000080000000, 0x0000000100000000)
  region size 1024K, 4 young (4096K), 3 survivors (3072K)
 Metaspace       used 26573K, committed 26880K, reserved 1073152K
  class space    used 3496K, committed 3648K, reserved 1048576K
}
Event: 3.887 GC heap after
{Heap after GC invocations=7 (full 0):
 garbage-first heap   total 71680K, used 20976K [0x0000000080000000, 0x0000000100000000)
  region size 1024K, 1 young (1024K), 1 survivors (1024K)
 Metaspace       used 26573K, committed 26880K, reserved 1073152K
  class space    used 3496K, committed 3648K, reserved 1048576K
}
Event: 4.428 GC heap before
{Heap before GC invocations=7 (full 0):
 garbage-first heap   total 71680K, used 47600K [0x0000000080000000, 0x0000000100000000)
  region size 1024K, 21 young (21504K), 1 survivors (1024K)
 Metaspace       used 29393K, committed 29760K, reserved 1081344K
  class space    used 3981K, committed 4160K, reserved 1048576K
}
Event: 4.434 GC heap after
{Heap after GC invocations=8 (full 0):
 garbage-first heap   total 71680K, used 32741K [0x0000000080000000, 0x0000000100000000)
  region size 1024K, 4 young (4096K), 4 survivors (4096K)
 Metaspace       used 29393K, committed 29760K, reserved 1081344K
  class space    used 3981K, committed 4160K, reserved 1048576K
}
Event: 4.474 GC heap before
{Heap before GC invocations=8 (full 0):
 garbage-first heap   total 71680K, used 45029K [0x0000000080000000, 0x0000000100000000)
  region size 1024K, 5 young (5120K), 4 survivors (4096K)
 Metaspace       used 29395K, committed 29760K, reserved 1081344K
  class space    used 3981K, committed 4160K, reserved 1048576K
}
Event: 4.478 GC heap after
{Heap after GC invocations=9 (full 0):
 garbage-first heap   total 71680K, used 45333K [0x0000000080000000, 0x0000000100000000)
  region size 1024K, 1 young (1024K), 1 survivors (1024K)
 Metaspace       used 29395K, committed 29760K, reserved 1081344K
  class space    used 3981K, committed 4160K, reserved 1048576K
}
Event: 4.757 GC heap before
{Heap before GC invocations=10 (full 0):
 garbage-first heap   total 83968K, used 57621K [0x0000000080000000, 0x0000000100000000)
  region size 1024K, 12 young (12288K), 1 survivors (1024K)
 Metaspace       used 30791K, committed 31168K, reserved 1081344K
  class space    used 4190K, committed 4352K, reserved 1048576K
}
Event: 4.759 GC heap after
{Heap after GC invocations=11 (full 0):
 garbage-first heap   total 83968K, used 49107K [0x0000000080000000, 0x0000000100000000)
  region size 1024K, 2 young (2048K), 2 survivors (2048K)
 Metaspace       used 30791K, committed 31168K, reserved 1081344K
  class space    used 4190K, committed 4352K, reserved 1048576K
}
Event: 5.048 GC heap before
{Heap before GC invocations=11 (full 0):
 garbage-first heap   total 83968K, used 64467K [0x0000000080000000, 0x0000000100000000)
  region size 1024K, 17 young (17408K), 2 survivors (2048K)
 Metaspace       used 32743K, committed 33088K, reserved 1081344K
  class space    used 4521K, committed 4672K, reserved 1048576K
}
Event: 5.051 GC heap after
{Heap after GC invocations=12 (full 0):
 garbage-first heap   total 83968K, used 49852K [0x0000000080000000, 0x0000000100000000)
  region size 1024K, 1 young (1024K), 1 survivors (1024K)
 Metaspace       used 32743K, committed 33088K, reserved 1081344K
  class space    used 4521K, committed 4672K, reserved 1048576K
}
Event: 5.364 GC heap before
{Heap before GC invocations=13 (full 0):
 garbage-first heap   total 86016K, used 66236K [0x0000000080000000, 0x0000000100000000)
  region size 1024K, 17 young (17408K), 1 survivors (1024K)
 Metaspace       used 35381K, committed 35712K, reserved 1081344K
  class space    used 4916K, committed 5056K, reserved 1048576K
}
Event: 5.366 GC heap after
{Heap after GC invocations=14 (full 0):
 garbage-first heap   total 86016K, used 50539K [0x0000000080000000, 0x0000000100000000)
  region size 1024K, 2 young (2048K), 2 survivors (2048K)
 Metaspace       used 35381K, committed 35712K, reserved 1081344K
  class space    used 4916K, committed 5056K, reserved 1048576K
}
Event: 5.792 GC heap before
{Heap before GC invocations=14 (full 0):
 garbage-first heap   total 86016K, used 67947K [0x0000000080000000, 0x0000000100000000)
  region size 1024K, 20 young (20480K), 2 survivors (2048K)
 Metaspace       used 40676K, committed 41088K, reserved 1089536K
  class space    used 5494K, committed 5696K, reserved 1048576K
}
Event: 5.796 GC heap after
{Heap after GC invocations=15 (full 0):
 garbage-first heap   total 86016K, used 53173K [0x0000000080000000, 0x0000000100000000)
  region size 1024K, 3 young (3072K), 3 survivors (3072K)
 Metaspace       used 40676K, committed 41088K, reserved 1089536K
  class space    used 5494K, committed 5696K, reserved 1048576K
}
Event: 5.979 GC heap before
{Heap before GC invocations=16 (full 0):
 garbage-first heap   total 91136K, used 68533K [0x0000000080000000, 0x0000000100000000)
  region size 1024K, 19 young (19456K), 3 survivors (3072K)
 Metaspace       used 41742K, committed 42112K, reserved 1089536K
  class space    used 5577K, committed 5760K, reserved 1048576K
}
Event: 5.983 GC heap after
{Heap after GC invocations=17 (full 0):
 garbage-first heap   total 91136K, used 55485K [0x0000000080000000, 0x0000000100000000)
  region size 1024K, 3 young (3072K), 3 survivors (3072K)
 Metaspace       used 41742K, committed 42112K, reserved 1089536K
  class space    used 5577K, committed 5760K, reserved 1048576K
}
Event: 6.083 GC heap before
{Heap before GC invocations=17 (full 0):
 garbage-first heap   total 91136K, used 65725K [0x0000000080000000, 0x0000000100000000)
  region size 1024K, 14 young (14336K), 3 survivors (3072K)
 Metaspace       used 42211K, committed 42624K, reserved 1089536K
  class space    used 5623K, committed 5824K, reserved 1048576K
}
Event: 6.086 GC heap after
{Heap after GC invocations=18 (full 0):
 garbage-first heap   total 138240K, used 56307K [0x0000000080000000, 0x0000000100000000)
  region size 1024K, 2 young (2048K), 2 survivors (2048K)
 Metaspace       used 42211K, committed 42624K, reserved 1089536K
  class space    used 5623K, committed 5824K, reserved 1048576K
}

Dll operation events (2 events):
Event: 0.007 Loaded shared library C:\Program Files\Android\Android Studio\jbr\bin\java.dll
Event: 0.574 Loaded shared library C:\Program Files\Android\Android Studio\jbr\bin\verify.dll

Deoptimization events (20 events):
Event: 6.382 Thread 0x00000189e1c68d60 Uncommon trap: trap_request=0xffffff45 fr.pc=0x00000189d15ba2ac relative=0x000000000000010c
Event: 6.382 Thread 0x00000189e1c68d60 Uncommon trap: reason=unstable_if action=reinterpret pc=0x00000189d15ba2ac method=java.util.Arrays.hashCode([Ljava/lang/Object;)I @ 34 c2
Event: 6.382 Thread 0x00000189e1c68d60 DEOPT PACKING pc=0x00000189d15ba2ac sp=0x0000007fd20f7c10
Event: 6.382 Thread 0x00000189e1c68d60 DEOPT UNPACKING pc=0x00000189d0ea69a3 sp=0x0000007fd20f7b88 mode 2
Event: 6.397 Thread 0x00000189e32f2fc0 Uncommon trap: trap_request=0xffffffc6 fr.pc=0x00000189d160b83c relative=0x000000000000009c
Event: 6.397 Thread 0x00000189e32f2fc0 Uncommon trap: reason=bimorphic_or_optimized_type_check action=maybe_recompile pc=0x00000189d160b83c method=java.util.stream.Sink$ChainedReference.cancellationRequested()Z @ 4 c2
Event: 6.397 Thread 0x00000189e32f2fc0 DEOPT PACKING pc=0x00000189d160b83c sp=0x0000007fd1afea10
Event: 6.397 Thread 0x00000189e32f2fc0 DEOPT UNPACKING pc=0x00000189d0ea69a3 sp=0x0000007fd1afe998 mode 2
Event: 6.397 Thread 0x00000189e32f2fc0 Uncommon trap: trap_request=0xffffffc6 fr.pc=0x00000189d160b83c relative=0x000000000000009c
Event: 6.397 Thread 0x00000189e32f2fc0 Uncommon trap: reason=bimorphic_or_optimized_type_check action=maybe_recompile pc=0x00000189d160b83c method=java.util.stream.Sink$ChainedReference.cancellationRequested()Z @ 4 c2
Event: 6.397 Thread 0x00000189e32f2fc0 DEOPT PACKING pc=0x00000189d160b83c sp=0x0000007fd1afea10
Event: 6.397 Thread 0x00000189e32f2fc0 DEOPT UNPACKING pc=0x00000189d0ea69a3 sp=0x0000007fd1afe998 mode 2
Event: 6.397 Thread 0x00000189e32f2fc0 Uncommon trap: trap_request=0xffffffc6 fr.pc=0x00000189d160b83c relative=0x000000000000009c
Event: 6.397 Thread 0x00000189e32f2fc0 Uncommon trap: reason=bimorphic_or_optimized_type_check action=maybe_recompile pc=0x00000189d160b83c method=java.util.stream.Sink$ChainedReference.cancellationRequested()Z @ 4 c2
Event: 6.397 Thread 0x00000189e32f2fc0 DEOPT PACKING pc=0x00000189d160b83c sp=0x0000007fd1afea10
Event: 6.397 Thread 0x00000189e32f2fc0 DEOPT UNPACKING pc=0x00000189d0ea69a3 sp=0x0000007fd1afe998 mode 2
Event: 6.397 Thread 0x00000189e32f2fc0 Uncommon trap: trap_request=0xffffffc6 fr.pc=0x00000189d160b83c relative=0x000000000000009c
Event: 6.397 Thread 0x00000189e32f2fc0 Uncommon trap: reason=bimorphic_or_optimized_type_check action=maybe_recompile pc=0x00000189d160b83c method=java.util.stream.Sink$ChainedReference.cancellationRequested()Z @ 4 c2
Event: 6.397 Thread 0x00000189e32f2fc0 DEOPT PACKING pc=0x00000189d160b83c sp=0x0000007fd1afea10
Event: 6.397 Thread 0x00000189e32f2fc0 DEOPT UNPACKING pc=0x00000189d0ea69a3 sp=0x0000007fd1afe998 mode 2

Classes unloaded (0 events):
No events

Classes redefined (0 events):
No events

Internal exceptions (20 events):
Event: 6.149 Thread 0x00000189e1c68d60 Exception <a 'java/lang/ClassNotFoundException'{0x00000000885c3ce0}: groovy/lang/ClosureBeanInfo> (0x00000000885c3ce0) 
thrown [s\src\hotspot\share\classfile\systemDictionary.cpp, line 256]
Event: 6.150 Thread 0x00000189e1c68d60 Exception <a 'java/lang/ClassNotFoundException'{0x00000000885e7cb0}: groovy/lang/ClosureCustomizer> (0x00000000885e7cb0) 
thrown [s\src\hotspot\share\classfile\systemDictionary.cpp, line 256]
Event: 6.154 Thread 0x00000189e1c68d60 Exception <a 'java/lang/ClassNotFoundException'{0x000000008842eb78}: groovy/lang/Closure$1Customizer> (0x000000008842eb78) 
thrown [s\src\hotspot\share\classfile\systemDictionary.cpp, line 256]
Event: 6.185 Thread 0x00000189e593e990 Exception <a 'sun/nio/fs/WindowsException'{0x0000000088328cd0}> (0x0000000088328cd0) 
thrown [s\src\hotspot\share\prims\jni.cpp, line 517]
Event: 6.246 Thread 0x00000189e593e990 Exception <a 'sun/nio/fs/WindowsException'{0x00000000882b02a0}> (0x00000000882b02a0) 
thrown [s\src\hotspot\share\prims\jni.cpp, line 517]
Event: 6.246 Thread 0x00000189e593e990 Exception <a 'sun/nio/fs/WindowsException'{0x00000000882b04a0}> (0x00000000882b04a0) 
thrown [s\src\hotspot\share\prims\jni.cpp, line 517]
Event: 6.255 Thread 0x00000189e1c68d60 Exception <a 'java/lang/ClassNotFoundException'{0x00000000881077a0}: sync_studio_tooling1134_avwg6q9pphe5ds92xm61n71l9BeanInfo> (0x00000000881077a0) 
thrown [s\src\hotspot\share\classfile\systemDictionary.cpp, line 256]
Event: 6.255 Thread 0x00000189e1c68d60 Exception <a 'java/lang/ClassNotFoundException'{0x000000008810e0e8}: sync_studio_tooling1134_avwg6q9pphe5ds92xm61n71l9Customizer> (0x000000008810e0e8) 
thrown [s\src\hotspot\share\classfile\systemDictionary.cpp, line 256]
Event: 6.265 Thread 0x00000189e1c68d60 Exception <a 'java/lang/ClassNotFoundException'{0x0000000088159ed8}: org/gradle/internal/metaobject/ConfigureDelegateBeanInfo> (0x0000000088159ed8) 
thrown [s\src\hotspot\share\classfile\systemDictionary.cpp, line 256]
Event: 6.266 Thread 0x00000189e1c68d60 Exception <a 'java/lang/ClassNotFoundException'{0x000000008816a2e8}: org/gradle/internal/metaobject/ConfigureDelegateCustomizer> (0x000000008816a2e8) 
thrown [s\src\hotspot\share\classfile\systemDictionary.cpp, line 256]
Event: 6.272 Thread 0x00000189e1c68d60 Exception <a 'java/lang/ClassNotFoundException'{0x00000000881ba1d0}: org/gradle/api/internal/initialization/DefaultScriptHandlerBeanInfo> (0x00000000881ba1d0) 
thrown [s\src\hotspot\share\classfile\systemDictionary.cpp, line 256]
Event: 6.273 Thread 0x00000189e1c68d60 Exception <a 'java/lang/ClassNotFoundException'{0x00000000881ca710}: org/gradle/api/internal/initialization/DefaultScriptHandlerCustomizer> (0x00000000881ca710) 
thrown [s\src\hotspot\share\classfile\systemDictionary.cpp, line 256]
Event: 6.382 Thread 0x00000189e1c68d60 Implicit null exception at 0x00000189d15ba1ec to 0x00000189d15ba290
Event: 6.388 Thread 0x00000189e1c68d60 Exception <a 'java/lang/ClassNotFoundException'{0x0000000087a4e888}: org/gradle/api/internal/artifacts/dsl/dependencies/DefaultDependencyHandler_DecoratedBeanInfo> (0x0000000087a4e888) 
thrown [s\src\hotspot\share\classfile\systemDictionary.cpp, line 256]
Event: 6.389 Thread 0x00000189e1c68d60 Exception <a 'java/lang/ClassNotFoundException'{0x0000000087a643b0}: org/gradle/api/internal/artifacts/dsl/dependencies/DefaultDependencyHandlerBeanInfo> (0x0000000087a643b0) 
thrown [s\src\hotspot\share\classfile\systemDictionary.cpp, line 256]
Event: 6.390 Thread 0x00000189e1c68d60 Exception <a 'java/lang/ClassNotFoundException'{0x0000000087a793f8}: org/gradle/api/internal/artifacts/dsl/dependencies/DefaultDependencyHandlerCustomizer> (0x0000000087a793f8) 
thrown [s\src\hotspot\share\classfile\systemDictionary.cpp, line 256]
Event: 6.393 Thread 0x00000189e1c68d60 Exception <a 'java/lang/ClassNotFoundException'{0x0000000087ab8400}: org/gradle/api/internal/artifacts/dsl/dependencies/DefaultDependencyHandler_DecoratedCustomizer> (0x0000000087ab8400) 
thrown [s\src\hotspot\share\classfile\systemDictionary.cpp, line 256]
Event: 6.398 Thread 0x00000189e1c68d60 Exception <a 'java/lang/ClassNotFoundException'{0x0000000087af9060}: sync_studio_tooling1134_avwg6q9pphe5ds92xm61n71l9$_run_closure1BeanInfo> (0x0000000087af9060) 
thrown [s\src\hotspot\share\classfile\systemDictionary.cpp, line 256]
Event: 6.398 Thread 0x00000189e1c68d60 Exception <a 'java/lang/ClassNotFoundException'{0x0000000087912800}: sync_studio_tooling1134_avwg6q9pphe5ds92xm61n71l9$_run_closure1Customizer> (0x0000000087912800) 
thrown [s\src\hotspot\share\classfile\systemDictionary.cpp, line 256]
Event: 6.452 Thread 0x00000189e1c68d60 Exception <a 'java/lang/NoSuchMethodError'{0x0000000087603258}: 'java.lang.Object java.lang.invoke.DirectMethodHandle$Holder.newInvokeSpecial(java.lang.Object, int, java.lang.Object)'> (0x0000000087603258) 
thrown [s\src\hotspot\share\interpreter\linkResolver.cpp, line 771]

VM Operations (20 events):
Event: 5.835 Executing VM operation: G1Concurrent
Event: 5.835 Executing VM operation: G1Concurrent done
Event: 5.841 Executing VM operation: HandshakeAllThreads
Event: 5.841 Executing VM operation: HandshakeAllThreads done
Event: 5.907 Executing VM operation: HandshakeAllThreads
Event: 5.907 Executing VM operation: HandshakeAllThreads done
Event: 5.978 Executing VM operation: G1CollectForAllocation
Event: 5.983 Executing VM operation: G1CollectForAllocation done
Event: 6.083 Executing VM operation: G1TryInitiateConcMark
Event: 6.086 Executing VM operation: G1TryInitiateConcMark done
Event: 6.219 Executing VM operation: HandshakeAllThreads
Event: 6.219 Executing VM operation: HandshakeAllThreads done
Event: 6.223 Executing VM operation: HandshakeAllThreads
Event: 6.223 Executing VM operation: HandshakeAllThreads done
Event: 6.343 Executing VM operation: HandshakeAllThreads
Event: 6.343 Executing VM operation: HandshakeAllThreads done
Event: 6.367 Executing VM operation: HandshakeAllThreads
Event: 6.367 Executing VM operation: HandshakeAllThreads done
Event: 6.368 Executing VM operation: HandshakeAllThreads
Event: 6.368 Executing VM operation: HandshakeAllThreads done

Events (20 events):
Event: 6.155 loading class com/sun/beans/finder/FinderUtils
Event: 6.155 loading class com/sun/beans/finder/FinderUtils done
Event: 6.185 loading class sun/nio/fs/WindowsException
Event: 6.185 loading class sun/nio/fs/WindowsException done
Event: 6.196 loading class java/nio/charset/UnsupportedCharsetException
Event: 6.196 loading class java/nio/charset/UnsupportedCharsetException done
Event: 6.199 loading class java/util/zip/Deflater
Event: 6.199 loading class java/util/zip/Deflater done
Event: 6.200 loading class java/util/zip/Deflater$DeflaterZStreamRef
Event: 6.200 loading class java/util/zip/Deflater$DeflaterZStreamRef done
Event: 6.205 loading class java/nio/channels/Channels
Event: 6.205 loading class java/nio/channels/Channels done
Event: 6.205 loading class sun/nio/ch/ChannelInputStream
Event: 6.205 loading class sun/nio/ch/ChannelInputStream done
Event: 6.222 loading class java/nio/StringCharBuffer
Event: 6.222 loading class java/nio/StringCharBuffer done
Event: 6.245 loading class java/nio/file/StandardCopyOption
Event: 6.245 loading class java/nio/file/StandardCopyOption done
Event: 6.245 loading class sun/nio/fs/WindowsFileCopy
Event: 6.246 loading class sun/nio/fs/WindowsFileCopy done


Dynamic libraries:
0x00007ff7d0a00000 - 0x00007ff7d0a0a000 	C:\Program Files\Android\Android Studio\jbr\bin\java.exe
0x00007ff8a83b0000 - 0x00007ff8a85a8000 	C:\WINDOWS\SYSTEM32\ntdll.dll
0x00007ff8a64a0000 - 0x00007ff8a655d000 	C:\WINDOWS\System32\KERNEL32.DLL
0x00007ff8a5bb0000 - 0x00007ff8a5ea6000 	C:\WINDOWS\System32\KERNELBASE.dll
0x00007ff8a6140000 - 0x00007ff8a6240000 	C:\WINDOWS\System32\ucrtbase.dll
0x00007ff8a2e40000 - 0x00007ff8a2e5b000 	C:\Program Files\Android\Android Studio\jbr\bin\VCRUNTIME140.dll
0x00007ff891f70000 - 0x00007ff891f87000 	C:\Program Files\Android\Android Studio\jbr\bin\jli.dll
0x00007ff8a6bc0000 - 0x00007ff8a6d5e000 	C:\WINDOWS\System32\USER32.dll
0x00007ff8989a0000 - 0x00007ff898c3a000 	C:\WINDOWS\WinSxS\amd64_microsoft.windows.common-controls_6595b64144ccf1df_6.0.19041.1110_none_60b5254171f9507e\COMCTL32.dll
0x00007ff8a5f40000 - 0x00007ff8a5f62000 	C:\WINDOWS\System32\win32u.dll
0x00007ff8a6610000 - 0x00007ff8a663c000 	C:\WINDOWS\System32\GDI32.dll
0x00007ff8a71d0000 - 0x00007ff8a726e000 	C:\WINDOWS\System32\msvcrt.dll
0x00007ff8a5a90000 - 0x00007ff8a5baa000 	C:\WINDOWS\System32\gdi32full.dll
0x00007ff8a6270000 - 0x00007ff8a630d000 	C:\WINDOWS\System32\msvcp_win.dll
0x00007ff8a6470000 - 0x00007ff8a64a0000 	C:\WINDOWS\System32\IMM32.DLL
0x00007ff8a3a00000 - 0x00007ff8a3a0c000 	C:\Program Files\Android\Android Studio\jbr\bin\vcruntime140_1.dll
0x00007ff89ae50000 - 0x00007ff89aedd000 	C:\Program Files\Android\Android Studio\jbr\bin\msvcp140.dll
0x00007ff85cdb0000 - 0x00007ff85da1e000 	C:\Program Files\Android\Android Studio\jbr\bin\server\jvm.dll
0x00007ff8a6560000 - 0x00007ff8a660e000 	C:\WINDOWS\System32\ADVAPI32.dll
0x00007ff8a7b20000 - 0x00007ff8a7bbc000 	C:\WINDOWS\System32\sechost.dll
0x00007ff8a6760000 - 0x00007ff8a6886000 	C:\WINDOWS\System32\RPCRT4.dll
0x00007ff89b460000 - 0x00007ff89b469000 	C:\WINDOWS\SYSTEM32\WSOCK32.dll
0x00007ff8a72d0000 - 0x00007ff8a733b000 	C:\WINDOWS\System32\WS2_32.dll
0x00007ff89a210000 - 0x00007ff89a237000 	C:\WINDOWS\SYSTEM32\WINMM.dll
0x00007ff8a3a20000 - 0x00007ff8a3a2a000 	C:\WINDOWS\SYSTEM32\VERSION.dll
0x00007ff8a42d0000 - 0x00007ff8a42e2000 	C:\WINDOWS\SYSTEM32\kernel.appcore.dll
0x00007ff89b450000 - 0x00007ff89b45a000 	C:\Program Files\Android\Android Studio\jbr\bin\jimage.dll
0x00007ff895190000 - 0x00007ff895374000 	C:\WINDOWS\SYSTEM32\DBGHELP.DLL
0x00007ff895100000 - 0x00007ff895134000 	C:\WINDOWS\SYSTEM32\dbgcore.DLL
0x00007ff8a5eb0000 - 0x00007ff8a5f32000 	C:\WINDOWS\System32\bcryptPrimitives.dll
0x00007ff899130000 - 0x00007ff899155000 	C:\Program Files\Android\Android Studio\jbr\bin\java.dll
0x00007ff89b430000 - 0x00007ff89b448000 	C:\Program Files\Android\Android Studio\jbr\bin\zip.dll
0x00007ff8a7360000 - 0x00007ff8a7aa5000 	C:\WINDOWS\System32\SHELL32.dll
0x00007ff8a3b20000 - 0x00007ff8a42bb000 	C:\WINDOWS\SYSTEM32\windows.storage.dll
0x00007ff8a8010000 - 0x00007ff8a8364000 	C:\WINDOWS\System32\combase.dll
0x00007ff8a5400000 - 0x00007ff8a542e000 	C:\WINDOWS\SYSTEM32\Wldp.dll
0x00007ff8a7c90000 - 0x00007ff8a7d3d000 	C:\WINDOWS\System32\SHCORE.dll
0x00007ff8a7270000 - 0x00007ff8a72c5000 	C:\WINDOWS\System32\shlwapi.dll
0x00007ff8a59c0000 - 0x00007ff8a59e5000 	C:\WINDOWS\SYSTEM32\profapi.dll
0x00007ff89b080000 - 0x00007ff89b099000 	C:\Program Files\Android\Android Studio\jbr\bin\net.dll
0x00007ff89e8d0000 - 0x00007ff89e9da000 	C:\WINDOWS\SYSTEM32\WINHTTP.dll
0x00007ff8a5160000 - 0x00007ff8a51ca000 	C:\WINDOWS\system32\mswsock.dll
0x00007ff892fa0000 - 0x00007ff892fb6000 	C:\Program Files\Android\Android Studio\jbr\bin\nio.dll
0x00007ff898ce0000 - 0x00007ff898cf0000 	C:\Program Files\Android\Android Studio\jbr\bin\verify.dll
0x00007ff89aee0000 - 0x00007ff89af07000 	C:\Users\Sir\.gradle\native\68d5fa5c4cc2d200863cafc0d521ce42e7d3e7ee720ec0a83991735586a16f82\windows-amd64\native-platform.dll
0x00007ff89b110000 - 0x00007ff89b254000 	C:\Users\Sir\.gradle\native\e376f236ea51e6404a007f0833ffe2c6e607c4080706a723a18a27aeea778392\windows-amd64\native-platform-file-events.dll
0x00007ff898150000 - 0x00007ff898159000 	C:\Program Files\Android\Android Studio\jbr\bin\management.dll
0x00007ff892130000 - 0x00007ff89213b000 	C:\Program Files\Android\Android Studio\jbr\bin\management_ext.dll
0x00007ff8a7ed0000 - 0x00007ff8a7ed8000 	C:\WINDOWS\System32\PSAPI.DLL
0x00007ff8a5360000 - 0x00007ff8a5378000 	C:\WINDOWS\SYSTEM32\CRYPTSP.dll
0x00007ff8a4a70000 - 0x00007ff8a4aa4000 	C:\WINDOWS\system32\rsaenh.dll
0x00007ff8a6240000 - 0x00007ff8a6267000 	C:\WINDOWS\System32\bcrypt.dll
0x00007ff8a5940000 - 0x00007ff8a596e000 	C:\WINDOWS\SYSTEM32\USERENV.dll
0x00007ff8a5350000 - 0x00007ff8a535c000 	C:\WINDOWS\SYSTEM32\CRYPTBASE.dll
0x00007ff8a4e50000 - 0x00007ff8a4e8b000 	C:\WINDOWS\SYSTEM32\IPHLPAPI.DLL
0x00007ff8a7b10000 - 0x00007ff8a7b18000 	C:\WINDOWS\System32\NSI.dll
0x00007ff89f090000 - 0x00007ff89f0a7000 	C:\WINDOWS\SYSTEM32\dhcpcsvc6.DLL
0x00007ff89efb0000 - 0x00007ff89efcd000 	C:\WINDOWS\SYSTEM32\dhcpcsvc.DLL
0x00007ff8a4e90000 - 0x00007ff8a4f5a000 	C:\WINDOWS\SYSTEM32\DNSAPI.dll
0x00007ff892110000 - 0x00007ff892117000 	C:\WINDOWS\system32\wshunix.dll

dbghelp: loaded successfully - version: 4.0.5 - missing functions: none
symbol engine: initialized successfully - sym options: 0x614 - pdb path: .;C:\Program Files\Android\Android Studio\jbr\bin;C:\WINDOWS\SYSTEM32;C:\WINDOWS\WinSxS\amd64_microsoft.windows.common-controls_6595b64144ccf1df_6.0.19041.1110_none_60b5254171f9507e;C:\Program Files\Android\Android Studio\jbr\bin\server;C:\Users\Sir\.gradle\native\68d5fa5c4cc2d200863cafc0d521ce42e7d3e7ee720ec0a83991735586a16f82\windows-amd64;C:\Users\Sir\.gradle\native\e376f236ea51e6404a007f0833ffe2c6e607c4080706a723a18a27aeea778392\windows-amd64

VM Arguments:
jvm_args: --add-opens=java.base/java.util=ALL-UNNAMED --add-opens=java.base/java.lang=ALL-UNNAMED --add-opens=java.base/java.lang.invoke=ALL-UNNAMED --add-opens=java.prefs/java.util.prefs=ALL-UNNAMED --add-opens=java.base/java.nio.charset=ALL-UNNAMED --add-opens=java.base/java.net=ALL-UNNAMED --add-opens=java.base/java.util.concurrent.atomic=ALL-UNNAMED -Xmx2048m -Dfile.encoding=UTF-8 -Duser.country=US -Duser.language=en -Duser.variant 
java_command: org.gradle.launcher.daemon.bootstrap.GradleDaemon 8.0
java_class_path (initial): C:\Users\Sir\.gradle\wrapper\dists\gradle-8.0-bin\ca5e32bp14vu59qr306oxotwh\gradle-8.0\lib\gradle-launcher-8.0.jar
Launcher Type: SUN_STANDARD

[Global flags]
     intx CICompilerCount                          = 3                                         {product} {ergonomic}
     uint ConcGCThreads                            = 1                                         {product} {ergonomic}
     uint G1ConcRefinementThreads                  = 4                                         {product} {ergonomic}
   size_t G1HeapRegionSize                         = 1048576                                   {product} {ergonomic}
    uintx GCDrainStackTargetSize                   = 64                                        {product} {ergonomic}
   size_t InitialHeapSize                          = 134217728                                 {product} {ergonomic}
   size_t MarkStackSize                            = 4194304                                   {product} {ergonomic}
   size_t MaxHeapSize                              = 2147483648                                {product} {command line}
   size_t MaxNewSize                               = 1287651328                                {product} {ergonomic}
   size_t MinHeapDeltaBytes                        = 1048576                                   {product} {ergonomic}
   size_t MinHeapSize                              = 8388608                                   {product} {ergonomic}
    uintx NonNMethodCodeHeapSize                   = 5832780                                {pd product} {ergonomic}
    uintx NonProfiledCodeHeapSize                  = 122912730                              {pd product} {ergonomic}
    uintx ProfiledCodeHeapSize                     = 122912730                              {pd product} {ergonomic}
    uintx ReservedCodeCacheSize                    = 251658240                              {pd product} {ergonomic}
     bool SegmentedCodeCache                       = true                                      {product} {ergonomic}
   size_t SoftMaxHeapSize                          = 2147483648                             {manageable} {ergonomic}
     bool UseCompressedClassPointers               = true                           {product lp64_product} {ergonomic}
     bool UseCompressedOops                        = true                           {product lp64_product} {ergonomic}
     bool UseG1GC                                  = true                                      {product} {ergonomic}
     bool UseLargePagesIndividualAllocation        = false                                  {pd product} {ergonomic}

Logging:
Log output configuration:
 #0: stdout all=warning uptime,level,tags
 #1: stderr all=off uptime,level,tags

Environment Variables:
JAVA_HOME=C:\Program Files\Java\jdk-19
PATH=C:\Program Files\Common Files\Oracle\Java\javapath;C:\WINDOWS\system32;C:\WINDOWS;C:\WINDOWS\System32\Wbem;C:\WINDOWS\System32\WindowsPowerShell\v1.0\;C:\WINDOWS\System32\OpenSSH\;C:\Program Files\Java\jdk-17.0.2\bin;D:\Parth\jadx-1.4.4\bin;C:\Program Files\Git\cmd;C:\Program Files\Java\jdk-19\bin;C:\Users\Sir\AppData\Local\Microsoft\WindowsApps
USERNAME=Sir
OS=Windows_NT
PROCESSOR_IDENTIFIER=Intel64 Family 6 Model 58 Stepping 9, GenuineIntel
TMP=C:\Users\Sir\AppData\Local\Temp
TEMP=C:\Users\Sir\AppData\Local\Temp


JNI global refs:
JNI global refs: 24, weak refs: 0

JNI global refs memory usage: 843, weak refs: 841


---------------  S Y S T E M  ---------------

OS:
 Windows 10 , 64 bit Build 19041 (10.0.19041.3393)
OS uptime: 6 days 2:39 hours

CPU: total 4 (initial active 4) (4 cores per cpu, 1 threads per core) family 6 model 58 stepping 9 microcode 0x21, cx8, cmov, fxsr, mmx, sse, sse2, sse3, ssse3, sse4.1, sse4.2, popcnt, tsc, tscinvbit, avx, aes, erms, clmul, vzeroupper, clflush

Memory: 4k page, system-wide physical 8065M (825M free)
TotalPageFile size 12161M (AvailPageFile size 5M)
current process WorkingSet (physical memory assigned to process): 253M, peak: 253M
current process commit charge ("private bytes"): 309M, peak: 309M

vm_info: OpenJDK 64-Bit Server VM (17.0.6+0-b2043.56-10027231) for windows-amd64 JRE (17.0.6+0-b2043.56-10027231), built on Apr 28 2023 00:43:19 by "androidbuild" with MS VC++ 16.10 / 16.11 (VS2019)

END.
